#
# There is insufficient memory for the Java Runtime Environment to continue.
# Native memory allocation (malloc) failed to allocate 3823696 bytes for Chunk::new
# Possible reasons:
#   The system is out of physical RAM or swap space
#   The process is running with CompressedOops enabled, and the Java Heap may be blocking the growth of the native heap
# Possible solutions:
#   Reduce memory load on the system
#   Increase physical memory or swap space
#   Check if swap backing store is full
#   Decrease Java heap size (-Xmx/-Xms)
#   Decrease number of Java threads
#   Decrease Java thread stack sizes (-Xss)
#   Set larger code cache with -XX:ReservedCodeCacheSize=
#   JVM is running with Unscaled Compressed Oops mode in which the Java heap is
#     placed in the first 4GB address space. The Java Heap base address is the
#     maximum limit for the native heap growth. Please use -XX:HeapBaseMinAddress
#     to set the Java Heap base and to place the Java Heap above 4GB virtual address.
# This output file may be truncated or incomplete.
#
#  Out of Memory Error (./src/hotspot/share/memory/arena.cpp:197), pid=6424, tid=6072
#
# JRE version: OpenJDK Runtime Environment (11.0.10) (build 11.0.10+0-b96-7249189)
# Java VM: OpenJDK 64-Bit Server VM (11.0.10+0-b96-7249189, mixed mode, tiered, compressed oops, g1 gc, windows-amd64)
# No core dump will be written. Minidumps are not enabled by default on client versions of Windows
#

---------------  S U M M A R Y ------------

Command Line: --add-opens=java.base/java.util=ALL-UNNAMED --add-opens=java.base/java.lang=ALL-UNNAMED --add-opens=java.base/java.lang.invoke=ALL-UNNAMED --add-opens=java.base/java.util=ALL-UNNAMED --add-opens=java.prefs/java.util.prefs=ALL-UNNAMED --add-opens=java.prefs/java.util.prefs=ALL-UNNAMED --add-opens=java.base/java.nio.charset=ALL-UNNAMED --add-opens=java.base/java.net=ALL-UNNAMED --add-opens=java.base/java.util.concurrent.atomic=ALL-UNNAMED -Xmx2048m -Dfile.encoding=UTF-8 -Duser.country=BR -Duser.language=pt -Duser.variant org.gradle.launcher.daemon.bootstrap.GradleDaemon 7.0.2

Host: Intel(R) Core(TM) i5-6200U CPU @ 2.30GHz, 4 cores, 7G,  Windows 10 , 64 bit Build 19041 (10.0.19041.1348)
Time: Sun Dec  5 18:04:33 2021 Hora oficial do Brasil elapsed time: 2677.720476 seconds (0d 0h 44m 37s)

---------------  T H R E A D  ---------------

Current thread (0x00000197dd04b800):  JavaThread "C2 CompilerThread0" daemon [_thread_in_native, id=6072, stack(0x0000006d64b00000,0x0000006d64c00000)]


Current CompileTask:
C2:2677720 25848 %     4       com.android.tools.r8.internal.U6::a @ 3180 (4191 bytes)

Stack: [0x0000006d64b00000,0x0000006d64c00000]
Native frames: (J=compiled Java code, j=interpreted, Vv=VM code, C=native code)
V  [jvm.dll+0x5ecfaa]
V  [jvm.dll+0x722bd5]
V  [jvm.dll+0x72412d]
V  [jvm.dll+0x7247e3]
V  [jvm.dll+0x242928]
V  [jvm.dll+0xbc4fc]
V  [jvm.dll+0xbca0c]
V  [jvm.dll+0x352d7d]
V  [jvm.dll+0x19800c]
V  [jvm.dll+0x1fb70e]
V  [jvm.dll+0x1fa7f4]
V  [jvm.dll+0x18354c]
V  [jvm.dll+0x208ee7]
V  [jvm.dll+0x207731]
V  [jvm.dll+0x6eb1cf]
V  [jvm.dll+0x6e3d45]
V  [jvm.dll+0x5ebe96]
C  [ucrtbase.dll+0x21bb2]
C  [KERNEL32.DLL+0x17034]
C  [ntdll.dll+0x52651]


---------------  P R O C E S S  ---------------

Threads class SMR info:
_java_thread_list=0x00000197e9f5a230, length=65, elements={
0x00000197c2cac000, 0x00000197dd01e800, 0x00000197dd02a000, 0x00000197dd03a000,
0x00000197dd03b000, 0x00000197dd03d000, 0x00000197dd04b800, 0x00000197dd04c800,
0x00000197dd052800, 0x00000197ddb00800, 0x00000197df32d000, 0x00000197def57800,
0x00000197df4a4800, 0x00000197e06d3800, 0x00000197e06d4800, 0x00000197e06d5000,
0x00000197e06d8800, 0x00000197e06d7000, 0x00000197dfb4f800, 0x00000197dfb53000,
0x00000197dfb52000, 0x00000197dfb51800, 0x00000197dfb5b000, 0x00000197def06800,
0x00000197def07800, 0x00000197e743d000, 0x00000197e7445000, 0x00000197e7448800,
0x00000197e7446000, 0x00000197e7443800, 0x00000197e51a7000, 0x00000197def03800,
0x00000197def05000, 0x00000197def09000, 0x00000197def0a000, 0x00000197def04000,
0x00000197def0a800, 0x00000197def05800, 0x00000197def0c800, 0x00000197def0e800,
0x00000197def0f800, 0x00000197e51a8000, 0x00000197e51a9800, 0x00000197e51a4000,
0x00000197e51a8800, 0x00000197e51a4800, 0x00000197e51ab000, 0x00000197e51a5800,
0x00000197e51ac000, 0x00000197e51a6000, 0x00000197e51b0000, 0x00000197e51b1000,
0x00000197e51ac800, 0x00000197e51b2800, 0x00000197e51ad800, 0x00000197e51ae800,
0x00000197e51af000, 0x00000197e51b1800, 0x00000197e743c000, 0x00000197e743a800,
0x00000197e743f800, 0x00000197e7440000, 0x00000197e7446800, 0x00000197e743b800,
0x00000197e7441000
}

Java Threads: ( => current thread )
  0x00000197c2cac000 JavaThread "main" [_thread_blocked, id=7008, stack(0x0000006d63f00000,0x0000006d64000000)]
  0x00000197dd01e800 JavaThread "Reference Handler" daemon [_thread_blocked, id=8456, stack(0x0000006d64600000,0x0000006d64700000)]
  0x00000197dd02a000 JavaThread "Finalizer" daemon [_thread_blocked, id=4376, stack(0x0000006d64700000,0x0000006d64800000)]
  0x00000197dd03a000 JavaThread "Signal Dispatcher" daemon [_thread_blocked, id=9028, stack(0x0000006d64800000,0x0000006d64900000)]
  0x00000197dd03b000 JavaThread "Attach Listener" daemon [_thread_blocked, id=7236, stack(0x0000006d64900000,0x0000006d64a00000)]
  0x00000197dd03d000 JavaThread "Service Thread" daemon [_thread_blocked, id=1876, stack(0x0000006d64a00000,0x0000006d64b00000)]
=>0x00000197dd04b800 JavaThread "C2 CompilerThread0" daemon [_thread_in_native, id=6072, stack(0x0000006d64b00000,0x0000006d64c00000)]
  0x00000197dd04c800 JavaThread "C1 CompilerThread0" daemon [_thread_blocked, id=8032, stack(0x0000006d64c00000,0x0000006d64d00000)]
  0x00000197dd052800 JavaThread "Sweeper thread" daemon [_thread_blocked, id=3600, stack(0x0000006d64d00000,0x0000006d64e00000)]
  0x00000197ddb00800 JavaThread "Common-Cleaner" daemon [_thread_blocked, id=7512, stack(0x0000006d64e00000,0x0000006d64f00000)]
  0x00000197df32d000 JavaThread "Daemon health stats" [_thread_blocked, id=852, stack(0x0000006d65300000,0x0000006d65400000)]
  0x00000197def57800 JavaThread "Incoming local TCP Connector on port 52145" [_thread_in_native, id=3360, stack(0x0000006d65000000,0x0000006d65100000)]
  0x00000197df4a4800 JavaThread "Daemon periodic checks" [_thread_blocked, id=7460, stack(0x0000006d65400000,0x0000006d65500000)]
  0x00000197e06d3800 JavaThread "Cache worker for file hash cache (C:\Users\usuario\.gradle\caches\7.0.2\fileHashes)" [_thread_blocked, id=8392, stack(0x0000006d65d00000,0x0000006d65e00000)]
  0x00000197e06d4800 JavaThread "File lock request listener" [_thread_in_native, id=7212, stack(0x0000006d65e00000,0x0000006d65f00000)]
  0x00000197e06d5000 JavaThread "Cache worker for journal cache (C:\Users\usuario\.gradle\caches\journal-1)" [_thread_blocked, id=5376, stack(0x0000006d65f00000,0x0000006d66000000)]
  0x00000197e06d8800 JavaThread "File watcher server" daemon [_thread_in_native, id=8940, stack(0x0000006d66200000,0x0000006d66300000)]
  0x00000197e06d7000 JavaThread "File watcher consumer" daemon [_thread_blocked, id=6492, stack(0x0000006d66300000,0x0000006d66400000)]
  0x00000197dfb4f800 JavaThread "Cache worker for execution history cache (C:\Users\usuario\.gradle\caches\7.0.2\executionHistory)" [_thread_blocked, id=7136, stack(0x0000006d66600000,0x0000006d66700000)]
  0x00000197dfb53000 JavaThread "jar transforms" [_thread_blocked, id=6976, stack(0x0000006d66800000,0x0000006d66900000)]
  0x00000197dfb52000 JavaThread "jar transforms Thread 2" [_thread_blocked, id=5576, stack(0x0000006d66900000,0x0000006d66a00000)]
  0x00000197dfb51800 JavaThread "Cache worker for file content cache (C:\Users\usuario\.gradle\caches\7.0.2\fileContent)" [_thread_blocked, id=1084, stack(0x0000006d66a00000,0x0000006d66b00000)]
  0x00000197dfb5b000 JavaThread "jar transforms Thread 3" [_thread_blocked, id=9044, stack(0x0000006d66c00000,0x0000006d66d00000)]
  0x00000197def06800 JavaThread "jar transforms Thread 4" [_thread_blocked, id=9732, stack(0x0000006d67200000,0x0000006d67300000)]
  0x00000197def07800 JavaThread "Memory manager" [_thread_blocked, id=4968, stack(0x0000006d67300000,0x0000006d67400000)]
  0x00000197e743d000 JavaThread "RMI Scheduler(0)" daemon [_thread_blocked, id=844, stack(0x0000006d65a00000,0x0000006d65b00000)]
  0x00000197e7445000 JavaThread "RMI GC Daemon" daemon [_thread_blocked, id=8076, stack(0x0000006d67c00000,0x0000006d67d00000)]
  0x00000197e7448800 JavaThread "RMI TCP Accept-0" daemon [_thread_in_native, id=8540, stack(0x0000006d67d00000,0x0000006d67e00000)]
  0x00000197e7446000 JavaThread "RMI Reaper" [_thread_blocked, id=1548, stack(0x0000006d67e00000,0x0000006d67f00000)]
  0x00000197e7443800 JavaThread "Cache worker for Java compile cache (C:\Users\usuario\.gradle\caches\7.0.2\javaCompile)" [_thread_blocked, id=1540, stack(0x0000006d67f00000,0x0000006d68000000)]
  0x00000197e51a7000 JavaThread "ForkJoinPool.commonPool-worker-7" daemon [_thread_blocked, id=8208, stack(0x0000006d68700000,0x0000006d68800000)]
  0x00000197def03800 JavaThread "Daemon Thread 4" [_thread_blocked, id=6664, stack(0x0000006d63c00000,0x0000006d63d00000)]
  0x00000197def05000 JavaThread "Handler for socket connection from /127.0.0.1:52145 to /127.0.0.1:52799" [_thread_in_native, id=4984, stack(0x0000006d63d00000,0x0000006d63e00000)]
  0x00000197def09000 JavaThread "Cancel handler" [_thread_blocked, id=3664, stack(0x0000006d63e00000,0x0000006d63f00000)]
  0x00000197def0a000 JavaThread "Daemon worker Thread 4" [_thread_blocked, id=6668, stack(0x0000006d65500000,0x0000006d65600000)]
  0x00000197def04000 JavaThread "Asynchronous log dispatcher for DefaultDaemonConnection: socket connection from /127.0.0.1:52145 to /127.0.0.1:52799" [_thread_blocked, id=3220, stack(0x0000006d65600000,0x0000006d65700000)]
  0x00000197def0a800 JavaThread "Stdin handler" [_thread_blocked, id=888, stack(0x0000006d65700000,0x0000006d65800000)]
  0x00000197def05800 JavaThread "Daemon client event forwarder" [_thread_blocked, id=2064, stack(0x0000006d65800000,0x0000006d65900000)]
  0x00000197def0c800 JavaThread "Cache worker for file hash cache (C:\Users\usuario\Desktop\TCCFINALPRONTINHO\GreenNotes\.gradle\7.0.2\fileHashes)" [_thread_blocked, id=10080, stack(0x0000006d65900000,0x0000006d65a00000)]
  0x00000197def0e800 JavaThread "Cache worker for checksums cache (C:\Users\usuario\Desktop\TCCFINALPRONTINHO\GreenNotes\.gradle\checksums)" [_thread_blocked, id=8424, stack(0x0000006d65b00000,0x0000006d65c00000)]
  0x00000197def0f800 JavaThread "Cache worker for cache directory md-supplier (C:\Users\usuario\.gradle\caches\7.0.2\md-supplier)" [_thread_blocked, id=4540, stack(0x0000006d66000000,0x0000006d66100000)]
  0x00000197e51a8000 JavaThread "Cache worker for cache directory md-rule (C:\Users\usuario\.gradle\caches\7.0.2\md-rule)" [_thread_blocked, id=8792, stack(0x0000006d66100000,0x0000006d66200000)]
  0x00000197e51a9800 JavaThread "Cache worker for dependencies-accessors (C:\Users\usuario\Desktop\TCCFINALPRONTINHO\GreenNotes\.gradle\7.0.2\dependencies-accessors)" [_thread_blocked, id=2792, stack(0x0000006d66400000,0x0000006d66500000)]
  0x00000197e51a4000 JavaThread "Cache worker for Build Output Cleanup Cache (C:\Users\usuario\Desktop\TCCFINALPRONTINHO\GreenNotes\.gradle\buildOutputCleanup)" [_thread_blocked, id=10044, stack(0x0000006d66500000,0x0000006d66600000)]
  0x00000197e51a8800 JavaThread "Build operations" [_thread_blocked, id=7852, stack(0x0000006d66700000,0x0000006d66800000)]
  0x00000197e51a4800 JavaThread "Build operations Thread 2" [_thread_blocked, id=9084, stack(0x0000006d66b00000,0x0000006d66c00000)]
  0x00000197e51ab000 JavaThread "Build operations Thread 3" [_thread_blocked, id=7640, stack(0x0000006d66d00000,0x0000006d66e00000)]
  0x00000197e51a5800 JavaThread "Build operations Thread 4" [_thread_blocked, id=8340, stack(0x0000006d66e00000,0x0000006d66f00000)]
  0x00000197e51ac000 JavaThread "build event listener" [_thread_blocked, id=832, stack(0x0000006d67000000,0x0000006d67100000)]
  0x00000197e51a6000 JavaThread "Execution worker for ':'" [_thread_blocked, id=9584, stack(0x0000006d67100000,0x0000006d67200000)]
  0x00000197e51b0000 JavaThread "Execution worker for ':' Thread 2" [_thread_blocked, id=272, stack(0x0000006d67400000,0x0000006d67500000)]
  0x00000197e51b1000 JavaThread "Execution worker for ':' Thread 3" [_thread_blocked, id=3764, stack(0x0000006d67500000,0x0000006d67600000)]
  0x00000197e51ac800 JavaThread "Cache worker for execution history cache (C:\Users\usuario\Desktop\TCCFINALPRONTINHO\GreenNotes\.gradle\7.0.2\executionHistory)" [_thread_blocked, id=10128, stack(0x0000006d67600000,0x0000006d67700000)]
  0x00000197e51b2800 JavaThread "WorkerExecutor Queue" [_thread_in_native, id=5512, stack(0x0000006d67700000,0x0000006d67800000)]
  0x00000197e51ad800 JavaThread "WorkerExecutor Queue Thread 2" [_thread_blocked, id=1068, stack(0x0000006d67800000,0x0000006d67900000)]
  0x00000197e51ae800 JavaThread "WorkerExecutor Queue Thread 3" [_thread_blocked, id=8520, stack(0x0000006d67900000,0x0000006d67a00000)]
  0x00000197e51af000 JavaThread "WorkerExecutor Queue Thread 4" [_thread_blocked, id=3860, stack(0x0000006d67a00000,0x0000006d67b00000)]
  0x00000197e51b1800 JavaThread "pool-13-thread-1" [_thread_blocked, id=5800, stack(0x0000006d67b00000,0x0000006d67c00000)]
  0x00000197e743c000 JavaThread "stderr" [_thread_in_native, id=3032, stack(0x0000006d68000000,0x0000006d68100000)]
  0x00000197e743a800 JavaThread "stdout" [_thread_in_native, id=8380, stack(0x0000006d68100000,0x0000006d68200000)]
  0x00000197e743f800 JavaThread "RMI TCP Connection(19)-127.0.0.1" daemon [_thread_in_native, id=8740, stack(0x0000006d68200000,0x0000006d68300000)]
  0x00000197e7440000 JavaThread "RMI TCP Connection(idle)" daemon [_thread_blocked, id=8168, stack(0x0000006d68300000,0x0000006d68400000)]
  0x00000197e7446800 JavaThread "RMI TCP Connection(18)-127.0.0.1" daemon [_thread_in_native, id=5816, stack(0x0000006d68500000,0x0000006d68600000)]
  0x00000197e743b800 JavaThread "Cache worker for Java compile cache (C:\Users\usuario\Desktop\TCCFINALPRONTINHO\GreenNotes\.gradle\7.0.2\javaCompile)" [_thread_blocked, id=6456, stack(0x0000006d66f00000,0x0000006d67000000)]
  0x00000197e7441000 JavaThread "WorkerExecutor Queue Thread 5" [_thread_in_Java, id=10160, stack(0x0000006d68400000,0x0000006d68500000)]

Other Threads:
  0x00000197dd01a800 VMThread "VM Thread" [stack: 0x0000006d64500000,0x0000006d64600000] [id=8360]
  0x00000197ddb13800 WatcherThread [stack: 0x0000006d64f00000,0x0000006d65000000] [id=6540]
  0x00000197c2cc5800 GCTaskThread "GC Thread#0" [stack: 0x0000006d64000000,0x0000006d64100000] [id=8508]
  0x00000197de5d1000 GCTaskThread "GC Thread#1" [stack: 0x0000006d65100000,0x0000006d65200000] [id=7200]
  0x00000197de601800 GCTaskThread "GC Thread#2" [stack: 0x0000006d65200000,0x0000006d65300000] [id=3472]
  0x00000197e070c000 GCTaskThread "GC Thread#3" [stack: 0x0000006d65c00000,0x0000006d65d00000] [id=1168]
  0x00000197c2cf7000 ConcurrentGCThread "G1 Main Marker" [stack: 0x0000006d64100000,0x0000006d64200000] [id=5332]
  0x00000197c2cf8800 ConcurrentGCThread "G1 Conc#0" [stack: 0x0000006d64200000,0x0000006d64300000] [id=8652]
  0x00000197c2d8a000 ConcurrentGCThread "G1 Refine#0" [stack: 0x0000006d64300000,0x0000006d64400000] [id=7712]
  0x00000197c2d8b000 ConcurrentGCThread "G1 Young RemSet Sampling" [stack: 0x0000006d64400000,0x0000006d64500000] [id=9776]

Threads with active compile tasks:
C2 CompilerThread02677785 25848 %     4       com.android.tools.r8.internal.U6::a @ 3180 (4191 bytes)

VM state:not at safepoint (normal execution)

VM Mutex/Monitor currently owned by a thread: None

Heap address: 0x0000000080000000, size: 2048 MB, Compressed Oops mode: 32-bit
Narrow klass base: 0x0000000000000000, Narrow klass shift: 3
Compressed class space size: 1073741824 Address: 0x0000000100000000

Heap:
 garbage-first heap   total 273408K, used 180182K [0x0000000080000000, 0x0000000100000000)
  region size 1024K, 48 young (49152K), 2 survivors (2048K)
 Metaspace       used 138615K, capacity 142461K, committed 144640K, reserved 1175552K
  class space    used 16824K, capacity 18187K, committed 18432K, reserved 1048576K
Heap Regions: E=young(eden), S=young(survivor), O=old, HS=humongous(starts), HC=humongous(continues), CS=collection set, F=free, A=archive, TAMS=top-at-mark-start (previous, next)
|   0|0x0000000080000000, 0x0000000080100000, 0x0000000080100000|100%| O|  |TAMS 0x0000000080100000, 0x0000000080000000| Untracked 
|   1|0x0000000080100000, 0x0000000080200000, 0x0000000080200000|100%| O|  |TAMS 0x0000000080200000, 0x0000000080100000| Untracked 
|   2|0x0000000080200000, 0x0000000080300000, 0x0000000080300000|100%| O|  |TAMS 0x0000000080300000, 0x0000000080200000| Untracked 
|   3|0x0000000080300000, 0x0000000080400000, 0x0000000080400000|100%|HS|  |TAMS 0x0000000080400000, 0x0000000080300000| Complete 
|   4|0x0000000080400000, 0x0000000080500000, 0x0000000080500000|100%|HC|  |TAMS 0x0000000080500000, 0x0000000080400000| Complete 
|   5|0x0000000080500000, 0x0000000080600000, 0x0000000080600000|100%|HC|  |TAMS 0x0000000080600000, 0x0000000080500000| Complete 
|   6|0x0000000080600000, 0x0000000080700000, 0x0000000080700000|100%| O|  |TAMS 0x0000000080700000, 0x0000000080600000| Untracked 
|   7|0x0000000080700000, 0x0000000080800000, 0x0000000080800000|100%| O|  |TAMS 0x0000000080800000, 0x0000000080700000| Untracked 
|   8|0x0000000080800000, 0x0000000080900000, 0x0000000080900000|100%| O|  |TAMS 0x0000000080900000, 0x0000000080800000| Untracked 
|   9|0x0000000080900000, 0x0000000080a00000, 0x0000000080a00000|100%| O|  |TAMS 0x0000000080a00000, 0x0000000080900000| Untracked 
|  10|0x0000000080a00000, 0x0000000080b00000, 0x0000000080b00000|100%| O|  |TAMS 0x0000000080b00000, 0x0000000080a00000| Untracked 
|  11|0x0000000080b00000, 0x0000000080c00000, 0x0000000080c00000|100%| O|  |TAMS 0x0000000080c00000, 0x0000000080b00000| Untracked 
|  12|0x0000000080c00000, 0x0000000080d00000, 0x0000000080d00000|100%| O|  |TAMS 0x0000000080d00000, 0x0000000080c00000| Untracked 
|  13|0x0000000080d00000, 0x0000000080e00000, 0x0000000080e00000|100%| O|  |TAMS 0x0000000080e00000, 0x0000000080d00000| Untracked 
|  14|0x0000000080e00000, 0x0000000080f00000, 0x0000000080f00000|100%| O|  |TAMS 0x0000000080f00000, 0x0000000080e00000| Untracked 
|  15|0x0000000080f00000, 0x0000000081000000, 0x0000000081000000|100%| O|  |TAMS 0x0000000081000000, 0x0000000080f00000| Untracked 
|  16|0x0000000081000000, 0x0000000081100000, 0x0000000081100000|100%| O|  |TAMS 0x0000000081100000, 0x0000000081000000| Untracked 
|  17|0x0000000081100000, 0x0000000081200000, 0x0000000081200000|100%| O|  |TAMS 0x0000000081200000, 0x0000000081100000| Untracked 
|  18|0x0000000081200000, 0x0000000081300000, 0x0000000081300000|100%| O|  |TAMS 0x0000000081300000, 0x0000000081200000| Untracked 
|  19|0x0000000081300000, 0x0000000081400000, 0x0000000081400000|100%| O|  |TAMS 0x0000000081400000, 0x0000000081300000| Untracked 
|  20|0x0000000081400000, 0x0000000081500000, 0x0000000081500000|100%| O|  |TAMS 0x0000000081500000, 0x0000000081400000| Untracked 
|  21|0x0000000081500000, 0x0000000081600000, 0x0000000081600000|100%| O|  |TAMS 0x0000000081600000, 0x0000000081500000| Untracked 
|  22|0x0000000081600000, 0x0000000081700000, 0x0000000081700000|100%| O|  |TAMS 0x0000000081700000, 0x0000000081600000| Untracked 
|  23|0x0000000081700000, 0x0000000081800000, 0x0000000081800000|100%| O|  |TAMS 0x0000000081800000, 0x0000000081700000| Untracked 
|  24|0x0000000081800000, 0x0000000081900000, 0x0000000081900000|100%| O|  |TAMS 0x0000000081900000, 0x0000000081800000| Untracked 
|  25|0x0000000081900000, 0x0000000081a00000, 0x0000000081a00000|100%| O|  |TAMS 0x0000000081a00000, 0x0000000081900000| Untracked 
|  26|0x0000000081a00000, 0x0000000081b00000, 0x0000000081b00000|100%|HS|  |TAMS 0x0000000081b00000, 0x0000000081a00000| Complete 
|  27|0x0000000081b00000, 0x0000000081c00000, 0x0000000081c00000|100%|HS|  |TAMS 0x0000000081c00000, 0x0000000081b00000| Complete 
|  28|0x0000000081c00000, 0x0000000081d00000, 0x0000000081d00000|100%|HS|  |TAMS 0x0000000081d00000, 0x0000000081c00000| Complete 
|  29|0x0000000081d00000, 0x0000000081e00000, 0x0000000081e00000|100%|HS|  |TAMS 0x0000000081e00000, 0x0000000081d00000| Complete 
|  30|0x0000000081e00000, 0x0000000081f00000, 0x0000000081f00000|100%|HC|  |TAMS 0x0000000081f00000, 0x0000000081e00000| Complete 
|  31|0x0000000081f00000, 0x0000000082000000, 0x0000000082000000|100%|HC|  |TAMS 0x0000000082000000, 0x0000000081f00000| Complete 
|  32|0x0000000082000000, 0x0000000082100000, 0x0000000082100000|100%|HS|  |TAMS 0x0000000082100000, 0x0000000082000000| Complete 
|  33|0x0000000082100000, 0x0000000082200000, 0x0000000082200000|100%|HC|  |TAMS 0x0000000082200000, 0x0000000082100000| Complete 
|  34|0x0000000082200000, 0x0000000082300000, 0x0000000082300000|100%| O|  |TAMS 0x0000000082300000, 0x0000000082200000| Untracked 
|  35|0x0000000082300000, 0x0000000082400000, 0x0000000082400000|100%| O|  |TAMS 0x0000000082400000, 0x0000000082300000| Untracked 
|  36|0x0000000082400000, 0x0000000082500000, 0x0000000082500000|100%| O|  |TAMS 0x0000000082500000, 0x0000000082400000| Untracked 
|  37|0x0000000082500000, 0x0000000082600000, 0x0000000082600000|100%| O|  |TAMS 0x0000000082600000, 0x0000000082500000| Untracked 
|  38|0x0000000082600000, 0x0000000082700000, 0x0000000082700000|100%| O|  |TAMS 0x0000000082600000, 0x0000000082600000| Untracked 
|  39|0x0000000082700000, 0x0000000082800000, 0x0000000082800000|100%| O|  |TAMS 0x0000000082800000, 0x0000000082700000| Untracked 
|  40|0x0000000082800000, 0x0000000082800000, 0x0000000082900000|  0%| F|  |TAMS 0x0000000082800000, 0x0000000082800000| Untracked 
|  41|0x0000000082900000, 0x0000000082a00000, 0x0000000082a00000|100%| O|  |TAMS 0x0000000082a00000, 0x0000000082900000| Untracked 
|  42|0x0000000082a00000, 0x0000000082b00000, 0x0000000082b00000|100%| O|  |TAMS 0x0000000082b00000, 0x0000000082a00000| Untracked 
|  43|0x0000000082b00000, 0x0000000082c00000, 0x0000000082c00000|100%| O|  |TAMS 0x0000000082c00000, 0x0000000082b00000| Untracked 
|  44|0x0000000082c00000, 0x0000000082d00000, 0x0000000082d00000|100%| O|  |TAMS 0x0000000082d00000, 0x0000000082c00000| Untracked 
|  45|0x0000000082d00000, 0x0000000082e00000, 0x0000000082e00000|100%| O|  |TAMS 0x0000000082e00000, 0x0000000082d00000| Untracked 
|  46|0x0000000082e00000, 0x0000000082f00000, 0x0000000082f00000|100%| O|  |TAMS 0x0000000082f00000, 0x0000000082e00000| Untracked 
|  47|0x0000000082f00000, 0x0000000083000000, 0x0000000083000000|100%| O|  |TAMS 0x0000000083000000, 0x0000000082f00000| Untracked 
|  48|0x0000000083000000, 0x0000000083100000, 0x0000000083100000|100%| O|  |TAMS 0x0000000083100000, 0x0000000083000000| Untracked 
|  49|0x0000000083100000, 0x0000000083200000, 0x0000000083200000|100%| O|  |TAMS 0x0000000083200000, 0x0000000083100000| Untracked 
|  50|0x0000000083200000, 0x0000000083300000, 0x0000000083300000|100%| O|  |TAMS 0x0000000083200000, 0x0000000083200000| Untracked 
|  51|0x0000000083300000, 0x0000000083400000, 0x0000000083400000|100%| O|  |TAMS 0x0000000083300000, 0x0000000083300000| Untracked 
|  52|0x0000000083400000, 0x0000000083500000, 0x0000000083500000|100%| O|  |TAMS 0x0000000083500000, 0x0000000083400000| Untracked 
|  53|0x0000000083500000, 0x0000000083600000, 0x0000000083600000|100%| O|  |TAMS 0x0000000083600000, 0x0000000083500000| Untracked 
|  54|0x0000000083600000, 0x0000000083700000, 0x0000000083700000|100%| O|  |TAMS 0x0000000083700000, 0x0000000083600000| Untracked 
|  55|0x0000000083700000, 0x0000000083800000, 0x0000000083800000|100%| O|  |TAMS 0x0000000083700000, 0x0000000083700000| Untracked 
|  56|0x0000000083800000, 0x0000000083900000, 0x0000000083900000|100%| O|  |TAMS 0x0000000083800000, 0x0000000083800000| Untracked 
|  57|0x0000000083900000, 0x0000000083a00000, 0x0000000083a00000|100%| O|  |TAMS 0x0000000083900000, 0x0000000083900000| Untracked 
|  58|0x0000000083a00000, 0x0000000083a00000, 0x0000000083b00000|  0%| F|  |TAMS 0x0000000083a00000, 0x0000000083a00000| Untracked 
|  59|0x0000000083b00000, 0x0000000083c00000, 0x0000000083c00000|100%| O|  |TAMS 0x0000000083c00000, 0x0000000083b00000| Untracked 
|  60|0x0000000083c00000, 0x0000000083d00000, 0x0000000083d00000|100%| O|  |TAMS 0x0000000083c00000, 0x0000000083c00000| Untracked 
|  61|0x0000000083d00000, 0x0000000083e00000, 0x0000000083e00000|100%| O|  |TAMS 0x0000000083d00000, 0x0000000083d00000| Untracked 
|  62|0x0000000083e00000, 0x0000000083f00000, 0x0000000083f00000|100%| O|  |TAMS 0x0000000083f00000, 0x0000000083e00000| Untracked 
|  63|0x0000000083f00000, 0x0000000084000000, 0x0000000084000000|100%| O|  |TAMS 0x0000000084000000, 0x0000000083f00000| Untracked 
|  64|0x0000000084000000, 0x0000000084100000, 0x0000000084100000|100%| O|  |TAMS 0x0000000084100000, 0x0000000084000000| Untracked 
|  65|0x0000000084100000, 0x0000000084200000, 0x0000000084200000|100%| O|  |TAMS 0x0000000084200000, 0x0000000084100000| Untracked 
|  66|0x0000000084200000, 0x0000000084300000, 0x0000000084300000|100%| O|  |TAMS 0x0000000084300000, 0x0000000084200000| Untracked 
|  67|0x0000000084300000, 0x0000000084400000, 0x0000000084400000|100%| O|  |TAMS 0x0000000084400000, 0x0000000084300000| Untracked 
|  68|0x0000000084400000, 0x0000000084500000, 0x0000000084500000|100%| O|  |TAMS 0x0000000084500000, 0x0000000084400000| Untracked 
|  69|0x0000000084500000, 0x0000000084600000, 0x0000000084600000|100%| O|  |TAMS 0x0000000084600000, 0x0000000084500000| Untracked 
|  70|0x0000000084600000, 0x0000000084700000, 0x0000000084700000|100%| O|  |TAMS 0x0000000084700000, 0x0000000084600000| Untracked 
|  71|0x0000000084700000, 0x0000000084800000, 0x0000000084800000|100%| O|  |TAMS 0x0000000084800000, 0x0000000084700000| Untracked 
|  72|0x0000000084800000, 0x0000000084900000, 0x0000000084900000|100%| O|  |TAMS 0x0000000084900000, 0x0000000084800000| Untracked 
|  73|0x0000000084900000, 0x0000000084a00000, 0x0000000084a00000|100%| O|  |TAMS 0x0000000084a00000, 0x0000000084900000| Untracked 
|  74|0x0000000084a00000, 0x0000000084b00000, 0x0000000084b00000|100%| O|  |TAMS 0x0000000084b00000, 0x0000000084a00000| Untracked 
|  75|0x0000000084b00000, 0x0000000084c00000, 0x0000000084c00000|100%| O|  |TAMS 0x0000000084c00000, 0x0000000084b00000| Untracked 
|  76|0x0000000084c00000, 0x0000000084d00000, 0x0000000084d00000|100%| O|  |TAMS 0x0000000084d00000, 0x0000000084c00000| Untracked 
|  77|0x0000000084d00000, 0x0000000084e00000, 0x0000000084e00000|100%| O|  |TAMS 0x0000000084e00000, 0x0000000084d00000| Untracked 
|  78|0x0000000084e00000, 0x0000000084f00000, 0x0000000084f00000|100%| O|  |TAMS 0x0000000084f00000, 0x0000000084e00000| Untracked 
|  79|0x0000000084f00000, 0x0000000085000000, 0x0000000085000000|100%| O|  |TAMS 0x0000000085000000, 0x0000000084f00000| Untracked 
|  80|0x0000000085000000, 0x0000000085100000, 0x0000000085100000|100%| O|  |TAMS 0x0000000085100000, 0x0000000085000000| Untracked 
|  81|0x0000000085100000, 0x0000000085200000, 0x0000000085200000|100%| O|  |TAMS 0x0000000085200000, 0x0000000085100000| Untracked 
|  82|0x0000000085200000, 0x0000000085300000, 0x0000000085300000|100%| O|  |TAMS 0x0000000085300000, 0x0000000085200000| Untracked 
|  83|0x0000000085300000, 0x0000000085400000, 0x0000000085400000|100%| O|  |TAMS 0x0000000085400000, 0x0000000085300000| Untracked 
|  84|0x0000000085400000, 0x0000000085500000, 0x0000000085500000|100%| O|  |TAMS 0x0000000085400000, 0x0000000085400000| Untracked 
|  85|0x0000000085500000, 0x0000000085600000, 0x0000000085600000|100%| O|  |TAMS 0x0000000085600000, 0x0000000085500000| Untracked 
|  86|0x0000000085600000, 0x0000000085700000, 0x0000000085700000|100%| O|  |TAMS 0x0000000085700000, 0x0000000085600000| Untracked 
|  87|0x0000000085700000, 0x0000000085800000, 0x0000000085800000|100%| O|  |TAMS 0x0000000085800000, 0x0000000085700000| Untracked 
|  88|0x0000000085800000, 0x0000000085900000, 0x0000000085900000|100%| O|  |TAMS 0x0000000085900000, 0x0000000085800000| Untracked 
|  89|0x0000000085900000, 0x0000000085900000, 0x0000000085a00000|  0%| F|  |TAMS 0x0000000085900000, 0x0000000085900000| Untracked 
|  90|0x0000000085a00000, 0x0000000085b00000, 0x0000000085b00000|100%| O|  |TAMS 0x0000000085b00000, 0x0000000085a00000| Untracked 
|  91|0x0000000085b00000, 0x0000000085c00000, 0x0000000085c00000|100%| O|  |TAMS 0x0000000085c00000, 0x0000000085b00000| Untracked 
|  92|0x0000000085c00000, 0x0000000085d00000, 0x0000000085d00000|100%| O|  |TAMS 0x0000000085d00000, 0x0000000085c00000| Untracked 
|  93|0x0000000085d00000, 0x0000000085e00000, 0x0000000085e00000|100%| O|  |TAMS 0x0000000085e00000, 0x0000000085d00000| Untracked 
|  94|0x0000000085e00000, 0x0000000085f00000, 0x0000000085f00000|100%| O|  |TAMS 0x0000000085f00000, 0x0000000085e00000| Untracked 
|  95|0x0000000085f00000, 0x0000000086000000, 0x0000000086000000|100%| O|  |TAMS 0x0000000086000000, 0x0000000085f00000| Untracked 
|  96|0x0000000086000000, 0x0000000086100000, 0x0000000086100000|100%| O|  |TAMS 0x0000000086100000, 0x0000000086000000| Untracked 
|  97|0x0000000086100000, 0x0000000086200000, 0x0000000086200000|100%| O|  |TAMS 0x0000000086200000, 0x0000000086100000| Untracked 
|  98|0x0000000086200000, 0x0000000086200000, 0x0000000086300000|  0%| F|  |TAMS 0x0000000086200000, 0x0000000086200000| Untracked 
|  99|0x0000000086300000, 0x0000000086400000, 0x0000000086400000|100%| O|  |TAMS 0x0000000086400000, 0x0000000086300000| Untracked 
| 100|0x0000000086400000, 0x0000000086500000, 0x0000000086500000|100%|HS|  |TAMS 0x0000000086500000, 0x0000000086400000| Complete 
| 101|0x0000000086500000, 0x0000000086600000, 0x0000000086600000|100%|HC|  |TAMS 0x0000000086600000, 0x0000000086500000| Complete 
| 102|0x0000000086600000, 0x0000000086700000, 0x0000000086700000|100%|HC|  |TAMS 0x0000000086700000, 0x0000000086600000| Complete 
| 103|0x0000000086700000, 0x0000000086800000, 0x0000000086800000|100%|HS|  |TAMS 0x0000000086800000, 0x0000000086700000| Complete 
| 104|0x0000000086800000, 0x0000000086900000, 0x0000000086900000|100%|HC|  |TAMS 0x0000000086900000, 0x0000000086800000| Complete 
| 105|0x0000000086900000, 0x0000000086a00000, 0x0000000086a00000|100%| O|  |TAMS 0x0000000086a00000, 0x0000000086900000| Untracked 
| 106|0x0000000086a00000, 0x0000000086b00000, 0x0000000086b00000|100%| O|  |TAMS 0x0000000086b00000, 0x0000000086a00000| Untracked 
| 107|0x0000000086b00000, 0x0000000086c00000, 0x0000000086c00000|100%| O|  |TAMS 0x0000000086c00000, 0x0000000086b00000| Untracked 
| 108|0x0000000086c00000, 0x0000000086d00000, 0x0000000086d00000|100%| O|  |TAMS 0x0000000086d00000, 0x0000000086c00000| Untracked 
| 109|0x0000000086d00000, 0x0000000086e00000, 0x0000000086e00000|100%| O|  |TAMS 0x0000000086e00000, 0x0000000086d00000| Untracked 
| 110|0x0000000086e00000, 0x0000000086f00000, 0x0000000086f00000|100%| O|  |TAMS 0x0000000086f00000, 0x0000000086e00000| Untracked 
| 111|0x0000000086f00000, 0x0000000086f00000, 0x0000000087000000|  0%| F|  |TAMS 0x0000000086f00000, 0x0000000086f00000| Untracked 
| 112|0x0000000087000000, 0x0000000087100000, 0x0000000087100000|100%| O|  |TAMS 0x0000000087100000, 0x0000000087000000| Untracked 
| 113|0x0000000087100000, 0x0000000087200000, 0x0000000087200000|100%| O|  |TAMS 0x0000000087200000, 0x0000000087100000| Untracked 
| 114|0x0000000087200000, 0x0000000087300000, 0x0000000087300000|100%| O|  |TAMS 0x00000000872f4200, 0x0000000087200000| Untracked 
| 115|0x0000000087300000, 0x0000000087400000, 0x0000000087400000|100%| O|  |TAMS 0x0000000087400000, 0x0000000087300000| Untracked 
| 116|0x0000000087400000, 0x0000000087500000, 0x0000000087500000|100%| O|  |TAMS 0x0000000087500000, 0x0000000087400000| Untracked 
| 117|0x0000000087500000, 0x0000000087600000, 0x0000000087600000|100%| O|  |TAMS 0x0000000087500000, 0x0000000087500000| Untracked 
| 118|0x0000000087600000, 0x0000000087700000, 0x0000000087700000|100%| O|  |TAMS 0x0000000087700000, 0x0000000087600000| Untracked 
| 119|0x0000000087700000, 0x0000000087800000, 0x0000000087800000|100%| O|  |TAMS 0x0000000087800000, 0x0000000087700000| Untracked 
| 120|0x0000000087800000, 0x0000000087900000, 0x0000000087900000|100%| O|  |TAMS 0x0000000087900000, 0x0000000087800000| Untracked 
| 121|0x0000000087900000, 0x0000000087a00000, 0x0000000087a00000|100%| O|  |TAMS 0x0000000087a00000, 0x0000000087900000| Untracked 
| 122|0x0000000087a00000, 0x0000000087b00000, 0x0000000087b00000|100%| O|  |TAMS 0x0000000087a00000, 0x0000000087a00000| Untracked 
| 123|0x0000000087b00000, 0x0000000087c00000, 0x0000000087c00000|100%| O|  |TAMS 0x0000000087c00000, 0x0000000087b00000| Untracked 
| 124|0x0000000087c00000, 0x0000000087d00000, 0x0000000087d00000|100%| O|  |TAMS 0x0000000087d00000, 0x0000000087c00000| Untracked 
| 125|0x0000000087d00000, 0x0000000087e00000, 0x0000000087e00000|100%| O|  |TAMS 0x0000000087d00000, 0x0000000087d00000| Untracked 
| 126|0x0000000087e00000, 0x0000000087f00000, 0x0000000087f00000|100%| O|  |TAMS 0x0000000087e00000, 0x0000000087e00000| Untracked 
| 127|0x0000000087f00000, 0x0000000088000000, 0x0000000088000000|100%| O|  |TAMS 0x0000000087f00000, 0x0000000087f00000| Untracked 
| 128|0x0000000088000000, 0x00000000880a4400, 0x0000000088100000| 64%| O|  |TAMS 0x0000000088000000, 0x0000000088000000| Untracked 
| 129|0x0000000088100000, 0x0000000088100000, 0x0000000088200000|  0%| F|  |TAMS 0x0000000088100000, 0x0000000088100000| Untracked 
| 130|0x0000000088200000, 0x0000000088300000, 0x0000000088300000|100%| O|  |TAMS 0x0000000088300000, 0x0000000088200000| Untracked 
| 131|0x0000000088300000, 0x0000000088400000, 0x0000000088400000|100%| O|  |TAMS 0x0000000088400000, 0x0000000088300000| Untracked 
| 132|0x0000000088400000, 0x0000000088500000, 0x0000000088500000|100%| O|  |TAMS 0x0000000088500000, 0x0000000088400000| Untracked 
| 133|0x0000000088500000, 0x0000000088500000, 0x0000000088600000|  0%| F|  |TAMS 0x0000000088500000, 0x0000000088500000| Untracked 
| 134|0x0000000088600000, 0x0000000088600000, 0x0000000088700000|  0%| F|  |TAMS 0x0000000088600000, 0x0000000088600000| Untracked 
| 135|0x0000000088700000, 0x0000000088700000, 0x0000000088800000|  0%| F|  |TAMS 0x0000000088700000, 0x0000000088700000| Untracked 
| 136|0x0000000088800000, 0x0000000088800000, 0x0000000088900000|  0%| F|  |TAMS 0x0000000088800000, 0x0000000088800000| Untracked 
| 137|0x0000000088900000, 0x0000000088900000, 0x0000000088a00000|  0%| F|  |TAMS 0x0000000088900000, 0x0000000088900000| Untracked 
| 138|0x0000000088a00000, 0x0000000088a00000, 0x0000000088b00000|  0%| F|  |TAMS 0x0000000088a00000, 0x0000000088a00000| Untracked 
| 139|0x0000000088b00000, 0x0000000088c00000, 0x0000000088c00000|100%| O|  |TAMS 0x0000000088c00000, 0x0000000088b00000| Untracked 
| 140|0x0000000088c00000, 0x0000000088c00000, 0x0000000088d00000|  0%| F|  |TAMS 0x0000000088c00000, 0x0000000088c00000| Untracked 
| 141|0x0000000088d00000, 0x0000000088d00000, 0x0000000088e00000|  0%| F|  |TAMS 0x0000000088d00000, 0x0000000088d00000| Untracked 
| 142|0x0000000088e00000, 0x0000000088f00000, 0x0000000088f00000|100%| O|  |TAMS 0x0000000088f00000, 0x0000000088e00000| Untracked 
| 143|0x0000000088f00000, 0x0000000088f00000, 0x0000000089000000|  0%| F|  |TAMS 0x0000000088f00000, 0x0000000088f00000| Untracked 
| 144|0x0000000089000000, 0x0000000089000000, 0x0000000089100000|  0%| F|  |TAMS 0x0000000089000000, 0x0000000089000000| Untracked 
| 145|0x0000000089100000, 0x0000000089100000, 0x0000000089200000|  0%| F|  |TAMS 0x0000000089100000, 0x0000000089100000| Untracked 
| 146|0x0000000089200000, 0x0000000089300000, 0x0000000089300000|100%| O|  |TAMS 0x0000000089300000, 0x0000000089200000| Untracked 
| 147|0x0000000089300000, 0x0000000089300000, 0x0000000089400000|  0%| F|  |TAMS 0x0000000089300000, 0x0000000089300000| Untracked 
| 148|0x0000000089400000, 0x0000000089400000, 0x0000000089500000|  0%| F|  |TAMS 0x0000000089400000, 0x0000000089400000| Untracked 
| 149|0x0000000089500000, 0x0000000089500000, 0x0000000089600000|  0%| F|  |TAMS 0x0000000089500000, 0x0000000089500000| Untracked 
| 150|0x0000000089600000, 0x0000000089600000, 0x0000000089700000|  0%| F|  |TAMS 0x0000000089600000, 0x0000000089600000| Untracked 
| 151|0x0000000089700000, 0x0000000089700000, 0x0000000089800000|  0%| F|  |TAMS 0x0000000089700000, 0x0000000089700000| Untracked 
| 152|0x0000000089800000, 0x0000000089800000, 0x0000000089900000|  0%| F|  |TAMS 0x0000000089800000, 0x0000000089800000| Untracked 
| 153|0x0000000089900000, 0x0000000089900000, 0x0000000089a00000|  0%| F|  |TAMS 0x0000000089900000, 0x0000000089900000| Untracked 
| 154|0x0000000089a00000, 0x0000000089a00000, 0x0000000089b00000|  0%| F|  |TAMS 0x0000000089a00000, 0x0000000089a00000| Untracked 
| 155|0x0000000089b00000, 0x0000000089b00000, 0x0000000089c00000|  0%| F|  |TAMS 0x0000000089b00000, 0x0000000089b00000| Untracked 
| 156|0x0000000089c00000, 0x0000000089c00000, 0x0000000089d00000|  0%| F|  |TAMS 0x0000000089c00000, 0x0000000089c00000| Untracked 
| 157|0x0000000089d00000, 0x0000000089d00000, 0x0000000089e00000|  0%| F|  |TAMS 0x0000000089d00000, 0x0000000089d00000| Untracked 
| 158|0x0000000089e00000, 0x0000000089e00000, 0x0000000089f00000|  0%| F|  |TAMS 0x0000000089e00000, 0x0000000089e00000| Untracked 
| 159|0x0000000089f00000, 0x0000000089f00000, 0x000000008a000000|  0%| F|  |TAMS 0x0000000089f00000, 0x0000000089f00000| Untracked 
| 160|0x000000008a000000, 0x000000008a000000, 0x000000008a100000|  0%| F|  |TAMS 0x000000008a000000, 0x000000008a000000| Untracked 
| 161|0x000000008a100000, 0x000000008a100000, 0x000000008a200000|  0%| F|  |TAMS 0x000000008a100000, 0x000000008a100000| Untracked 
| 162|0x000000008a200000, 0x000000008a200000, 0x000000008a300000|  0%| F|  |TAMS 0x000000008a200000, 0x000000008a200000| Untracked 
| 163|0x000000008a300000, 0x000000008a300000, 0x000000008a400000|  0%| F|  |TAMS 0x000000008a300000, 0x000000008a300000| Untracked 
| 164|0x000000008a400000, 0x000000008a400000, 0x000000008a500000|  0%| F|  |TAMS 0x000000008a400000, 0x000000008a400000| Untracked 
| 165|0x000000008a500000, 0x000000008a500000, 0x000000008a600000|  0%| F|  |TAMS 0x000000008a500000, 0x000000008a500000| Untracked 
| 166|0x000000008a600000, 0x000000008a600000, 0x000000008a700000|  0%| F|  |TAMS 0x000000008a600000, 0x000000008a600000| Untracked 
| 167|0x000000008a700000, 0x000000008a700000, 0x000000008a800000|  0%| F|  |TAMS 0x000000008a700000, 0x000000008a700000| Untracked 
| 168|0x000000008a800000, 0x000000008a800000, 0x000000008a900000|  0%| F|  |TAMS 0x000000008a800000, 0x000000008a800000| Untracked 
| 169|0x000000008a900000, 0x000000008a900000, 0x000000008aa00000|  0%| F|  |TAMS 0x000000008a900000, 0x000000008a900000| Untracked 
| 170|0x000000008aa00000, 0x000000008aa00000, 0x000000008ab00000|  0%| F|  |TAMS 0x000000008aa00000, 0x000000008aa00000| Untracked 
| 171|0x000000008ab00000, 0x000000008ab00000, 0x000000008ac00000|  0%| F|  |TAMS 0x000000008ab00000, 0x000000008ab00000| Untracked 
| 172|0x000000008ac00000, 0x000000008ac00000, 0x000000008ad00000|  0%| F|  |TAMS 0x000000008ac00000, 0x000000008ac00000| Untracked 
| 173|0x000000008ad00000, 0x000000008ad00000, 0x000000008ae00000|  0%| F|  |TAMS 0x000000008ad00000, 0x000000008ad00000| Untracked 
| 174|0x000000008ae00000, 0x000000008ae00000, 0x000000008af00000|  0%| F|  |TAMS 0x000000008ae00000, 0x000000008ae00000| Untracked 
| 175|0x000000008af00000, 0x000000008af00000, 0x000000008b000000|  0%| F|  |TAMS 0x000000008af00000, 0x000000008af00000| Untracked 
| 176|0x000000008b000000, 0x000000008b000000, 0x000000008b100000|  0%| F|  |TAMS 0x000000008b000000, 0x000000008b000000| Untracked 
| 177|0x000000008b100000, 0x000000008b100000, 0x000000008b200000|  0%| F|  |TAMS 0x000000008b100000, 0x000000008b100000| Untracked 
| 178|0x000000008b200000, 0x000000008b200000, 0x000000008b300000|  0%| F|  |TAMS 0x000000008b200000, 0x000000008b200000| Untracked 
| 179|0x000000008b300000, 0x000000008b300000, 0x000000008b400000|  0%| F|  |TAMS 0x000000008b300000, 0x000000008b300000| Untracked 
| 180|0x000000008b400000, 0x000000008b400000, 0x000000008b500000|  0%| F|  |TAMS 0x000000008b400000, 0x000000008b400000| Untracked 
| 181|0x000000008b500000, 0x000000008b500000, 0x000000008b600000|  0%| F|  |TAMS 0x000000008b500000, 0x000000008b500000| Untracked 
| 182|0x000000008b600000, 0x000000008b600000, 0x000000008b700000|  0%| F|  |TAMS 0x000000008b600000, 0x000000008b600000| Untracked 
| 183|0x000000008b700000, 0x000000008b700000, 0x000000008b800000|  0%| F|  |TAMS 0x000000008b700000, 0x000000008b700000| Untracked 
| 184|0x000000008b800000, 0x000000008b800000, 0x000000008b900000|  0%| F|  |TAMS 0x000000008b800000, 0x000000008b800000| Untracked 
| 185|0x000000008b900000, 0x000000008b900000, 0x000000008ba00000|  0%| F|  |TAMS 0x000000008b900000, 0x000000008b900000| Untracked 
| 186|0x000000008ba00000, 0x000000008ba00000, 0x000000008bb00000|  0%| F|  |TAMS 0x000000008ba00000, 0x000000008ba00000| Untracked 
| 187|0x000000008bb00000, 0x000000008bb00000, 0x000000008bc00000|  0%| F|  |TAMS 0x000000008bb00000, 0x000000008bb00000| Untracked 
| 188|0x000000008bc00000, 0x000000008bc00000, 0x000000008bd00000|  0%| F|  |TAMS 0x000000008bc00000, 0x000000008bc00000| Untracked 
| 189|0x000000008bd00000, 0x000000008bd00000, 0x000000008be00000|  0%| F|  |TAMS 0x000000008bd00000, 0x000000008bd00000| Untracked 
| 190|0x000000008be00000, 0x000000008be00000, 0x000000008bf00000|  0%| F|  |TAMS 0x000000008be00000, 0x000000008be00000| Untracked 
| 191|0x000000008bf00000, 0x000000008bf00000, 0x000000008c000000|  0%| F|  |TAMS 0x000000008bf00000, 0x000000008bf00000| Untracked 
| 192|0x000000008c000000, 0x000000008c000000, 0x000000008c100000|  0%| F|  |TAMS 0x000000008c000000, 0x000000008c000000| Untracked 
| 193|0x000000008c100000, 0x000000008c100000, 0x000000008c200000|  0%| F|  |TAMS 0x000000008c100000, 0x000000008c100000| Untracked 
| 194|0x000000008c200000, 0x000000008c200000, 0x000000008c300000|  0%| F|  |TAMS 0x000000008c200000, 0x000000008c200000| Untracked 
| 195|0x000000008c300000, 0x000000008c300000, 0x000000008c400000|  0%| F|  |TAMS 0x000000008c300000, 0x000000008c300000| Untracked 
| 196|0x000000008c400000, 0x000000008c400000, 0x000000008c500000|  0%| F|  |TAMS 0x000000008c400000, 0x000000008c400000| Untracked 
| 197|0x000000008c500000, 0x000000008c500000, 0x000000008c600000|  0%| F|  |TAMS 0x000000008c500000, 0x000000008c500000| Untracked 
| 198|0x000000008c600000, 0x000000008c600000, 0x000000008c700000|  0%| F|  |TAMS 0x000000008c600000, 0x000000008c600000| Untracked 
| 199|0x000000008c700000, 0x000000008c700000, 0x000000008c800000|  0%| F|  |TAMS 0x000000008c700000, 0x000000008c700000| Untracked 
| 200|0x000000008c800000, 0x000000008c800000, 0x000000008c900000|  0%| F|  |TAMS 0x000000008c800000, 0x000000008c800000| Untracked 
| 201|0x000000008c900000, 0x000000008c900000, 0x000000008ca00000|  0%| F|  |TAMS 0x000000008c900000, 0x000000008c900000| Untracked 
| 202|0x000000008ca00000, 0x000000008ca00000, 0x000000008cb00000|  0%| F|  |TAMS 0x000000008ca00000, 0x000000008ca00000| Untracked 
| 203|0x000000008cb00000, 0x000000008cb00000, 0x000000008cc00000|  0%| F|  |TAMS 0x000000008cb00000, 0x000000008cb00000| Untracked 
| 204|0x000000008cc00000, 0x000000008cc00000, 0x000000008cd00000|  0%| F|  |TAMS 0x000000008cc00000, 0x000000008cc00000| Untracked 
| 205|0x000000008cd00000, 0x000000008cd00000, 0x000000008ce00000|  0%| F|  |TAMS 0x000000008cd00000, 0x000000008cd00000| Untracked 
| 206|0x000000008ce00000, 0x000000008ce00000, 0x000000008cf00000|  0%| F|  |TAMS 0x000000008ce00000, 0x000000008ce00000| Untracked 
| 207|0x000000008cf00000, 0x000000008cf00000, 0x000000008d000000|  0%| F|  |TAMS 0x000000008cf00000, 0x000000008cf00000| Untracked 
| 208|0x000000008d000000, 0x000000008d000000, 0x000000008d100000|  0%| F|  |TAMS 0x000000008d000000, 0x000000008d000000| Untracked 
| 209|0x000000008d100000, 0x000000008d100000, 0x000000008d200000|  0%| F|  |TAMS 0x000000008d100000, 0x000000008d100000| Untracked 
| 210|0x000000008d200000, 0x000000008d200000, 0x000000008d300000|  0%| F|  |TAMS 0x000000008d200000, 0x000000008d200000| Untracked 
| 211|0x000000008d300000, 0x000000008d300000, 0x000000008d400000|  0%| F|  |TAMS 0x000000008d300000, 0x000000008d300000| Untracked 
| 212|0x000000008d400000, 0x000000008d400000, 0x000000008d500000|  0%| F|  |TAMS 0x000000008d400000, 0x000000008d400000| Untracked 
| 213|0x000000008d500000, 0x000000008d500000, 0x000000008d600000|  0%| F|  |TAMS 0x000000008d500000, 0x000000008d500000| Untracked 
| 214|0x000000008d600000, 0x000000008d600000, 0x000000008d700000|  0%| F|  |TAMS 0x000000008d600000, 0x000000008d600000| Untracked 
| 215|0x000000008d700000, 0x000000008d700000, 0x000000008d800000|  0%| F|  |TAMS 0x000000008d700000, 0x000000008d700000| Untracked 
| 216|0x000000008d800000, 0x000000008d8516b8, 0x000000008d900000| 31%| S|CS|TAMS 0x000000008d800000, 0x000000008d800000| Complete 
| 217|0x000000008d900000, 0x000000008da00000, 0x000000008da00000|100%| S|CS|TAMS 0x000000008d900000, 0x000000008d900000| Complete 
| 218|0x000000008da00000, 0x000000008da00000, 0x000000008db00000|  0%| F|  |TAMS 0x000000008da00000, 0x000000008da00000| Untracked 
| 219|0x000000008db00000, 0x000000008db00000, 0x000000008dc00000|  0%| F|  |TAMS 0x000000008db00000, 0x000000008db00000| Untracked 
| 220|0x000000008dc00000, 0x000000008dc00000, 0x000000008dd00000|  0%| F|  |TAMS 0x000000008dc00000, 0x000000008dc00000| Untracked 
| 221|0x000000008dd00000, 0x000000008de00000, 0x000000008de00000|100%| E|  |TAMS 0x000000008dd00000, 0x000000008dd00000| Complete 
| 222|0x000000008de00000, 0x000000008df00000, 0x000000008df00000|100%| E|CS|TAMS 0x000000008de00000, 0x000000008de00000| Complete 
| 223|0x000000008df00000, 0x000000008e000000, 0x000000008e000000|100%| E|CS|TAMS 0x000000008df00000, 0x000000008df00000| Complete 
| 224|0x000000008e000000, 0x000000008e100000, 0x000000008e100000|100%| E|CS|TAMS 0x000000008e000000, 0x000000008e000000| Complete 
| 225|0x000000008e100000, 0x000000008e200000, 0x000000008e200000|100%| E|CS|TAMS 0x000000008e100000, 0x000000008e100000| Complete 
| 226|0x000000008e200000, 0x000000008e300000, 0x000000008e300000|100%| E|CS|TAMS 0x000000008e200000, 0x000000008e200000| Complete 
| 227|0x000000008e300000, 0x000000008e400000, 0x000000008e400000|100%| E|CS|TAMS 0x000000008e300000, 0x000000008e300000| Complete 
| 228|0x000000008e400000, 0x000000008e500000, 0x000000008e500000|100%| E|CS|TAMS 0x000000008e400000, 0x000000008e400000| Complete 
| 229|0x000000008e500000, 0x000000008e600000, 0x000000008e600000|100%| E|CS|TAMS 0x000000008e500000, 0x000000008e500000| Complete 
| 230|0x000000008e600000, 0x000000008e700000, 0x000000008e700000|100%| E|CS|TAMS 0x000000008e600000, 0x000000008e600000| Complete 
| 231|0x000000008e700000, 0x000000008e800000, 0x000000008e800000|100%| E|CS|TAMS 0x000000008e700000, 0x000000008e700000| Complete 
| 232|0x000000008e800000, 0x000000008e900000, 0x000000008e900000|100%| E|CS|TAMS 0x000000008e800000, 0x000000008e800000| Complete 
| 233|0x000000008e900000, 0x000000008ea00000, 0x000000008ea00000|100%| E|CS|TAMS 0x000000008e900000, 0x000000008e900000| Complete 
| 234|0x000000008ea00000, 0x000000008eb00000, 0x000000008eb00000|100%| E|CS|TAMS 0x000000008ea00000, 0x000000008ea00000| Complete 
| 235|0x000000008eb00000, 0x000000008ec00000, 0x000000008ec00000|100%| E|CS|TAMS 0x000000008eb00000, 0x000000008eb00000| Complete 
| 236|0x000000008ec00000, 0x000000008ed00000, 0x000000008ed00000|100%| E|CS|TAMS 0x000000008ec00000, 0x000000008ec00000| Complete 
| 237|0x000000008ed00000, 0x000000008ee00000, 0x000000008ee00000|100%| E|CS|TAMS 0x000000008ed00000, 0x000000008ed00000| Complete 
| 238|0x000000008ee00000, 0x000000008ef00000, 0x000000008ef00000|100%| E|CS|TAMS 0x000000008ee00000, 0x000000008ee00000| Complete 
| 239|0x000000008ef00000, 0x000000008f000000, 0x000000008f000000|100%| E|CS|TAMS 0x000000008ef00000, 0x000000008ef00000| Complete 
| 240|0x000000008f000000, 0x000000008f100000, 0x000000008f100000|100%| E|CS|TAMS 0x000000008f000000, 0x000000008f000000| Complete 
| 241|0x000000008f100000, 0x000000008f200000, 0x000000008f200000|100%| E|CS|TAMS 0x000000008f100000, 0x000000008f100000| Complete 
| 242|0x000000008f200000, 0x000000008f300000, 0x000000008f300000|100%| E|CS|TAMS 0x000000008f200000, 0x000000008f200000| Complete 
| 243|0x000000008f300000, 0x000000008f400000, 0x000000008f400000|100%| E|CS|TAMS 0x000000008f300000, 0x000000008f300000| Complete 
| 244|0x000000008f400000, 0x000000008f500000, 0x000000008f500000|100%| E|CS|TAMS 0x000000008f400000, 0x000000008f400000| Complete 
| 245|0x000000008f500000, 0x000000008f600000, 0x000000008f600000|100%| E|CS|TAMS 0x000000008f500000, 0x000000008f500000| Complete 
| 246|0x000000008f600000, 0x000000008f700000, 0x000000008f700000|100%| E|CS|TAMS 0x000000008f600000, 0x000000008f600000| Complete 
| 247|0x000000008f700000, 0x000000008f800000, 0x000000008f800000|100%| E|CS|TAMS 0x000000008f700000, 0x000000008f700000| Complete 
| 248|0x000000008f800000, 0x000000008f900000, 0x000000008f900000|100%| E|CS|TAMS 0x000000008f800000, 0x000000008f800000| Complete 
| 249|0x000000008f900000, 0x000000008fa00000, 0x000000008fa00000|100%| E|CS|TAMS 0x000000008f900000, 0x000000008f900000| Complete 
| 250|0x000000008fa00000, 0x000000008fb00000, 0x000000008fb00000|100%| E|CS|TAMS 0x000000008fa00000, 0x000000008fa00000| Complete 
| 251|0x000000008fb00000, 0x000000008fc00000, 0x000000008fc00000|100%| E|CS|TAMS 0x000000008fb00000, 0x000000008fb00000| Complete 
| 252|0x000000008fc00000, 0x000000008fd00000, 0x000000008fd00000|100%| E|CS|TAMS 0x000000008fc00000, 0x000000008fc00000| Complete 
| 253|0x000000008fd00000, 0x000000008fe00000, 0x000000008fe00000|100%| E|CS|TAMS 0x000000008fd00000, 0x000000008fd00000| Complete 
| 254|0x000000008fe00000, 0x000000008ff00000, 0x000000008ff00000|100%| E|CS|TAMS 0x000000008fe00000, 0x000000008fe00000| Complete 
| 255|0x000000008ff00000, 0x0000000090000000, 0x0000000090000000|100%| E|CS|TAMS 0x000000008ff00000, 0x000000008ff00000| Complete 
| 256|0x0000000090000000, 0x0000000090100000, 0x0000000090100000|100%| E|CS|TAMS 0x0000000090000000, 0x0000000090000000| Complete 
| 257|0x0000000090100000, 0x0000000090200000, 0x0000000090200000|100%| E|CS|TAMS 0x0000000090100000, 0x0000000090100000| Complete 
| 258|0x0000000090200000, 0x0000000090300000, 0x0000000090300000|100%| E|CS|TAMS 0x0000000090200000, 0x0000000090200000| Complete 
| 259|0x0000000090300000, 0x0000000090400000, 0x0000000090400000|100%| E|CS|TAMS 0x0000000090300000, 0x0000000090300000| Complete 
| 260|0x0000000090400000, 0x0000000090500000, 0x0000000090500000|100%| E|CS|TAMS 0x0000000090400000, 0x0000000090400000| Complete 
| 261|0x0000000090500000, 0x0000000090600000, 0x0000000090600000|100%| E|CS|TAMS 0x0000000090500000, 0x0000000090500000| Complete 
| 262|0x0000000090600000, 0x0000000090700000, 0x0000000090700000|100%| E|CS|TAMS 0x0000000090600000, 0x0000000090600000| Complete 
| 263|0x0000000090700000, 0x0000000090800000, 0x0000000090800000|100%| E|CS|TAMS 0x0000000090700000, 0x0000000090700000| Complete 
| 264|0x0000000090800000, 0x0000000090900000, 0x0000000090900000|100%| E|CS|TAMS 0x0000000090800000, 0x0000000090800000| Complete 
| 265|0x0000000090900000, 0x0000000090a00000, 0x0000000090a00000|100%| E|CS|TAMS 0x0000000090900000, 0x0000000090900000| Complete 
| 266|0x0000000090a00000, 0x0000000090b00000, 0x0000000090b00000|100%| E|CS|TAMS 0x0000000090a00000, 0x0000000090a00000| Complete 

Card table byte_map: [0x00000197d61c0000,0x00000197d65c0000] _byte_map_base: 0x00000197d5dc0000

Marking Bits (Prev, Next): (CMBitMap*) 0x00000197c2cee6f0, (CMBitMap*) 0x00000197c2cee6b8
 Prev Bits: [0x00000197d89c0000, 0x00000197da9c0000)
 Next Bits: [0x00000197d69c0000, 0x00000197d89c0000)

Polling page: 0x00000197c1480000

Metaspace:

Usage:
  Non-class:    121.38 MB capacity,   118.96 MB ( 98%) used,     1.96 MB (  2%) free+waste,   463.00 KB ( <1%) overhead. 
      Class:     17.77 MB capacity,    16.44 MB ( 93%) used,     1.14 MB (  6%) free+waste,   197.50 KB (  1%) overhead. 
       Both:    139.15 MB capacity,   135.40 MB ( 97%) used,     3.10 MB (  2%) free+waste,   660.50 KB ( <1%) overhead. 

Virtual space:
  Non-class space:      124.00 MB reserved,     123.25 MB (>99%) committed 
      Class space:        1.00 GB reserved,      18.00 MB (  2%) committed 
             Both:        1.12 GB reserved,     141.25 MB ( 12%) committed 

Chunk freelists:
   Non-Class:  1.81 MB
       Class:  204.00 KB
        Both:  2.01 MB

MaxMetaspaceSize: 17179869184.00 GB
CompressedClassSpaceSize: 1.00 GB

CodeHeap 'non-profiled nmethods': size=120064Kb used=18081Kb max_used=18081Kb free=101982Kb
 bounds [0x00000197ce260000, 0x00000197cf410000, 0x00000197d57a0000]
CodeHeap 'profiled nmethods': size=120000Kb used=54687Kb max_used=54687Kb free=65312Kb
 bounds [0x00000197c6d30000, 0x00000197ca2d0000, 0x00000197ce260000]
CodeHeap 'non-nmethods': size=5696Kb used=2387Kb max_used=2458Kb free=3309Kb
 bounds [0x00000197c67a0000, 0x00000197c6a20000, 0x00000197c6d30000]
 total_blobs=24265 nmethods=23245 adapters=930
 compilation: enabled
              stopped_count=0, restarted_count=0
 full_count=0

Compilation events (20 events):
Event: 2677.408 Thread 0x00000197dd04c800 26591       2       java.security.DrbgParameters::nextBytes (11 bytes)
Event: 2677.409 Thread 0x00000197dd04c800 nmethod 26591 0x00000197ca2ba410 code [0x00000197ca2ba5c0, 0x00000197ca2ba728]
Event: 2677.409 Thread 0x00000197dd04c800 26592  s    2       sun.security.provider.HashDrbg::generateAlgorithm (188 bytes)
Event: 2677.410 Thread 0x00000197dd04c800 nmethod 26592 0x00000197ca2ba810 code [0x00000197ca2baaa0, 0x00000197ca2bb5b8]
Event: 2677.495 Thread 0x00000197dd04c800 26594       2       com.google.common.collect.Maps::newHashMap (8 bytes)
Event: 2677.495 Thread 0x00000197dd04c800 nmethod 26594 0x00000197ca2bbb10 code [0x00000197ca2bbcc0, 0x00000197ca2bbdf8]
Event: 2677.497 Thread 0x00000197dd04c800 26595       2       sun.security.provider.DRBG::engineNextBytes (9 bytes)
Event: 2677.497 Thread 0x00000197dd04c800 nmethod 26595 0x00000197ca2bbe90 code [0x00000197ca2bc060, 0x00000197ca2bc238]
Event: 2677.500 Thread 0x00000197dd04c800 26596       1       com.android.tools.build.apkzlib.zip.ZFileOptions::getCoverEmptySpaceUsingExtraField (5 bytes)
Event: 2677.500 Thread 0x00000197dd04c800 nmethod 26596 0x00000197cf40a010 code [0x00000197cf40a1c0, 0x00000197cf40a278]
Event: 2677.527 Thread 0x00000197dd04c800 26597       2       java.util.zip.InflaterInputStream::close (34 bytes)
Event: 2677.532 Thread 0x00000197dd04c800 nmethod 26597 0x00000197ca2bc390 code [0x00000197ca2bc560, 0x00000197ca2bc6d8]
Event: 2677.532 Thread 0x00000197dd04c800 26598   !   2       java.util.Vector$1::nextElement (62 bytes)
Event: 2677.533 Thread 0x00000197dd04c800 nmethod 26598 0x00000197ca2bc810 code [0x00000197ca2bc9e0, 0x00000197ca2bcdc8]
Event: 2677.533 Thread 0x00000197dd04c800 26599       1       com.google.common.base.Absent::isPresent (2 bytes)
Event: 2677.533 Thread 0x00000197dd04c800 nmethod 26599 0x00000197cf40a310 code [0x00000197cf40a4c0, 0x00000197cf40a578]
Event: 2677.533 Thread 0x00000197dd04c800 26600       1       com.android.tools.build.apkzlib.zip.StoredEntry::access$000 (5 bytes)
Event: 2677.533 Thread 0x00000197dd04c800 nmethod 26600 0x00000197cf40a610 code [0x00000197cf40a7c0, 0x00000197cf40a858]
Event: 2677.687 Thread 0x00000197dd04c800 26601       2       com.android.tools.build.apkzlib.zip.ZFile::openReadOnlyIfClosed (37 bytes)
Event: 2677.688 Thread 0x00000197dd04c800 nmethod 26601 0x00000197ca2bd010 code [0x00000197ca2bd1e0, 0x00000197ca2bd468]

GC Heap History (20 events):
Event: 2665.701 GC heap before
{Heap before GC invocations=112 (full 0):
 garbage-first heap   total 227328K, used 134290K [0x0000000080000000, 0x0000000100000000)
  region size 1024K, 12 young (12288K), 2 survivors (2048K)
 Metaspace       used 138257K, capacity 142028K, committed 142208K, reserved 1173504K
  class space    used 16810K, capacity 18145K, committed 18304K, reserved 1048576K
}
Event: 2665.710 GC heap after
{Heap after GC invocations=113 (full 0):
 garbage-first heap   total 227328K, used 126445K [0x0000000080000000, 0x0000000100000000)
  region size 1024K, 4 young (4096K), 4 survivors (4096K)
 Metaspace       used 138257K, capacity 142028K, committed 142208K, reserved 1173504K
  class space    used 16810K, capacity 18145K, committed 18304K, reserved 1048576K
}
Event: 2674.520 GC heap before
{Heap before GC invocations=114 (full 0):
 garbage-first heap   total 227328K, used 165357K [0x0000000080000000, 0x0000000100000000)
  region size 1024K, 40 young (40960K), 4 survivors (4096K)
 Metaspace       used 139267K, capacity 143076K, committed 143232K, reserved 1173504K
  class space    used 16846K, capacity 18193K, committed 18304K, reserved 1048576K
}
Event: 2674.527 GC heap after
{Heap after GC invocations=115 (full 0):
 garbage-first heap   total 227328K, used 125882K [0x0000000080000000, 0x0000000100000000)
  region size 1024K, 2 young (2048K), 2 survivors (2048K)
 Metaspace       used 139267K, capacity 143076K, committed 143232K, reserved 1173504K
  class space    used 16846K, capacity 18193K, committed 18304K, reserved 1048576K
}
Event: 2674.558 GC heap before
{Heap before GC invocations=115 (full 0):
 garbage-first heap   total 227328K, used 134074K [0x0000000080000000, 0x0000000100000000)
  region size 1024K, 11 young (11264K), 2 survivors (2048K)
 Metaspace       used 139268K, capacity 143076K, committed 143232K, reserved 1173504K
  class space    used 16846K, capacity 18193K, committed 18304K, reserved 1048576K
}
Event: 2674.572 GC heap after
{Heap after GC invocations=116 (full 0):
 garbage-first heap   total 227328K, used 126062K [0x0000000080000000, 0x0000000100000000)
  region size 1024K, 2 young (2048K), 2 survivors (2048K)
 Metaspace       used 139268K, capacity 143076K, committed 143232K, reserved 1173504K
  class space    used 16846K, capacity 18193K, committed 18304K, reserved 1048576K
}
Event: 2674.792 GC heap before
{Heap before GC invocations=116 (full 0):
 garbage-first heap   total 227328K, used 135278K [0x0000000080000000, 0x0000000100000000)
  region size 1024K, 13 young (13312K), 2 survivors (2048K)
 Metaspace       used 139309K, capacity 143077K, committed 143232K, reserved 1173504K
  class space    used 16846K, capacity 18193K, committed 18304K, reserved 1048576K
}
Event: 2674.798 GC heap after
{Heap after GC invocations=117 (full 0):
 garbage-first heap   total 227328K, used 126579K [0x0000000080000000, 0x0000000100000000)
  region size 1024K, 2 young (2048K), 2 survivors (2048K)
 Metaspace       used 139309K, capacity 143077K, committed 143232K, reserved 1173504K
  class space    used 16846K, capacity 18193K, committed 18304K, reserved 1048576K
}
Event: 2675.801 GC heap before
{Heap before GC invocations=118 (full 0):
 garbage-first heap   total 227328K, used 178803K [0x0000000080000000, 0x0000000100000000)
  region size 1024K, 47 young (48128K), 2 survivors (2048K)
 Metaspace       used 139767K, capacity 143530K, committed 143872K, reserved 1175552K
  class space    used 16882K, capacity 18233K, committed 18432K, reserved 1048576K
}
Event: 2675.809 GC heap after
{Heap after GC invocations=119 (full 0):
 garbage-first heap   total 227328K, used 131048K [0x0000000080000000, 0x0000000100000000)
  region size 1024K, 5 young (5120K), 5 survivors (5120K)
 Metaspace       used 139767K, capacity 143530K, committed 143872K, reserved 1175552K
  class space    used 16882K, capacity 18233K, committed 18432K, reserved 1048576K
}
Event: 2675.836 GC heap before
{Heap before GC invocations=119 (full 0):
 garbage-first heap   total 227328K, used 137192K [0x0000000080000000, 0x0000000100000000)
  region size 1024K, 11 young (11264K), 5 survivors (5120K)
 Metaspace       used 139842K, capacity 143600K, committed 143872K, reserved 1175552K
  class space    used 16886K, capacity 18235K, committed 18432K, reserved 1048576K
}
Event: 2675.860 GC heap after
{Heap after GC invocations=120 (full 0):
 garbage-first heap   total 227328K, used 124880K [0x0000000080000000, 0x0000000100000000)
  region size 1024K, 2 young (2048K), 2 survivors (2048K)
 Metaspace       used 139842K, capacity 143600K, committed 143872K, reserved 1175552K
  class space    used 16886K, capacity 18235K, committed 18432K, reserved 1048576K
}
Event: 2676.242 GC heap before
{Heap before GC invocations=120 (full 0):
 garbage-first heap   total 227328K, used 174032K [0x0000000080000000, 0x0000000100000000)
  region size 1024K, 50 young (51200K), 2 survivors (2048K)
 Metaspace       used 140407K, capacity 144248K, committed 144384K, reserved 1175552K
  class space    used 16949K, capacity 18321K, committed 18432K, reserved 1048576K
}
Event: 2676.270 GC heap after
{Heap after GC invocations=121 (full 0):
 garbage-first heap   total 227328K, used 128047K [0x0000000080000000, 0x0000000100000000)
  region size 1024K, 6 young (6144K), 6 survivors (6144K)
 Metaspace       used 140407K, capacity 144248K, committed 144384K, reserved 1175552K
  class space    used 16949K, capacity 18321K, committed 18432K, reserved 1048576K
}
Event: 2676.874 GC heap before
{Heap before GC invocations=121 (full 0):
 garbage-first heap   total 227328K, used 177199K [0x0000000080000000, 0x0000000100000000)
  region size 1024K, 54 young (55296K), 6 survivors (6144K)
 Metaspace       used 138575K, capacity 142453K, committed 144640K, reserved 1175552K
  class space    used 16823K, capacity 18185K, committed 18432K, reserved 1048576K
}
Event: 2676.898 GC heap after
{Heap after GC invocations=122 (full 0):
 garbage-first heap   total 227328K, used 129905K [0x0000000080000000, 0x0000000100000000)
  region size 1024K, 6 young (6144K), 6 survivors (6144K)
 Metaspace       used 138575K, capacity 142453K, committed 144640K, reserved 1175552K
  class space    used 16823K, capacity 18185K, committed 18432K, reserved 1048576K
}
Event: 2677.107 GC heap before
{Heap before GC invocations=123 (full 0):
 garbage-first heap   total 227328K, used 178033K [0x0000000080000000, 0x0000000100000000)
  region size 1024K, 54 young (55296K), 6 survivors (6144K)
 Metaspace       used 138594K, capacity 142455K, committed 144640K, reserved 1175552K
  class space    used 16823K, capacity 18185K, committed 18432K, reserved 1048576K
}
Event: 2677.130 GC heap after
{Heap after GC invocations=124 (full 0):
 garbage-first heap   total 227328K, used 136244K [0x0000000080000000, 0x0000000100000000)
  region size 1024K, 7 young (7168K), 7 survivors (7168K)
 Metaspace       used 138594K, capacity 142455K, committed 144640K, reserved 1175552K
  class space    used 16823K, capacity 18185K, committed 18432K, reserved 1048576K
}
Event: 2677.162 GC heap before
{Heap before GC invocations=124 (full 0):
 garbage-first heap   total 227328K, used 139316K [0x0000000080000000, 0x0000000100000000)
  region size 1024K, 11 young (11264K), 7 survivors (7168K)
 Metaspace       used 138594K, capacity 142455K, committed 144640K, reserved 1175552K
  class space    used 16823K, capacity 18185K, committed 18432K, reserved 1048576K
}
Event: 2677.189 GC heap after
{Heap after GC invocations=125 (full 0):
 garbage-first heap   total 273408K, used 134102K [0x0000000080000000, 0x0000000100000000)
  region size 1024K, 2 young (2048K), 2 survivors (2048K)
 Metaspace       used 138594K, capacity 142455K, committed 144640K, reserved 1175552K
  class space    used 16823K, capacity 18185K, committed 18432K, reserved 1048576K
}

Deoptimization events (20 events):
Event: 2677.041 Thread 0x00000197e7441000 DEOPT PACKING pc=0x00000197c9d85091 sp=0x0000006d684fc150
Event: 2677.041 Thread 0x00000197e7441000 DEOPT UNPACKING pc=0x00000197c67c76ce sp=0x0000006d684fba38 mode 0
Event: 2677.051 Thread 0x00000197e51ae800 DEOPT PACKING pc=0x00000197c980c320 sp=0x0000006d679fcd50
Event: 2677.051 Thread 0x00000197e51ae800 DEOPT UNPACKING pc=0x00000197c67c76ce sp=0x0000006d679fc1f8 mode 0
Event: 2677.052 Thread 0x00000197e7441000 DEOPT PACKING pc=0x00000197c9d85091 sp=0x0000006d684fc150
Event: 2677.052 Thread 0x00000197e7441000 DEOPT UNPACKING pc=0x00000197c67c76ce sp=0x0000006d684fba38 mode 0
Event: 2677.059 Thread 0x00000197e51b2800 Uncommon trap: trap_request=0xffffffde fr.pc=0x00000197ceab1fe0 relative=0x0000000000000aa0
Event: 2677.059 Thread 0x00000197e51b2800 Uncommon trap: reason=class_check action=maybe_recompile pc=0x00000197ceab1fe0 method=com.google.common.collect.ImmutableMap.copyOf(Ljava/lang/Iterable;)Lcom/google/common/collect/ImmutableMap; @ 49 c2
Event: 2677.059 Thread 0x00000197e51b2800 DEOPT PACKING pc=0x00000197ceab1fe0 sp=0x0000006d677fd5e0
Event: 2677.059 Thread 0x00000197e51b2800 DEOPT UNPACKING pc=0x00000197c67c78af sp=0x0000006d677fd548 mode 2
Event: 2677.096 Thread 0x00000197e7441000 DEOPT PACKING pc=0x00000197c96d2da7 sp=0x0000006d684fc1f0
Event: 2677.096 Thread 0x00000197e7441000 DEOPT UNPACKING pc=0x00000197c67c76ce sp=0x0000006d684fb8d0 mode 0
Event: 2677.134 Thread 0x00000197e7441000 DEOPT PACKING pc=0x00000197c959dce9 sp=0x0000006d684fbe70
Event: 2677.134 Thread 0x00000197e7441000 DEOPT UNPACKING pc=0x00000197c67c76ce sp=0x0000006d684fb738 mode 0
Event: 2677.207 Thread 0x00000197e7441000 DEOPT PACKING pc=0x00000197c96d2da7 sp=0x0000006d684fc1f0
Event: 2677.207 Thread 0x00000197e7441000 DEOPT UNPACKING pc=0x00000197c67c76ce sp=0x0000006d684fb8d0 mode 0
Event: 2677.263 Thread 0x00000197e7441000 DEOPT PACKING pc=0x00000197c96d2da7 sp=0x0000006d684fc1f0
Event: 2677.263 Thread 0x00000197e7441000 DEOPT UNPACKING pc=0x00000197c67c76ce sp=0x0000006d684fb8d0 mode 0
Event: 2677.392 Thread 0x00000197e7441000 DEOPT PACKING pc=0x00000197c96d2da7 sp=0x0000006d684fc1f0
Event: 2677.392 Thread 0x00000197e7441000 DEOPT UNPACKING pc=0x00000197c67c76ce sp=0x0000006d684fb8d0 mode 0

Classes redefined (0 events):
No events

Internal exceptions (20 events):
Event: 2676.994 Thread 0x00000197e51ad800 Exception <a 'sun/nio/fs/WindowsException'{0x000000008ccb6898}> (0x000000008ccb6898) thrown at [./src/hotspot/share/prims/jni.cpp, line 615]
Event: 2676.997 Thread 0x00000197e51ae800 Exception <a 'sun/nio/fs/WindowsException'{0x000000008c8e39d8}> (0x000000008c8e39d8) thrown at [./src/hotspot/share/prims/jni.cpp, line 615]
Event: 2677.000 Thread 0x00000197e51ae800 Exception <a 'sun/nio/fs/WindowsException'{0x000000008c8f65b8}> (0x000000008c8f65b8) thrown at [./src/hotspot/share/prims/jni.cpp, line 615]
Event: 2677.003 Thread 0x00000197e51ae800 Exception <a 'sun/nio/fs/WindowsException'{0x000000008c8feaa0}> (0x000000008c8feaa0) thrown at [./src/hotspot/share/prims/jni.cpp, line 615]
Event: 2677.005 Thread 0x00000197e51ae800 Exception <a 'sun/nio/fs/WindowsException'{0x000000008c68f330}> (0x000000008c68f330) thrown at [./src/hotspot/share/prims/jni.cpp, line 615]
Event: 2677.007 Thread 0x00000197e51ae800 Exception <a 'sun/nio/fs/WindowsException'{0x000000008c6a6848}> (0x000000008c6a6848) thrown at [./src/hotspot/share/prims/jni.cpp, line 615]
Event: 2677.009 Thread 0x00000197e51ae800 Exception <a 'sun/nio/fs/WindowsException'{0x000000008c6ad2f0}> (0x000000008c6ad2f0) thrown at [./src/hotspot/share/prims/jni.cpp, line 615]
Event: 2677.025 Thread 0x00000197e51ae800 Exception <a 'sun/nio/fs/WindowsException'{0x000000008c6b3d68}> (0x000000008c6b3d68) thrown at [./src/hotspot/share/prims/jni.cpp, line 615]
Event: 2677.029 Thread 0x00000197e51ae800 Exception <a 'sun/nio/fs/WindowsException'{0x000000008c199920}> (0x000000008c199920) thrown at [./src/hotspot/share/prims/jni.cpp, line 615]
Event: 2677.031 Thread 0x00000197e51ae800 Exception <a 'sun/nio/fs/WindowsException'{0x000000008c1a0370}> (0x000000008c1a0370) thrown at [./src/hotspot/share/prims/jni.cpp, line 615]
Event: 2677.033 Thread 0x00000197e51ae800 Exception <a 'sun/nio/fs/WindowsException'{0x000000008c1a8db0}> (0x000000008c1a8db0) thrown at [./src/hotspot/share/prims/jni.cpp, line 615]
Event: 2677.038 Thread 0x00000197e51ae800 Exception <a 'sun/nio/fs/WindowsException'{0x000000008c1b5968}> (0x000000008c1b5968) thrown at [./src/hotspot/share/prims/jni.cpp, line 615]
Event: 2677.042 Thread 0x00000197e51ae800 Exception <a 'sun/nio/fs/WindowsException'{0x000000008bdeb0c0}> (0x000000008bdeb0c0) thrown at [./src/hotspot/share/prims/jni.cpp, line 615]
Event: 2677.044 Thread 0x00000197e51ae800 Exception <a 'sun/nio/fs/WindowsException'{0x000000008bdf3590}> (0x000000008bdf3590) thrown at [./src/hotspot/share/prims/jni.cpp, line 615]
Event: 2677.046 Thread 0x00000197e51ae800 Exception <a 'sun/nio/fs/WindowsException'{0x000000008bdfb3f0}> (0x000000008bdfb3f0) thrown at [./src/hotspot/share/prims/jni.cpp, line 615]
Event: 2677.048 Thread 0x00000197e51ae800 Exception <a 'sun/nio/fs/WindowsException'{0x000000008ba7cfc0}> (0x000000008ba7cfc0) thrown at [./src/hotspot/share/prims/jni.cpp, line 615]
Event: 2677.050 Thread 0x00000197e51ae800 Exception <a 'sun/nio/fs/WindowsException'{0x000000008ba87580}> (0x000000008ba87580) thrown at [./src/hotspot/share/prims/jni.cpp, line 615]
Event: 2677.052 Thread 0x00000197e51ae800 Exception <a 'sun/nio/fs/WindowsException'{0x000000008ba97998}> (0x000000008ba97998) thrown at [./src/hotspot/share/prims/jni.cpp, line 615]
Event: 2677.054 Thread 0x00000197e51ae800 Exception <a 'sun/nio/fs/WindowsException'{0x000000008ba9ea70}> (0x000000008ba9ea70) thrown at [./src/hotspot/share/prims/jni.cpp, line 615]
Event: 2677.055 Thread 0x00000197e51ae800 Exception <a 'sun/nio/fs/WindowsException'{0x000000008b8bc990}> (0x000000008b8bc990) thrown at [./src/hotspot/share/prims/jni.cpp, line 615]

Events (20 events):
Event: 2676.327 loading class com/android/tools/r8/internal/Lt$a
Event: 2676.327 loading class com/android/tools/r8/internal/Lt$a done
Event: 2676.330 loading class com/android/tools/r8/internal/Aw
Event: 2676.330 loading class com/android/tools/r8/internal/Aw done
Event: 2676.398 loading class com/android/tools/r8/internal/K3$a
Event: 2676.398 loading class com/android/tools/r8/internal/K3$a done
Event: 2676.402 loading class com/android/tools/r8/internal/t1
Event: 2676.402 loading class com/android/tools/r8/internal/t1 done
Event: 2676.413 Executing VM operation: ICBufferFull
Event: 2676.414 Executing VM operation: ICBufferFull done
Event: 2676.609 Executing VM operation: CGC_Operation
Event: 2676.800 Executing VM operation: CGC_Operation done
Event: 2676.874 Executing VM operation: G1CollectForAllocation
Event: 2676.898 Executing VM operation: G1CollectForAllocation done
Event: 2677.014 Executing VM operation: CGC_Operation
Event: 2677.015 Executing VM operation: CGC_Operation done
Event: 2677.106 Executing VM operation: G1CollectForAllocation
Event: 2677.130 Executing VM operation: G1CollectForAllocation done
Event: 2677.162 Executing VM operation: G1CollectForAllocation
Event: 2677.189 Executing VM operation: G1CollectForAllocation done


Dynamic libraries:
0x00007ff7273e0000 - 0x00007ff7273ea000 	C:\Program Files\Android\Android Studio\jre\bin\java.exe
0x00007ffde4830000 - 0x00007ffde4a25000 	C:\Windows\SYSTEM32\ntdll.dll
0x00007ffde2d50000 - 0x00007ffde2e0e000 	C:\Windows\System32\KERNEL32.DLL
0x00007ffde2120000 - 0x00007ffde23e8000 	C:\Windows\System32\KERNELBASE.dll
0x00007ffde2020000 - 0x00007ffde2120000 	C:\Windows\System32\ucrtbase.dll
0x00007ffdda570000 - 0x00007ffdda587000 	C:\Program Files\Android\Android Studio\jre\bin\VCRUNTIME140.dll
0x00007ffddbb80000 - 0x00007ffddbb99000 	C:\Program Files\Android\Android Studio\jre\bin\jli.dll
0x00007ffde2880000 - 0x00007ffde2a21000 	C:\Windows\System32\USER32.dll
0x00007ffdcf3f0000 - 0x00007ffdcf68a000 	C:\Windows\WinSxS\amd64_microsoft.windows.common-controls_6595b64144ccf1df_6.0.19041.1110_none_60b5254171f9507e\COMCTL32.dll
0x00007ffde26b0000 - 0x00007ffde26d2000 	C:\Windows\System32\win32u.dll
0x00007ffde2b60000 - 0x00007ffde2bfe000 	C:\Windows\System32\msvcrt.dll
0x00007ffde2c20000 - 0x00007ffde2c4b000 	C:\Windows\System32\GDI32.dll
0x00007ffde26e0000 - 0x00007ffde27eb000 	C:\Windows\System32\gdi32full.dll
0x00007ffde1f50000 - 0x00007ffde1fed000 	C:\Windows\System32\msvcp_win.dll
0x00007ffde3fa0000 - 0x00007ffde3fd0000 	C:\Windows\System32\IMM32.DLL
0x00007ffdcecd0000 - 0x00007ffdced6d000 	C:\Program Files\Android\Android Studio\jre\bin\msvcp140.dll
0x00007ffda6f40000 - 0x00007ffda7a0f000 	C:\Program Files\Android\Android Studio\jre\bin\server\jvm.dll
0x00007ffde4740000 - 0x00007ffde47ec000 	C:\Windows\System32\ADVAPI32.dll
0x00007ffde2c50000 - 0x00007ffde2ceb000 	C:\Windows\System32\sechost.dll
0x00007ffde3600000 - 0x00007ffde372a000 	C:\Windows\System32\RPCRT4.dll
0x00007ffde3ca0000 - 0x00007ffde3ca8000 	C:\Windows\System32\PSAPI.DLL
0x00007ffdbf7c0000 - 0x00007ffdbf7e7000 	C:\Windows\SYSTEM32\WINMM.dll
0x00007ffdcca30000 - 0x00007ffdcca39000 	C:\Windows\SYSTEM32\WSOCK32.dll
0x00007ffdd91e0000 - 0x00007ffdd91ea000 	C:\Windows\SYSTEM32\VERSION.dll
0x00007ffde3b60000 - 0x00007ffde3bcb000 	C:\Windows\System32\WS2_32.dll
0x00007ffde07d0000 - 0x00007ffde07e2000 	C:\Windows\SYSTEM32\kernel.appcore.dll
0x00007ffddbda0000 - 0x00007ffddbdb1000 	C:\Program Files\Android\Android Studio\jre\bin\verify.dll
0x00007ffde04e0000 - 0x00007ffde06c4000 	C:\Windows\SYSTEM32\DBGHELP.DLL
0x00007ffdc83f0000 - 0x00007ffdc841c000 	C:\Windows\SYSTEM32\dbgcore.DLL
0x00007ffde27f0000 - 0x00007ffde2873000 	C:\Windows\System32\bcryptPrimitives.dll
0x00007ffddbd70000 - 0x00007ffddbd99000 	C:\Program Files\Android\Android Studio\jre\bin\java.dll
0x00007ffddf260000 - 0x00007ffddf26b000 	C:\Program Files\Android\Android Studio\jre\bin\jimage.dll
0x00007ffddbd50000 - 0x00007ffddbd68000 	C:\Program Files\Android\Android Studio\jre\bin\zip.dll
0x00007ffde2e10000 - 0x00007ffde354f000 	C:\Windows\System32\SHELL32.dll
0x00007ffddfc80000 - 0x00007ffde0410000 	C:\Windows\SYSTEM32\windows.storage.dll
0x00007ffde37e0000 - 0x00007ffde3b35000 	C:\Windows\System32\combase.dll
0x00007ffde19a0000 - 0x00007ffde19ce000 	C:\Windows\SYSTEM32\Wldp.dll
0x00007ffde3550000 - 0x00007ffde35fd000 	C:\Windows\System32\SHCORE.dll
0x00007ffde46e0000 - 0x00007ffde4735000 	C:\Windows\System32\shlwapi.dll
0x00007ffde1e90000 - 0x00007ffde1eaf000 	C:\Windows\SYSTEM32\profapi.dll
0x00007ffddbd30000 - 0x00007ffddbd4a000 	C:\Program Files\Android\Android Studio\jre\bin\net.dll
0x00007ffdd6200000 - 0x00007ffdd630c000 	C:\Windows\SYSTEM32\WINHTTP.dll
0x00007ffde1700000 - 0x00007ffde176a000 	C:\Windows\system32\mswsock.dll
0x00007ffdda670000 - 0x00007ffdda684000 	C:\Program Files\Android\Android Studio\jre\bin\nio.dll
0x00007ffdd54f0000 - 0x00007ffdd5517000 	C:\Users\usuario\.gradle\native\8bec1ad78214c89d9ad589b4d07fe93259594b29d510b10fafb7a158f7737e5d\windows-amd64\native-platform.dll
0x00007ffdadfc0000 - 0x00007ffdae0fd000 	C:\Users\usuario\.gradle\native\53dbd7edfb1c66fb8903c78663c9afc45aea4f116125fa6feffd364cf09443e8\windows-amd64\native-platform-file-events.dll
0x00007ffddd210000 - 0x00007ffddd21a000 	C:\Program Files\Android\Android Studio\jre\bin\management.dll
0x00007ffddbf00000 - 0x00007ffddbf0c000 	C:\Program Files\Android\Android Studio\jre\bin\management_ext.dll
0x00007ffde1900000 - 0x00007ffde1918000 	C:\Windows\SYSTEM32\CRYPTSP.dll
0x00007ffde1010000 - 0x00007ffde1044000 	C:\Windows\system32\rsaenh.dll
0x00007ffde1ff0000 - 0x00007ffde2017000 	C:\Windows\System32\bcrypt.dll
0x00007ffde1e10000 - 0x00007ffde1e3e000 	C:\Windows\SYSTEM32\USERENV.dll
0x00007ffde18f0000 - 0x00007ffde18fc000 	C:\Windows\SYSTEM32\CRYPTBASE.dll
0x00007ffde13a0000 - 0x00007ffde13db000 	C:\Windows\SYSTEM32\IPHLPAPI.DLL
0x00007ffde3b40000 - 0x00007ffde3b48000 	C:\Windows\System32\NSI.dll
0x00007ffdd8340000 - 0x00007ffdd8357000 	C:\Windows\SYSTEM32\dhcpcsvc6.DLL
0x00007ffdd7ab0000 - 0x00007ffdd7acd000 	C:\Windows\SYSTEM32\dhcpcsvc.DLL
0x00007ffde13f0000 - 0x00007ffde14bb000 	C:\Windows\SYSTEM32\DNSAPI.dll
0x00007ffddd220000 - 0x00007ffddd23e000 	C:\Users\usuario\AppData\Local\Temp\native-platform469407240832816367dir\native-platform.dll
0x00007ffddbf40000 - 0x00007ffddbf48000 	C:\Program Files\Android\Android Studio\jre\bin\rmi.dll
0x00007ffdd6ed0000 - 0x00007ffdd6ef7000 	C:\Program Files\Android\Android Studio\jre\bin\sunec.dll

dbghelp: loaded successfully - version: 4.0.5 - missing functions: none
symbol engine: initialized successfully - sym options: 0x614 - pdb path: .;C:\Program Files\Android\Android Studio\jre\bin;C:\Windows\SYSTEM32;C:\Windows\WinSxS\amd64_microsoft.windows.common-controls_6595b64144ccf1df_6.0.19041.1110_none_60b5254171f9507e;C:\Program Files\Android\Android Studio\jre\bin\server;C:\Users\usuario\.gradle\native\8bec1ad78214c89d9ad589b4d07fe93259594b29d510b10fafb7a158f7737e5d\windows-amd64;C:\Users\usuario\.gradle\native\53dbd7edfb1c66fb8903c78663c9afc45aea4f116125fa6feffd364cf09443e8\windows-amd64;C:\Users\usuario\AppData\Local\Temp\native-platform469407240832816367dir

VM Arguments:
jvm_args: --add-opens=java.base/java.util=ALL-UNNAMED --add-opens=java.base/java.lang=ALL-UNNAMED --add-opens=java.base/java.lang.invoke=ALL-UNNAMED --add-opens=java.base/java.util=ALL-UNNAMED --add-opens=java.prefs/java.util.prefs=ALL-UNNAMED --add-opens=java.prefs/java.util.prefs=ALL-UNNAMED --add-opens=java.base/java.nio.charset=ALL-UNNAMED --add-opens=java.base/java.net=ALL-UNNAMED --add-opens=java.base/java.util.concurrent.atomic=ALL-UNNAMED -Xmx2048m -Dfile.encoding=UTF-8 -Duser.country=BR -Duser.language=pt -Duser.variant 
java_command: org.gradle.launcher.daemon.bootstrap.GradleDaemon 7.0.2
java_class_path (initial): C:\Users\usuario\.gradle\wrapper\dists\gradle-7.0.2-bin\857tjihv64xamwrf0h14cai3r\gradle-7.0.2\lib\gradle-launcher-7.0.2.jar
Launcher Type: SUN_STANDARD

[Global flags]
     intx CICompilerCount                          = 3                                         {product} {ergonomic}
     uint ConcGCThreads                            = 1                                         {product} {ergonomic}
     uint G1ConcRefinementThreads                  = 4                                         {product} {ergonomic}
   size_t G1HeapRegionSize                         = 1048576                                   {product} {ergonomic}
    uintx GCDrainStackTargetSize                   = 64                                        {product} {ergonomic}
   size_t InitialHeapSize                          = 134217728                                 {product} {ergonomic}
   size_t MarkStackSize                            = 4194304                                   {product} {ergonomic}
   size_t MaxHeapSize                              = 2147483648                                {product} {command line}
   size_t MaxNewSize                               = 1287651328                                {product} {ergonomic}
   size_t MinHeapDeltaBytes                        = 1048576                                   {product} {ergonomic}
    uintx NonNMethodCodeHeapSize                   = 5830732                                {pd product} {ergonomic}
    uintx NonProfiledCodeHeapSize                  = 122913754                              {pd product} {ergonomic}
    uintx ProfiledCodeHeapSize                     = 122913754                              {pd product} {ergonomic}
    uintx ReservedCodeCacheSize                    = 251658240                              {pd product} {ergonomic}
     bool SegmentedCodeCache                       = true                                      {product} {ergonomic}
     bool UseCompressedClassPointers               = true                                 {lp64_product} {ergonomic}
     bool UseCompressedOops                        = true                                 {lp64_product} {ergonomic}
     bool UseG1GC                                  = true                                      {product} {ergonomic}
     bool UseLargePagesIndividualAllocation        = false                                  {pd product} {ergonomic}

Logging:
Log output configuration:
 #0: stdout all=warning uptime,level,tags
 #1: stderr all=off uptime,level,tags

Environment Variables:
JAVA_HOME=C:\Program Files\Java\jdk-17.0.1
PATH=C:\Program Files\Common Files\Oracle\Java\javapath;C:\Windows\system32;C:\Windows;C:\Windows\System32\Wbem;C:\Windows\System32\WindowsPowerShell\v1.0\;C:\Windows\System32\OpenSSH\;C:\Program Files (x86)\Intel\Intel(R) Management Engine Components\DAL;C:\Program Files\Intel\Intel(R) Management Engine Components\DAL;C:\ProgramData\UNIVALI\Portugol Studio;C:\Program Files\Git\cmd;C:\Program Files\Java\jdk-17.0.1\bin;C:\Users\usuario\AppData\Local\Microsoft\WindowsApps;;C:\Program Files\JetBrains\IntelliJ IDEA Community Edition 2021.2.2\bin;
USERNAME=usuario
OS=Windows_NT
PROCESSOR_IDENTIFIER=Intel64 Family 6 Model 78 Stepping 3, GenuineIntel



---------------  S Y S T E M  ---------------

OS: Windows 10 , 64 bit Build 19041 (10.0.19041.1348)
OS uptime: 0 days 18:49 hours

CPU:total 4 (initial active 4) (2 cores per cpu, 2 threads per core) family 6 model 78 stepping 3 microcode 0xea, cmov, cx8, fxsr, mmx, sse, sse2, sse3, ssse3, sse4.1, sse4.2, popcnt, avx, avx2, aes, clmul, erms, 3dnowpref, lzcnt, ht, tsc, tscinvbit, bmi1, bmi2, adx, fma

Memory: 4k page, system-wide physical 8083M (312M free)
TotalPageFile size 12179M (AvailPageFile size 4M)
current process WorkingSet (physical memory assigned to process): 533M, peak: 539M
current process commit charge ("private bytes"): 687M, peak: 691M

vm_info: OpenJDK 64-Bit Server VM (11.0.10+0-b96-7249189) for windows-amd64 JRE (11.0.10+0-b96-7249189), built on Mar 31 2021 21:44:00 by "builder" with MS VC++ 14.0 (VS2015)

END.
