#
# There is insufficient memory for the Java Runtime Environment to continue.
# Native memory allocation (malloc) failed to allocate 32744 bytes for ChunkPool::allocate
# Possible reasons:
#   The system is out of physical RAM or swap space
#   The process is running with CompressedOops enabled, and the Java Heap may be blocking the growth of the native heap
# Possible solutions:
#   Reduce memory load on the system
#   Increase physical memory or swap space
#   Check if swap backing store is full
#   Decrease Java heap size (-Xmx/-Xms)
#   Decrease number of Java threads
#   Decrease Java thread stack sizes (-Xss)
#   Set larger code cache with -XX:ReservedCodeCacheSize=
#   JVM is running with Unscaled Compressed Oops mode in which the Java heap is
#     placed in the first 4GB address space. The Java Heap base address is the
#     maximum limit for the native heap growth. Please use -XX:HeapBaseMinAddress
#     to set the Java Heap base and to place the Java Heap above 4GB virtual address.
# This output file may be truncated or incomplete.
#
#  Out of Memory Error (./src/hotspot/share/memory/arena.cpp:81), pid=10092, tid=7292
#
# JRE version: OpenJDK Runtime Environment (11.0.10) (build 11.0.10+0-b96-7249189)
# Java VM: OpenJDK 64-Bit Server VM (11.0.10+0-b96-7249189, mixed mode, tiered, compressed oops, g1 gc, windows-amd64)
# No core dump will be written. Minidumps are not enabled by default on client versions of Windows
#

---------------  S U M M A R Y ------------

Command Line: --add-opens=java.base/java.util=ALL-UNNAMED --add-opens=java.base/java.lang=ALL-UNNAMED --add-opens=java.base/java.lang.invoke=ALL-UNNAMED --add-opens=java.base/java.util=ALL-UNNAMED --add-opens=java.prefs/java.util.prefs=ALL-UNNAMED --add-opens=java.prefs/java.util.prefs=ALL-UNNAMED --add-opens=java.base/java.nio.charset=ALL-UNNAMED --add-opens=java.base/java.net=ALL-UNNAMED --add-opens=java.base/java.util.concurrent.atomic=ALL-UNNAMED -Xmx2048m -Dfile.encoding=UTF-8 -Duser.country=BR -Duser.language=pt -Duser.variant org.gradle.launcher.daemon.bootstrap.GradleDaemon 7.0.2

Host: Intel(R) Core(TM) i5-6200U CPU @ 2.30GHz, 4 cores, 7G,  Windows 10 , 64 bit Build 19041 (10.0.19041.1348)
Time: Wed Nov 24 14:23:42 2021 Hora oficial do Brasil elapsed time: 129.052111 seconds (0d 0h 2m 9s)

---------------  T H R E A D  ---------------

Current thread (0x000002301b6df800):  JavaThread "C2 CompilerThread0" daemon [_thread_in_native, id=7292, stack(0x000000878d700000,0x000000878d800000)]


Current CompileTask:
C2: 129052 18587       4       jdk.internal.org.objectweb.asm.Frame::execute (2264 bytes)

Stack: [0x000000878d700000,0x000000878d800000]
Native frames: (J=compiled Java code, j=interpreted, Vv=VM code, C=native code)
V  [jvm.dll+0x5ecfaa]
V  [jvm.dll+0x722bd5]
V  [jvm.dll+0x72412d]
V  [jvm.dll+0x7247e3]
V  [jvm.dll+0x242928]
V  [jvm.dll+0xbc75b]
V  [jvm.dll+0xbca0c]
V  [jvm.dll+0x35807e]
V  [jvm.dll+0x4ea2f4]
V  [jvm.dll+0x320b02]
V  [jvm.dll+0x31ffca]
V  [jvm.dll+0x1fb602]
V  [jvm.dll+0x1fa7f4]
V  [jvm.dll+0x18354c]
V  [jvm.dll+0x208ee7]
V  [jvm.dll+0x207731]
V  [jvm.dll+0x6eb1cf]
V  [jvm.dll+0x6e3d45]
V  [jvm.dll+0x5ebe96]
C  [ucrtbase.dll+0x21bb2]
C  [KERNEL32.DLL+0x17034]
C  [ntdll.dll+0x52651]


---------------  P R O C E S S  ---------------

Threads class SMR info:
_java_thread_list=0x0000023027197500, length=52, elements={
0x000002307f27c800, 0x000002301b6c0000, 0x000002301b6c1800, 0x000002301b6d9800,
0x000002301b6da000, 0x000002301b6dc000, 0x000002301b6df800, 0x000002301b6e8800,
0x000002301b6f9800, 0x000002301c1ab000, 0x000002301d7d4000, 0x000002301e914000,
0x000002301d463800, 0x000002301e22f800, 0x000002301e23e000, 0x000002301f232800,
0x000002301f233000, 0x000002301f231800, 0x000002301f234800, 0x000002301f237000,
0x000002301e87a800, 0x000002301e879800, 0x000002301e87c000, 0x000002301e881800,
0x000002301e881000, 0x000002301e883800, 0x000002301e886000, 0x000002302455b000,
0x000002302455f000, 0x000002302455c800, 0x0000023024561000, 0x000002302455c000,
0x0000023024562800, 0x000002302455e800, 0x000002302455d800, 0x0000023024563000,
0x0000023024561800, 0x0000023024564000, 0x0000023024565800, 0x0000023024565000,
0x0000023024560000, 0x0000023024568000, 0x0000023024569000, 0x0000023024566800,
0x0000023024567800, 0x000002301e882800, 0x000002301e87e800, 0x000002301e87d800,
0x000002301e888000, 0x000002301e886800, 0x000002301e884000, 0x000002301e887800
}

Java Threads: ( => current thread )
  0x000002307f27c800 JavaThread "main" [_thread_blocked, id=9320, stack(0x000000878cb00000,0x000000878cc00000)]
  0x000002301b6c0000 JavaThread "Reference Handler" daemon [_thread_blocked, id=1228, stack(0x000000878d200000,0x000000878d300000)]
  0x000002301b6c1800 JavaThread "Finalizer" daemon [_thread_blocked, id=9448, stack(0x000000878d300000,0x000000878d400000)]
  0x000002301b6d9800 JavaThread "Signal Dispatcher" daemon [_thread_blocked, id=7100, stack(0x000000878d400000,0x000000878d500000)]
  0x000002301b6da000 JavaThread "Attach Listener" daemon [_thread_blocked, id=3988, stack(0x000000878d500000,0x000000878d600000)]
  0x000002301b6dc000 JavaThread "Service Thread" daemon [_thread_blocked, id=3636, stack(0x000000878d600000,0x000000878d700000)]
=>0x000002301b6df800 JavaThread "C2 CompilerThread0" daemon [_thread_in_native, id=7292, stack(0x000000878d700000,0x000000878d800000)]
  0x000002301b6e8800 JavaThread "C1 CompilerThread0" daemon [_thread_blocked, id=6440, stack(0x000000878d800000,0x000000878d900000)]
  0x000002301b6f9800 JavaThread "Sweeper thread" daemon [_thread_blocked, id=12076, stack(0x000000878d900000,0x000000878da00000)]
  0x000002301c1ab000 JavaThread "Common-Cleaner" daemon [_thread_blocked, id=4220, stack(0x000000878da00000,0x000000878db00000)]
  0x000002301d7d4000 JavaThread "Daemon health stats" [_thread_blocked, id=9176, stack(0x000000878df00000,0x000000878e000000)]
  0x000002301e914000 JavaThread "Incoming local TCP Connector on port 57652" [_thread_in_native, id=9532, stack(0x000000878dc00000,0x000000878dd00000)]
  0x000002301d463800 JavaThread "Daemon periodic checks" [_thread_blocked, id=7468, stack(0x000000878e000000,0x000000878e100000)]
  0x000002301e22f800 JavaThread "Daemon" [_thread_blocked, id=868, stack(0x000000878e100000,0x000000878e200000)]
  0x000002301e23e000 JavaThread "Daemon worker" [_thread_in_native, id=8412, stack(0x000000878e400000,0x000000878e500000)]
  0x000002301f232800 JavaThread "Cache worker for file hash cache (C:\Users\usuario\.gradle\caches\7.0.2\fileHashes)" [_thread_blocked, id=2284, stack(0x000000878e900000,0x000000878ea00000)]
  0x000002301f233000 JavaThread "File lock request listener" [_thread_in_native, id=9624, stack(0x000000878ea00000,0x000000878eb00000)]
  0x000002301f231800 JavaThread "Cache worker for journal cache (C:\Users\usuario\.gradle\caches\journal-1)" [_thread_blocked, id=11168, stack(0x000000878eb00000,0x000000878ec00000)]
  0x000002301f234800 JavaThread "File watcher server" daemon [_thread_in_native, id=2456, stack(0x000000878ed00000,0x000000878ee00000)]
  0x000002301f237000 JavaThread "File watcher consumer" daemon [_thread_blocked, id=9460, stack(0x000000878ee00000,0x000000878ef00000)]
  0x000002301e87a800 JavaThread "Cache worker for execution history cache (C:\Users\usuario\.gradle\caches\7.0.2\executionHistory)" [_thread_blocked, id=7820, stack(0x000000878f200000,0x000000878f300000)]
  0x000002301e879800 JavaThread "jar transforms" [_thread_blocked, id=11200, stack(0x000000878f300000,0x000000878f400000)]
  0x000002301e87c000 JavaThread "jar transforms Thread 2" [_thread_blocked, id=8780, stack(0x000000878f400000,0x000000878f500000)]
  0x000002301e881800 JavaThread "Cache worker for file content cache (C:\Users\usuario\.gradle\caches\7.0.2\fileContent)" [_thread_blocked, id=9124, stack(0x000000878c900000,0x000000878ca00000)]
  0x000002301e881000 JavaThread "jar transforms Thread 3" [_thread_blocked, id=8080, stack(0x000000878f600000,0x000000878f700000)]
  0x000002301e883800 JavaThread "jar transforms Thread 4" [_thread_blocked, id=9696, stack(0x000000878fc00000,0x000000878fd00000)]
  0x000002301e886000 JavaThread "Memory manager" [_thread_blocked, id=6092, stack(0x000000878ff00000,0x0000008790000000)]
  0x000002302455b000 JavaThread "Handler for socket connection from /127.0.0.1:57652 to /127.0.0.1:60751" [_thread_in_native, id=6896, stack(0x000000878c800000,0x000000878c900000)]
  0x000002302455f000 JavaThread "Cancel handler" [_thread_blocked, id=11196, stack(0x000000878ca00000,0x000000878cb00000)]
  0x000002302455c800 JavaThread "Asynchronous log dispatcher for DefaultDaemonConnection: socket connection from /127.0.0.1:57652 to /127.0.0.1:60751" [_thread_blocked, id=8388, stack(0x000000878e200000,0x000000878e300000)]
  0x0000023024561000 JavaThread "Stdin handler" [_thread_blocked, id=4672, stack(0x000000878e300000,0x000000878e400000)]
  0x000002302455c000 JavaThread "Daemon client event forwarder" [_thread_blocked, id=10376, stack(0x000000878e500000,0x000000878e600000)]
  0x0000023024562800 JavaThread "Cache worker for file hash cache (C:\Users\usuario\Desktop\gitRepositories\GreenNotes\.gradle\7.0.2\fileHashes)" [_thread_blocked, id=4316, stack(0x000000878e600000,0x000000878e700000)]
  0x000002302455e800 JavaThread "Cache worker for checksums cache (C:\Users\usuario\Desktop\gitRepositories\GreenNotes\.gradle\checksums)" [_thread_blocked, id=11520, stack(0x000000878e700000,0x000000878e800000)]
  0x000002302455d800 JavaThread "Cache worker for cache directory md-supplier (C:\Users\usuario\.gradle\caches\7.0.2\md-supplier)" [_thread_blocked, id=8352, stack(0x000000878ec00000,0x000000878ed00000)]
  0x0000023024563000 JavaThread "Cache worker for cache directory md-rule (C:\Users\usuario\.gradle\caches\7.0.2\md-rule)" [_thread_blocked, id=12156, stack(0x000000878ef00000,0x000000878f000000)]
  0x0000023024561800 JavaThread "Cache worker for dependencies-accessors (C:\Users\usuario\Desktop\gitRepositories\GreenNotes\.gradle\7.0.2\dependencies-accessors)" [_thread_blocked, id=3668, stack(0x000000878f000000,0x000000878f100000)]
  0x0000023024564000 JavaThread "Cache worker for Build Output Cleanup Cache (C:\Users\usuario\Desktop\gitRepositories\GreenNotes\.gradle\buildOutputCleanup)" [_thread_blocked, id=6532, stack(0x000000878f100000,0x000000878f200000)]
  0x0000023024565800 JavaThread "Build operations" [_thread_blocked, id=10456, stack(0x000000878f500000,0x000000878f600000)]
  0x0000023024565000 JavaThread "Build operations Thread 2" [_thread_blocked, id=4404, stack(0x000000878f700000,0x000000878f800000)]
  0x0000023024560000 JavaThread "Build operations Thread 3" [_thread_blocked, id=3888, stack(0x000000878f800000,0x000000878f900000)]
  0x0000023024568000 JavaThread "Build operations Thread 4" [_thread_blocked, id=11008, stack(0x000000878f900000,0x000000878fa00000)]
  0x0000023024569000 JavaThread "build event listener" [_thread_blocked, id=7188, stack(0x000000878fb00000,0x000000878fc00000)]
  0x0000023024566800 JavaThread "Execution worker for ':'" [_thread_blocked, id=12284, stack(0x0000008790000000,0x0000008790100000)]
  0x0000023024567800 JavaThread "Execution worker for ':' Thread 2" [_thread_blocked, id=7600, stack(0x0000008790100000,0x0000008790200000)]
  0x000002301e882800 JavaThread "Execution worker for ':' Thread 3" [_thread_blocked, id=3240, stack(0x0000008790200000,0x0000008790300000)]
  0x000002301e87e800 JavaThread "Cache worker for execution history cache (C:\Users\usuario\Desktop\gitRepositories\GreenNotes\.gradle\7.0.2\executionHistory)" [_thread_blocked, id=7952, stack(0x0000008790300000,0x0000008790400000)]
  0x000002301e87d800 JavaThread "RMI Scheduler(0)" daemon [_thread_blocked, id=8752, stack(0x000000878fa00000,0x000000878fb00000)]
  0x000002301e888000 JavaThread "RMI RenewClean-[127.0.0.1:17915,org.jetbrains.kotlin.daemon.common.LoopbackNetworkInterface$ClientLoopbackSocketFactory@c2f66a6]" daemon [_thread_blocked, id=3696, stack(0x0000008790400000,0x0000008790500000)]
  0x000002301e886800 JavaThread "RMI GC Daemon" daemon [_thread_blocked, id=10816, stack(0x0000008790500000,0x0000008790600000)]
  0x000002301e884000 JavaThread "RMI TCP Accept-0" daemon [_thread_in_native, id=9932, stack(0x0000008790600000,0x0000008790700000)]
  0x000002301e887800 JavaThread "RMI Reaper" [_thread_blocked, id=7080, stack(0x0000008790700000,0x0000008790800000)]

Other Threads:
  0x000002301b6ba000 VMThread "VM Thread" [stack: 0x000000878d100000,0x000000878d200000] [id=2692]
  0x000002301c1d4000 WatcherThread [stack: 0x000000878db00000,0x000000878dc00000] [id=10756]
  0x000002307f296000 GCTaskThread "GC Thread#0" [stack: 0x000000878cc00000,0x000000878cd00000] [id=11120]
  0x000002301cc22800 GCTaskThread "GC Thread#1" [stack: 0x000000878dd00000,0x000000878de00000] [id=1800]
  0x000002301c5d7000 GCTaskThread "GC Thread#2" [stack: 0x000000878de00000,0x000000878df00000] [id=7896]
  0x000002301e669800 GCTaskThread "GC Thread#3" [stack: 0x000000878e800000,0x000000878e900000] [id=8436]
  0x000002307f2c7000 ConcurrentGCThread "G1 Main Marker" [stack: 0x000000878cd00000,0x000000878ce00000] [id=6856]
  0x000002307f2c8800 ConcurrentGCThread "G1 Conc#0" [stack: 0x000000878ce00000,0x000000878cf00000] [id=10904]
  0x000002307f35c000 ConcurrentGCThread "G1 Refine#0" [stack: 0x000000878cf00000,0x000000878d000000] [id=8404]
  0x000002301fde3800 ConcurrentGCThread "G1 Refine#1" [stack: 0x0000008790e00000,0x0000008790f00000] [id=8296]
  0x000002307f35d000 ConcurrentGCThread "G1 Young RemSet Sampling" [stack: 0x000000878d000000,0x000000878d100000] [id=7240]

Threads with active compile tasks:
C2 CompilerThread0 129105 18587       4       jdk.internal.org.objectweb.asm.Frame::execute (2264 bytes)

VM state:not at safepoint (normal execution)

VM Mutex/Monitor currently owned by a thread: None

Heap address: 0x0000000080000000, size: 2048 MB, Compressed Oops mode: 32-bit
Narrow klass base: 0x0000000000000000, Narrow klass shift: 3
Compressed class space size: 1073741824 Address: 0x0000000100000000

Heap:
 garbage-first heap   total 367616K, used 234290K [0x0000000080000000, 0x0000000100000000)
  region size 1024K, 25 young (25600K), 8 survivors (8192K)
 Metaspace       used 113645K, capacity 116564K, committed 116684K, reserved 1150976K
  class space    used 14392K, capacity 15464K, committed 15564K, reserved 1048576K
Heap Regions: E=young(eden), S=young(survivor), O=old, HS=humongous(starts), HC=humongous(continues), CS=collection set, F=free, A=archive, TAMS=top-at-mark-start (previous, next)
|   0|0x0000000080000000, 0x0000000080100000, 0x0000000080100000|100%| O|  |TAMS 0x0000000080100000, 0x0000000080000000| Untracked 
|   1|0x0000000080100000, 0x0000000080200000, 0x0000000080200000|100%| O|  |TAMS 0x0000000080200000, 0x0000000080100000| Untracked 
|   2|0x0000000080200000, 0x0000000080300000, 0x0000000080300000|100%| O|  |TAMS 0x0000000080300000, 0x0000000080200000| Untracked 
|   3|0x0000000080300000, 0x0000000080400000, 0x0000000080400000|100%|HS|  |TAMS 0x0000000080400000, 0x0000000080300000| Complete 
|   4|0x0000000080400000, 0x0000000080500000, 0x0000000080500000|100%|HC|  |TAMS 0x0000000080500000, 0x0000000080400000| Complete 
|   5|0x0000000080500000, 0x0000000080600000, 0x0000000080600000|100%|HC|  |TAMS 0x0000000080600000, 0x0000000080500000| Complete 
|   6|0x0000000080600000, 0x0000000080700000, 0x0000000080700000|100%| O|  |TAMS 0x0000000080700000, 0x0000000080600000| Untracked 
|   7|0x0000000080700000, 0x0000000080800000, 0x0000000080800000|100%| O|  |TAMS 0x0000000080800000, 0x0000000080700000| Untracked 
|   8|0x0000000080800000, 0x0000000080900000, 0x0000000080900000|100%| O|  |TAMS 0x0000000080900000, 0x0000000080800000| Untracked 
|   9|0x0000000080900000, 0x0000000080a00000, 0x0000000080a00000|100%| O|  |TAMS 0x0000000080a00000, 0x0000000080900000| Untracked 
|  10|0x0000000080a00000, 0x0000000080b00000, 0x0000000080b00000|100%| O|  |TAMS 0x0000000080b00000, 0x0000000080a00000| Untracked 
|  11|0x0000000080b00000, 0x0000000080c00000, 0x0000000080c00000|100%| O|  |TAMS 0x0000000080c00000, 0x0000000080b00000| Untracked 
|  12|0x0000000080c00000, 0x0000000080d00000, 0x0000000080d00000|100%| O|  |TAMS 0x0000000080d00000, 0x0000000080c00000| Untracked 
|  13|0x0000000080d00000, 0x0000000080e00000, 0x0000000080e00000|100%| O|  |TAMS 0x0000000080e00000, 0x0000000080d00000| Untracked 
|  14|0x0000000080e00000, 0x0000000080f00000, 0x0000000080f00000|100%| O|  |TAMS 0x0000000080f00000, 0x0000000080e00000| Untracked 
|  15|0x0000000080f00000, 0x0000000081000000, 0x0000000081000000|100%| O|  |TAMS 0x0000000081000000, 0x0000000080f00000| Untracked 
|  16|0x0000000081000000, 0x0000000081100000, 0x0000000081100000|100%| O|  |TAMS 0x0000000081100000, 0x0000000081000000| Untracked 
|  17|0x0000000081100000, 0x0000000081200000, 0x0000000081200000|100%| O|  |TAMS 0x0000000081200000, 0x0000000081100000| Untracked 
|  18|0x0000000081200000, 0x0000000081300000, 0x0000000081300000|100%| O|  |TAMS 0x0000000081300000, 0x0000000081200000| Untracked 
|  19|0x0000000081300000, 0x0000000081400000, 0x0000000081400000|100%|HS|  |TAMS 0x0000000081400000, 0x0000000081300000| Complete 
|  20|0x0000000081400000, 0x0000000081500000, 0x0000000081500000|100%| O|  |TAMS 0x0000000081500000, 0x0000000081400000| Untracked 
|  21|0x0000000081500000, 0x0000000081600000, 0x0000000081600000|100%| O|  |TAMS 0x0000000081600000, 0x0000000081500000| Untracked 
|  22|0x0000000081600000, 0x0000000081700000, 0x0000000081700000|100%| O|  |TAMS 0x0000000081700000, 0x0000000081600000| Untracked 
|  23|0x0000000081700000, 0x0000000081800000, 0x0000000081800000|100%| O|  |TAMS 0x0000000081800000, 0x0000000081700000| Untracked 
|  24|0x0000000081800000, 0x0000000081900000, 0x0000000081900000|100%| O|  |TAMS 0x0000000081900000, 0x0000000081800000| Untracked 
|  25|0x0000000081900000, 0x0000000081a00000, 0x0000000081a00000|100%| O|  |TAMS 0x0000000081a00000, 0x0000000081900000| Untracked 
|  26|0x0000000081a00000, 0x0000000081b00000, 0x0000000081b00000|100%|HS|  |TAMS 0x0000000081b00000, 0x0000000081a00000| Complete 
|  27|0x0000000081b00000, 0x0000000081c00000, 0x0000000081c00000|100%|HS|  |TAMS 0x0000000081c00000, 0x0000000081b00000| Complete 
|  28|0x0000000081c00000, 0x0000000081d00000, 0x0000000081d00000|100%|HS|  |TAMS 0x0000000081d00000, 0x0000000081c00000| Complete 
|  29|0x0000000081d00000, 0x0000000081e00000, 0x0000000081e00000|100%|HC|  |TAMS 0x0000000081e00000, 0x0000000081d00000| Complete 
|  30|0x0000000081e00000, 0x0000000081f00000, 0x0000000081f00000|100%|HC|  |TAMS 0x0000000081f00000, 0x0000000081e00000| Complete 
|  31|0x0000000081f00000, 0x0000000082000000, 0x0000000082000000|100%|HS|  |TAMS 0x0000000082000000, 0x0000000081f00000| Complete 
|  32|0x0000000082000000, 0x0000000082100000, 0x0000000082100000|100%|HC|  |TAMS 0x0000000082100000, 0x0000000082000000| Complete 
|  33|0x0000000082100000, 0x0000000082200000, 0x0000000082200000|100%| O|  |TAMS 0x0000000082200000, 0x0000000082100000| Untracked 
|  34|0x0000000082200000, 0x0000000082300000, 0x0000000082300000|100%| O|  |TAMS 0x0000000082300000, 0x0000000082200000| Untracked 
|  35|0x0000000082300000, 0x0000000082400000, 0x0000000082400000|100%| O|  |TAMS 0x0000000082400000, 0x0000000082300000| Untracked 
|  36|0x0000000082400000, 0x0000000082500000, 0x0000000082500000|100%| O|  |TAMS 0x0000000082500000, 0x0000000082400000| Untracked 
|  37|0x0000000082500000, 0x0000000082600000, 0x0000000082600000|100%| O|  |TAMS 0x0000000082600000, 0x0000000082500000| Untracked 
|  38|0x0000000082600000, 0x0000000082700000, 0x0000000082700000|100%| O|  |TAMS 0x0000000082700000, 0x0000000082600000| Untracked 
|  39|0x0000000082700000, 0x0000000082800000, 0x0000000082800000|100%| O|  |TAMS 0x0000000082800000, 0x0000000082700000| Untracked 
|  40|0x0000000082800000, 0x0000000082900000, 0x0000000082900000|100%| O|  |TAMS 0x0000000082900000, 0x0000000082800000| Untracked 
|  41|0x0000000082900000, 0x0000000082a00000, 0x0000000082a00000|100%| O|  |TAMS 0x0000000082a00000, 0x0000000082900000| Untracked 
|  42|0x0000000082a00000, 0x0000000082b00000, 0x0000000082b00000|100%| O|  |TAMS 0x0000000082b00000, 0x0000000082a00000| Untracked 
|  43|0x0000000082b00000, 0x0000000082c00000, 0x0000000082c00000|100%| O|  |TAMS 0x0000000082c00000, 0x0000000082b00000| Untracked 
|  44|0x0000000082c00000, 0x0000000082d00000, 0x0000000082d00000|100%| O|  |TAMS 0x0000000082d00000, 0x0000000082c00000| Untracked 
|  45|0x0000000082d00000, 0x0000000082e00000, 0x0000000082e00000|100%| O|  |TAMS 0x0000000082e00000, 0x0000000082d00000| Untracked 
|  46|0x0000000082e00000, 0x0000000082f00000, 0x0000000082f00000|100%| O|  |TAMS 0x0000000082f00000, 0x0000000082e00000| Untracked 
|  47|0x0000000082f00000, 0x0000000083000000, 0x0000000083000000|100%| O|  |TAMS 0x0000000083000000, 0x0000000082f00000| Untracked 
|  48|0x0000000083000000, 0x0000000083100000, 0x0000000083100000|100%| O|  |TAMS 0x0000000083100000, 0x0000000083000000| Untracked 
|  49|0x0000000083100000, 0x0000000083200000, 0x0000000083200000|100%| O|  |TAMS 0x0000000083200000, 0x0000000083100000| Untracked 
|  50|0x0000000083200000, 0x0000000083300000, 0x0000000083300000|100%| O|  |TAMS 0x0000000083300000, 0x0000000083200000| Untracked 
|  51|0x0000000083300000, 0x0000000083400000, 0x0000000083400000|100%| O|  |TAMS 0x0000000083400000, 0x0000000083300000| Untracked 
|  52|0x0000000083400000, 0x0000000083500000, 0x0000000083500000|100%| O|  |TAMS 0x0000000083500000, 0x0000000083400000| Untracked 
|  53|0x0000000083500000, 0x0000000083600000, 0x0000000083600000|100%| O|  |TAMS 0x0000000083600000, 0x0000000083500000| Untracked 
|  54|0x0000000083600000, 0x0000000083700000, 0x0000000083700000|100%| O|  |TAMS 0x0000000083700000, 0x0000000083600000| Untracked 
|  55|0x0000000083700000, 0x0000000083800000, 0x0000000083800000|100%| O|  |TAMS 0x0000000083800000, 0x0000000083700000| Untracked 
|  56|0x0000000083800000, 0x0000000083900000, 0x0000000083900000|100%| O|  |TAMS 0x0000000083900000, 0x0000000083800000| Untracked 
|  57|0x0000000083900000, 0x0000000083a00000, 0x0000000083a00000|100%| O|  |TAMS 0x0000000083a00000, 0x0000000083900000| Untracked 
|  58|0x0000000083a00000, 0x0000000083b00000, 0x0000000083b00000|100%| O|  |TAMS 0x0000000083b00000, 0x0000000083a00000| Untracked 
|  59|0x0000000083b00000, 0x0000000083c00000, 0x0000000083c00000|100%| O|  |TAMS 0x0000000083c00000, 0x0000000083b00000| Untracked 
|  60|0x0000000083c00000, 0x0000000083d00000, 0x0000000083d00000|100%| O|  |TAMS 0x0000000083d00000, 0x0000000083c00000| Untracked 
|  61|0x0000000083d00000, 0x0000000083e00000, 0x0000000083e00000|100%| O|  |TAMS 0x0000000083e00000, 0x0000000083d00000| Untracked 
|  62|0x0000000083e00000, 0x0000000083f00000, 0x0000000083f00000|100%| O|  |TAMS 0x0000000083f00000, 0x0000000083e00000| Untracked 
|  63|0x0000000083f00000, 0x0000000084000000, 0x0000000084000000|100%| O|  |TAMS 0x0000000084000000, 0x0000000083f00000| Untracked 
|  64|0x0000000084000000, 0x0000000084100000, 0x0000000084100000|100%| O|  |TAMS 0x0000000084100000, 0x0000000084000000| Untracked 
|  65|0x0000000084100000, 0x0000000084200000, 0x0000000084200000|100%| O|  |TAMS 0x0000000084200000, 0x0000000084100000| Untracked 
|  66|0x0000000084200000, 0x0000000084300000, 0x0000000084300000|100%| O|  |TAMS 0x0000000084300000, 0x0000000084200000| Untracked 
|  67|0x0000000084300000, 0x0000000084400000, 0x0000000084400000|100%| O|  |TAMS 0x0000000084400000, 0x0000000084300000| Untracked 
|  68|0x0000000084400000, 0x0000000084500000, 0x0000000084500000|100%|HS|  |TAMS 0x0000000084500000, 0x0000000084400000| Complete 
|  69|0x0000000084500000, 0x0000000084600000, 0x0000000084600000|100%| O|  |TAMS 0x0000000084600000, 0x0000000084500000| Untracked 
|  70|0x0000000084600000, 0x0000000084700000, 0x0000000084700000|100%| O|  |TAMS 0x0000000084700000, 0x0000000084600000| Untracked 
|  71|0x0000000084700000, 0x0000000084800000, 0x0000000084800000|100%| O|  |TAMS 0x0000000084800000, 0x0000000084700000| Untracked 
|  72|0x0000000084800000, 0x0000000084900000, 0x0000000084900000|100%| O|  |TAMS 0x0000000084900000, 0x0000000084800000| Untracked 
|  73|0x0000000084900000, 0x0000000084a00000, 0x0000000084a00000|100%| O|  |TAMS 0x0000000084a00000, 0x0000000084900000| Untracked 
|  74|0x0000000084a00000, 0x0000000084b00000, 0x0000000084b00000|100%| O|  |TAMS 0x0000000084b00000, 0x0000000084a00000| Untracked 
|  75|0x0000000084b00000, 0x0000000084c00000, 0x0000000084c00000|100%| O|  |TAMS 0x0000000084c00000, 0x0000000084b00000| Untracked 
|  76|0x0000000084c00000, 0x0000000084d00000, 0x0000000084d00000|100%|HS|  |TAMS 0x0000000084d00000, 0x0000000084c00000| Complete 
|  77|0x0000000084d00000, 0x0000000084e00000, 0x0000000084e00000|100%|HC|  |TAMS 0x0000000084e00000, 0x0000000084d00000| Complete 
|  78|0x0000000084e00000, 0x0000000084f00000, 0x0000000084f00000|100%| O|  |TAMS 0x0000000084f00000, 0x0000000084e00000| Untracked 
|  79|0x0000000084f00000, 0x0000000085000000, 0x0000000085000000|100%|HS|  |TAMS 0x0000000084f00000, 0x0000000084f00000| Complete 
|  80|0x0000000085000000, 0x0000000085100000, 0x0000000085100000|100%|HS|  |TAMS 0x0000000085100000, 0x0000000085000000| Complete 
|  81|0x0000000085100000, 0x0000000085200000, 0x0000000085200000|100%| O|  |TAMS 0x0000000085200000, 0x0000000085100000| Untracked 
|  82|0x0000000085200000, 0x0000000085300000, 0x0000000085300000|100%|HS|  |TAMS 0x0000000085300000, 0x0000000085200000| Complete 
|  83|0x0000000085300000, 0x0000000085400000, 0x0000000085400000|100%|HC|  |TAMS 0x0000000085400000, 0x0000000085300000| Complete 
|  84|0x0000000085400000, 0x0000000085500000, 0x0000000085500000|100%|HC|  |TAMS 0x0000000085500000, 0x0000000085400000| Complete 
|  85|0x0000000085500000, 0x0000000085600000, 0x0000000085600000|100%|HS|  |TAMS 0x0000000085600000, 0x0000000085500000| Complete 
|  86|0x0000000085600000, 0x0000000085700000, 0x0000000085700000|100%| O|  |TAMS 0x0000000085700000, 0x0000000085600000| Untracked 
|  87|0x0000000085700000, 0x0000000085800000, 0x0000000085800000|100%| O|  |TAMS 0x0000000085800000, 0x0000000085700000| Untracked 
|  88|0x0000000085800000, 0x0000000085900000, 0x0000000085900000|100%| O|  |TAMS 0x0000000085900000, 0x0000000085800000| Untracked 
|  89|0x0000000085900000, 0x0000000085a00000, 0x0000000085a00000|100%| O|  |TAMS 0x0000000085a00000, 0x0000000085900000| Untracked 
|  90|0x0000000085a00000, 0x0000000085b00000, 0x0000000085b00000|100%|HS|  |TAMS 0x0000000085b00000, 0x0000000085a00000| Complete 
|  91|0x0000000085b00000, 0x0000000085c00000, 0x0000000085c00000|100%| O|  |TAMS 0x0000000085c00000, 0x0000000085b00000| Untracked 
|  92|0x0000000085c00000, 0x0000000085d00000, 0x0000000085d00000|100%|HS|  |TAMS 0x0000000085d00000, 0x0000000085c00000| Complete 
|  93|0x0000000085d00000, 0x0000000085e00000, 0x0000000085e00000|100%|HC|  |TAMS 0x0000000085e00000, 0x0000000085d00000| Complete 
|  94|0x0000000085e00000, 0x0000000085f00000, 0x0000000085f00000|100%| O|  |TAMS 0x0000000085f00000, 0x0000000085e00000| Untracked 
|  95|0x0000000085f00000, 0x0000000086000000, 0x0000000086000000|100%|HS|  |TAMS 0x0000000086000000, 0x0000000085f00000| Complete 
|  96|0x0000000086000000, 0x0000000086100000, 0x0000000086100000|100%| O|  |TAMS 0x0000000086100000, 0x0000000086000000| Untracked 
|  97|0x0000000086100000, 0x0000000086200000, 0x0000000086200000|100%| O|  |TAMS 0x0000000086200000, 0x0000000086100000| Untracked 
|  98|0x0000000086200000, 0x0000000086300000, 0x0000000086300000|100%| O|  |TAMS 0x0000000086300000, 0x0000000086200000| Untracked 
|  99|0x0000000086300000, 0x0000000086400000, 0x0000000086400000|100%|HS|  |TAMS 0x0000000086400000, 0x0000000086300000| Complete 
| 100|0x0000000086400000, 0x0000000086500000, 0x0000000086500000|100%| O|  |TAMS 0x0000000086500000, 0x0000000086400000| Untracked 
| 101|0x0000000086500000, 0x0000000086600000, 0x0000000086600000|100%| O|  |TAMS 0x0000000086600000, 0x0000000086500000| Untracked 
| 102|0x0000000086600000, 0x0000000086700000, 0x0000000086700000|100%| O|  |TAMS 0x0000000086700000, 0x0000000086600000| Untracked 
| 103|0x0000000086700000, 0x0000000086800000, 0x0000000086800000|100%|HS|  |TAMS 0x0000000086800000, 0x0000000086700000| Complete 
| 104|0x0000000086800000, 0x0000000086900000, 0x0000000086900000|100%|HC|  |TAMS 0x0000000086900000, 0x0000000086800000| Complete 
| 105|0x0000000086900000, 0x0000000086a00000, 0x0000000086a00000|100%|HC|  |TAMS 0x0000000086a00000, 0x0000000086900000| Complete 
| 106|0x0000000086a00000, 0x0000000086b00000, 0x0000000086b00000|100%| O|  |TAMS 0x0000000086b00000, 0x0000000086a00000| Untracked 
| 107|0x0000000086b00000, 0x0000000086c00000, 0x0000000086c00000|100%|HS|  |TAMS 0x0000000086c00000, 0x0000000086b00000| Complete 
| 108|0x0000000086c00000, 0x0000000086d00000, 0x0000000086d00000|100%| O|  |TAMS 0x0000000086d00000, 0x0000000086c00000| Untracked 
| 109|0x0000000086d00000, 0x0000000086e00000, 0x0000000086e00000|100%| O|  |TAMS 0x0000000086e00000, 0x0000000086d00000| Untracked 
| 110|0x0000000086e00000, 0x0000000086f00000, 0x0000000086f00000|100%| O|  |TAMS 0x0000000086f00000, 0x0000000086e00000| Untracked 
| 111|0x0000000086f00000, 0x0000000087000000, 0x0000000087000000|100%| O|  |TAMS 0x0000000087000000, 0x0000000086f00000| Untracked 
| 112|0x0000000087000000, 0x0000000087100000, 0x0000000087100000|100%| O|  |TAMS 0x0000000087100000, 0x0000000087000000| Untracked 
| 113|0x0000000087100000, 0x0000000087200000, 0x0000000087200000|100%| O|  |TAMS 0x0000000087200000, 0x0000000087100000| Untracked 
| 114|0x0000000087200000, 0x0000000087300000, 0x0000000087300000|100%| O|  |TAMS 0x0000000087300000, 0x0000000087200000| Untracked 
| 115|0x0000000087300000, 0x0000000087400000, 0x0000000087400000|100%| O|  |TAMS 0x0000000087400000, 0x0000000087300000| Untracked 
| 116|0x0000000087400000, 0x0000000087500000, 0x0000000087500000|100%| O|  |TAMS 0x0000000087500000, 0x0000000087400000| Untracked 
| 117|0x0000000087500000, 0x0000000087600000, 0x0000000087600000|100%| O|  |TAMS 0x0000000087600000, 0x0000000087500000| Untracked 
| 118|0x0000000087600000, 0x0000000087700000, 0x0000000087700000|100%| O|  |TAMS 0x0000000087700000, 0x0000000087600000| Untracked 
| 119|0x0000000087700000, 0x0000000087800000, 0x0000000087800000|100%| O|  |TAMS 0x0000000087800000, 0x0000000087700000| Untracked 
| 120|0x0000000087800000, 0x0000000087900000, 0x0000000087900000|100%| O|  |TAMS 0x0000000087900000, 0x0000000087800000| Untracked 
| 121|0x0000000087900000, 0x0000000087a00000, 0x0000000087a00000|100%| O|  |TAMS 0x0000000087a00000, 0x0000000087900000| Untracked 
| 122|0x0000000087a00000, 0x0000000087b00000, 0x0000000087b00000|100%| O|  |TAMS 0x0000000087b00000, 0x0000000087a00000| Untracked 
| 123|0x0000000087b00000, 0x0000000087c00000, 0x0000000087c00000|100%| O|  |TAMS 0x0000000087c00000, 0x0000000087b00000| Untracked 
| 124|0x0000000087c00000, 0x0000000087d00000, 0x0000000087d00000|100%| O|  |TAMS 0x0000000087d00000, 0x0000000087c00000| Untracked 
| 125|0x0000000087d00000, 0x0000000087e00000, 0x0000000087e00000|100%| O|  |TAMS 0x0000000087e00000, 0x0000000087d00000| Untracked 
| 126|0x0000000087e00000, 0x0000000087f00000, 0x0000000087f00000|100%| O|  |TAMS 0x0000000087f00000, 0x0000000087e00000| Untracked 
| 127|0x0000000087f00000, 0x0000000088000000, 0x0000000088000000|100%| O|  |TAMS 0x0000000088000000, 0x0000000087f00000| Untracked 
| 128|0x0000000088000000, 0x0000000088100000, 0x0000000088100000|100%| O|  |TAMS 0x0000000088100000, 0x0000000088000000| Untracked 
| 129|0x0000000088100000, 0x0000000088200000, 0x0000000088200000|100%| O|  |TAMS 0x0000000088200000, 0x0000000088100000| Untracked 
| 130|0x0000000088200000, 0x0000000088300000, 0x0000000088300000|100%| O|  |TAMS 0x0000000088300000, 0x0000000088200000| Untracked 
| 131|0x0000000088300000, 0x0000000088400000, 0x0000000088400000|100%| O|  |TAMS 0x0000000088400000, 0x0000000088300000| Untracked 
| 132|0x0000000088400000, 0x0000000088500000, 0x0000000088500000|100%| O|  |TAMS 0x0000000088500000, 0x0000000088400000| Untracked 
| 133|0x0000000088500000, 0x0000000088600000, 0x0000000088600000|100%| O|  |TAMS 0x0000000088600000, 0x0000000088500000| Untracked 
| 134|0x0000000088600000, 0x0000000088700000, 0x0000000088700000|100%| O|  |TAMS 0x0000000088700000, 0x0000000088600000| Untracked 
| 135|0x0000000088700000, 0x0000000088800000, 0x0000000088800000|100%| O|  |TAMS 0x0000000088800000, 0x0000000088700000| Untracked 
| 136|0x0000000088800000, 0x0000000088900000, 0x0000000088900000|100%| O|  |TAMS 0x0000000088900000, 0x0000000088800000| Untracked 
| 137|0x0000000088900000, 0x0000000088a00000, 0x0000000088a00000|100%| O|  |TAMS 0x0000000088a00000, 0x0000000088900000| Untracked 
| 138|0x0000000088a00000, 0x0000000088b00000, 0x0000000088b00000|100%| O|  |TAMS 0x0000000088b00000, 0x0000000088a00000| Untracked 
| 139|0x0000000088b00000, 0x0000000088c00000, 0x0000000088c00000|100%| O|  |TAMS 0x0000000088c00000, 0x0000000088b00000| Untracked 
| 140|0x0000000088c00000, 0x0000000088d00000, 0x0000000088d00000|100%| O|  |TAMS 0x0000000088d00000, 0x0000000088c00000| Untracked 
| 141|0x0000000088d00000, 0x0000000088e00000, 0x0000000088e00000|100%| O|  |TAMS 0x0000000088e00000, 0x0000000088d00000| Untracked 
| 142|0x0000000088e00000, 0x0000000088f00000, 0x0000000088f00000|100%| O|  |TAMS 0x0000000088f00000, 0x0000000088e00000| Untracked 
| 143|0x0000000088f00000, 0x0000000089000000, 0x0000000089000000|100%| O|  |TAMS 0x0000000089000000, 0x0000000088f00000| Untracked 
| 144|0x0000000089000000, 0x0000000089100000, 0x0000000089100000|100%| O|  |TAMS 0x0000000089100000, 0x0000000089000000| Untracked 
| 145|0x0000000089100000, 0x0000000089200000, 0x0000000089200000|100%| O|  |TAMS 0x0000000089200000, 0x0000000089100000| Untracked 
| 146|0x0000000089200000, 0x0000000089300000, 0x0000000089300000|100%| O|  |TAMS 0x0000000089300000, 0x0000000089200000| Untracked 
| 147|0x0000000089300000, 0x0000000089400000, 0x0000000089400000|100%| O|  |TAMS 0x0000000089400000, 0x0000000089300000| Untracked 
| 148|0x0000000089400000, 0x0000000089500000, 0x0000000089500000|100%| O|  |TAMS 0x0000000089500000, 0x0000000089400000| Untracked 
| 149|0x0000000089500000, 0x0000000089600000, 0x0000000089600000|100%| O|  |TAMS 0x0000000089600000, 0x0000000089500000| Untracked 
| 150|0x0000000089600000, 0x0000000089700000, 0x0000000089700000|100%| O|  |TAMS 0x0000000089700000, 0x0000000089600000| Untracked 
| 151|0x0000000089700000, 0x0000000089800000, 0x0000000089800000|100%| O|  |TAMS 0x00000000897bfe00, 0x0000000089700000| Untracked 
| 152|0x0000000089800000, 0x0000000089900000, 0x0000000089900000|100%| O|  |TAMS 0x0000000089800000, 0x0000000089800000| Untracked 
| 153|0x0000000089900000, 0x0000000089a00000, 0x0000000089a00000|100%| O|  |TAMS 0x0000000089900000, 0x0000000089900000| Untracked 
| 154|0x0000000089a00000, 0x0000000089b00000, 0x0000000089b00000|100%| O|  |TAMS 0x0000000089a00000, 0x0000000089a00000| Untracked 
| 155|0x0000000089b00000, 0x0000000089c00000, 0x0000000089c00000|100%| O|  |TAMS 0x0000000089b00000, 0x0000000089b00000| Untracked 
| 156|0x0000000089c00000, 0x0000000089d00000, 0x0000000089d00000|100%| O|  |TAMS 0x0000000089c00000, 0x0000000089c00000| Untracked 
| 157|0x0000000089d00000, 0x0000000089e00000, 0x0000000089e00000|100%| O|  |TAMS 0x0000000089d00000, 0x0000000089d00000| Untracked 
| 158|0x0000000089e00000, 0x0000000089f00000, 0x0000000089f00000|100%| O|  |TAMS 0x0000000089e00000, 0x0000000089e00000| Untracked 
| 159|0x0000000089f00000, 0x000000008a000000, 0x000000008a000000|100%| O|  |TAMS 0x0000000089f00000, 0x0000000089f00000| Untracked 
| 160|0x000000008a000000, 0x000000008a100000, 0x000000008a100000|100%| O|  |TAMS 0x000000008a000000, 0x000000008a000000| Untracked 
| 161|0x000000008a100000, 0x000000008a200000, 0x000000008a200000|100%| O|  |TAMS 0x000000008a100000, 0x000000008a100000| Untracked 
| 162|0x000000008a200000, 0x000000008a300000, 0x000000008a300000|100%| O|  |TAMS 0x000000008a200000, 0x000000008a200000| Untracked 
| 163|0x000000008a300000, 0x000000008a400000, 0x000000008a400000|100%| O|  |TAMS 0x000000008a300000, 0x000000008a300000| Untracked 
| 164|0x000000008a400000, 0x000000008a500000, 0x000000008a500000|100%| O|  |TAMS 0x000000008a400000, 0x000000008a400000| Untracked 
| 165|0x000000008a500000, 0x000000008a600000, 0x000000008a600000|100%| O|  |TAMS 0x000000008a500000, 0x000000008a500000| Untracked 
| 166|0x000000008a600000, 0x000000008a700000, 0x000000008a700000|100%|HS|  |TAMS 0x000000008a600000, 0x000000008a600000| Complete 
| 167|0x000000008a700000, 0x000000008a800000, 0x000000008a800000|100%|HS|  |TAMS 0x000000008a700000, 0x000000008a700000| Complete 
| 168|0x000000008a800000, 0x000000008a900000, 0x000000008a900000|100%|HC|  |TAMS 0x000000008a800000, 0x000000008a800000| Complete 
| 169|0x000000008a900000, 0x000000008aa00000, 0x000000008aa00000|100%|HS|  |TAMS 0x000000008a900000, 0x000000008a900000| Complete 
| 170|0x000000008aa00000, 0x000000008ab00000, 0x000000008ab00000|100%|HC|  |TAMS 0x000000008aa00000, 0x000000008aa00000| Complete 
| 171|0x000000008ab00000, 0x000000008ac00000, 0x000000008ac00000|100%|HS|  |TAMS 0x000000008ab00000, 0x000000008ab00000| Complete 
| 172|0x000000008ac00000, 0x000000008ad00000, 0x000000008ad00000|100%|HS|  |TAMS 0x000000008ac00000, 0x000000008ac00000| Complete 
| 173|0x000000008ad00000, 0x000000008ae00000, 0x000000008ae00000|100%|HS|  |TAMS 0x000000008ad00000, 0x000000008ad00000| Complete 
| 174|0x000000008ae00000, 0x000000008af00000, 0x000000008af00000|100%|HC|  |TAMS 0x000000008ae00000, 0x000000008ae00000| Complete 
| 175|0x000000008af00000, 0x000000008b000000, 0x000000008b000000|100%|HS|  |TAMS 0x000000008af00000, 0x000000008af00000| Complete 
| 176|0x000000008b000000, 0x000000008b100000, 0x000000008b100000|100%|HS|  |TAMS 0x000000008b000000, 0x000000008b000000| Complete 
| 177|0x000000008b100000, 0x000000008b200000, 0x000000008b200000|100%|HS|  |TAMS 0x000000008b100000, 0x000000008b100000| Complete 
| 178|0x000000008b200000, 0x000000008b300000, 0x000000008b300000|100%|HS|  |TAMS 0x000000008b200000, 0x000000008b200000| Complete 
| 179|0x000000008b300000, 0x000000008b400000, 0x000000008b400000|100%|HS|  |TAMS 0x000000008b300000, 0x000000008b300000| Complete 
| 180|0x000000008b400000, 0x000000008b500000, 0x000000008b500000|100%|HS|  |TAMS 0x000000008b400000, 0x000000008b400000| Complete 
| 181|0x000000008b500000, 0x000000008b600000, 0x000000008b600000|100%|HS|  |TAMS 0x000000008b500000, 0x000000008b500000| Complete 
| 182|0x000000008b600000, 0x000000008b700000, 0x000000008b700000|100%|HC|  |TAMS 0x000000008b600000, 0x000000008b600000| Complete 
| 183|0x000000008b700000, 0x000000008b800000, 0x000000008b800000|100%| O|  |TAMS 0x000000008b700000, 0x000000008b700000| Untracked 
| 184|0x000000008b800000, 0x000000008b900000, 0x000000008b900000|100%| O|  |TAMS 0x000000008b800000, 0x000000008b800000| Untracked 
| 185|0x000000008b900000, 0x000000008ba00000, 0x000000008ba00000|100%| O|  |TAMS 0x000000008b900000, 0x000000008b900000| Untracked 
| 186|0x000000008ba00000, 0x000000008bb00000, 0x000000008bb00000|100%| O|  |TAMS 0x000000008ba00000, 0x000000008ba00000| Untracked 
| 187|0x000000008bb00000, 0x000000008bc00000, 0x000000008bc00000|100%| O|  |TAMS 0x000000008bb00000, 0x000000008bb00000| Untracked 
| 188|0x000000008bc00000, 0x000000008bd00000, 0x000000008bd00000|100%| O|  |TAMS 0x000000008bc00000, 0x000000008bc00000| Untracked 
| 189|0x000000008bd00000, 0x000000008bd00000, 0x000000008be00000|  0%| F|  |TAMS 0x000000008bd00000, 0x000000008bd00000| Untracked 
| 190|0x000000008be00000, 0x000000008be00000, 0x000000008bf00000|  0%| F|  |TAMS 0x000000008be00000, 0x000000008be00000| Untracked 
| 191|0x000000008bf00000, 0x000000008c000000, 0x000000008c000000|100%| O|  |TAMS 0x000000008bf00000, 0x000000008bf00000| Untracked 
| 192|0x000000008c000000, 0x000000008c04aa00, 0x000000008c100000| 29%| O|  |TAMS 0x000000008c000000, 0x000000008c000000| Untracked 
| 193|0x000000008c100000, 0x000000008c100000, 0x000000008c200000|  0%| F|  |TAMS 0x000000008c100000, 0x000000008c100000| Untracked 
| 194|0x000000008c200000, 0x000000008c200000, 0x000000008c300000|  0%| F|  |TAMS 0x000000008c200000, 0x000000008c200000| Untracked 
| 195|0x000000008c300000, 0x000000008c300000, 0x000000008c400000|  0%| F|  |TAMS 0x000000008c300000, 0x000000008c300000| Untracked 
| 196|0x000000008c400000, 0x000000008c400000, 0x000000008c500000|  0%| F|  |TAMS 0x000000008c400000, 0x000000008c400000| Untracked 
| 197|0x000000008c500000, 0x000000008c600000, 0x000000008c600000|100%| O|  |TAMS 0x000000008c500000, 0x000000008c500000| Untracked 
| 198|0x000000008c600000, 0x000000008c700000, 0x000000008c700000|100%| O|  |TAMS 0x000000008c600000, 0x000000008c600000| Untracked 
| 199|0x000000008c700000, 0x000000008c800000, 0x000000008c800000|100%| O|  |TAMS 0x000000008c700000, 0x000000008c700000| Untracked 
| 200|0x000000008c800000, 0x000000008c900000, 0x000000008c900000|100%| O|  |TAMS 0x000000008c800000, 0x000000008c800000| Untracked 
| 201|0x000000008c900000, 0x000000008ca00000, 0x000000008ca00000|100%| O|  |TAMS 0x000000008c900000, 0x000000008c900000| Untracked 
| 202|0x000000008ca00000, 0x000000008cb00000, 0x000000008cb00000|100%| O|  |TAMS 0x000000008ca00000, 0x000000008ca00000| Untracked 
| 203|0x000000008cb00000, 0x000000008cc00000, 0x000000008cc00000|100%| O|  |TAMS 0x000000008cb00000, 0x000000008cb00000| Untracked 
| 204|0x000000008cc00000, 0x000000008cd00000, 0x000000008cd00000|100%| O|  |TAMS 0x000000008cc00000, 0x000000008cc00000| Untracked 
| 205|0x000000008cd00000, 0x000000008ce00000, 0x000000008ce00000|100%| O|  |TAMS 0x000000008cd00000, 0x000000008cd00000| Untracked 
| 206|0x000000008ce00000, 0x000000008cf00000, 0x000000008cf00000|100%| O|  |TAMS 0x000000008ce00000, 0x000000008ce00000| Untracked 
| 207|0x000000008cf00000, 0x000000008d000000, 0x000000008d000000|100%| O|  |TAMS 0x000000008cf00000, 0x000000008cf00000| Untracked 
| 208|0x000000008d000000, 0x000000008d100000, 0x000000008d100000|100%| O|  |TAMS 0x000000008d000000, 0x000000008d000000| Untracked 
| 209|0x000000008d100000, 0x000000008d200000, 0x000000008d200000|100%| O|  |TAMS 0x000000008d100000, 0x000000008d100000| Untracked 
| 210|0x000000008d200000, 0x000000008d300000, 0x000000008d300000|100%| O|  |TAMS 0x000000008d200000, 0x000000008d200000| Untracked 
| 211|0x000000008d300000, 0x000000008d400000, 0x000000008d400000|100%| O|  |TAMS 0x000000008d300000, 0x000000008d300000| Untracked 
| 212|0x000000008d400000, 0x000000008d400000, 0x000000008d500000|  0%| F|  |TAMS 0x000000008d400000, 0x000000008d400000| Untracked 
| 213|0x000000008d500000, 0x000000008d500000, 0x000000008d600000|  0%| F|  |TAMS 0x000000008d500000, 0x000000008d500000| Untracked 
| 214|0x000000008d600000, 0x000000008d600000, 0x000000008d700000|  0%| F|  |TAMS 0x000000008d600000, 0x000000008d600000| Untracked 
| 215|0x000000008d700000, 0x000000008d700000, 0x000000008d800000|  0%| F|  |TAMS 0x000000008d700000, 0x000000008d700000| Untracked 
| 216|0x000000008d800000, 0x000000008d800000, 0x000000008d900000|  0%| F|  |TAMS 0x000000008d800000, 0x000000008d800000| Untracked 
| 217|0x000000008d900000, 0x000000008d900000, 0x000000008da00000|  0%| F|  |TAMS 0x000000008d900000, 0x000000008d900000| Untracked 
| 218|0x000000008da00000, 0x000000008da00000, 0x000000008db00000|  0%| F|  |TAMS 0x000000008da00000, 0x000000008da00000| Untracked 
| 219|0x000000008db00000, 0x000000008db00000, 0x000000008dc00000|  0%| F|  |TAMS 0x000000008db00000, 0x000000008db00000| Untracked 
| 220|0x000000008dc00000, 0x000000008dc00000, 0x000000008dd00000|  0%| F|  |TAMS 0x000000008dc00000, 0x000000008dc00000| Untracked 
| 221|0x000000008dd00000, 0x000000008dd00000, 0x000000008de00000|  0%| F|  |TAMS 0x000000008dd00000, 0x000000008dd00000| Untracked 
| 222|0x000000008de00000, 0x000000008de00000, 0x000000008df00000|  0%| F|  |TAMS 0x000000008de00000, 0x000000008de00000| Untracked 
| 223|0x000000008df00000, 0x000000008df00000, 0x000000008e000000|  0%| F|  |TAMS 0x000000008df00000, 0x000000008df00000| Untracked 
| 224|0x000000008e000000, 0x000000008e000000, 0x000000008e100000|  0%| F|  |TAMS 0x000000008e000000, 0x000000008e000000| Untracked 
| 225|0x000000008e100000, 0x000000008e100000, 0x000000008e200000|  0%| F|  |TAMS 0x000000008e100000, 0x000000008e100000| Untracked 
| 226|0x000000008e200000, 0x000000008e200000, 0x000000008e300000|  0%| F|  |TAMS 0x000000008e200000, 0x000000008e200000| Untracked 
| 227|0x000000008e300000, 0x000000008e300000, 0x000000008e400000|  0%| F|  |TAMS 0x000000008e300000, 0x000000008e300000| Untracked 
| 228|0x000000008e400000, 0x000000008e400000, 0x000000008e500000|  0%| F|  |TAMS 0x000000008e400000, 0x000000008e400000| Untracked 
| 229|0x000000008e500000, 0x000000008e500000, 0x000000008e600000|  0%| F|  |TAMS 0x000000008e500000, 0x000000008e500000| Untracked 
| 230|0x000000008e600000, 0x000000008e600000, 0x000000008e700000|  0%| F|  |TAMS 0x000000008e600000, 0x000000008e600000| Untracked 
| 231|0x000000008e700000, 0x000000008e700000, 0x000000008e800000|  0%| F|  |TAMS 0x000000008e700000, 0x000000008e700000| Untracked 
| 232|0x000000008e800000, 0x000000008e800000, 0x000000008e900000|  0%| F|  |TAMS 0x000000008e800000, 0x000000008e800000| Untracked 
| 233|0x000000008e900000, 0x000000008e900000, 0x000000008ea00000|  0%| F|  |TAMS 0x000000008e900000, 0x000000008e900000| Untracked 
| 234|0x000000008ea00000, 0x000000008ea00000, 0x000000008eb00000|  0%| F|  |TAMS 0x000000008ea00000, 0x000000008ea00000| Untracked 
| 235|0x000000008eb00000, 0x000000008eb00000, 0x000000008ec00000|  0%| F|  |TAMS 0x000000008eb00000, 0x000000008eb00000| Untracked 
| 236|0x000000008ec00000, 0x000000008ec00000, 0x000000008ed00000|  0%| F|  |TAMS 0x000000008ec00000, 0x000000008ec00000| Untracked 
| 237|0x000000008ed00000, 0x000000008ed00000, 0x000000008ee00000|  0%| F|  |TAMS 0x000000008ed00000, 0x000000008ed00000| Untracked 
| 238|0x000000008ee00000, 0x000000008ee00000, 0x000000008ef00000|  0%| F|  |TAMS 0x000000008ee00000, 0x000000008ee00000| Untracked 
| 239|0x000000008ef00000, 0x000000008ef00000, 0x000000008f000000|  0%| F|  |TAMS 0x000000008ef00000, 0x000000008ef00000| Untracked 
| 240|0x000000008f000000, 0x000000008f000000, 0x000000008f100000|  0%| F|  |TAMS 0x000000008f000000, 0x000000008f000000| Untracked 
| 241|0x000000008f100000, 0x000000008f100000, 0x000000008f200000|  0%| F|  |TAMS 0x000000008f100000, 0x000000008f100000| Untracked 
| 242|0x000000008f200000, 0x000000008f200000, 0x000000008f300000|  0%| F|  |TAMS 0x000000008f200000, 0x000000008f200000| Untracked 
| 243|0x000000008f300000, 0x000000008f300000, 0x000000008f400000|  0%| F|  |TAMS 0x000000008f300000, 0x000000008f300000| Untracked 
| 244|0x000000008f400000, 0x000000008f400000, 0x000000008f500000|  0%| F|  |TAMS 0x000000008f400000, 0x000000008f400000| Untracked 
| 245|0x000000008f500000, 0x000000008f500000, 0x000000008f600000|  0%| F|  |TAMS 0x000000008f500000, 0x000000008f500000| Untracked 
| 246|0x000000008f600000, 0x000000008f600000, 0x000000008f700000|  0%| F|  |TAMS 0x000000008f600000, 0x000000008f600000| Untracked 
| 247|0x000000008f700000, 0x000000008f700000, 0x000000008f800000|  0%| F|  |TAMS 0x000000008f700000, 0x000000008f700000| Untracked 
| 248|0x000000008f800000, 0x000000008f800000, 0x000000008f900000|  0%| F|  |TAMS 0x000000008f800000, 0x000000008f800000| Untracked 
| 249|0x000000008f900000, 0x000000008f900000, 0x000000008fa00000|  0%| F|  |TAMS 0x000000008f900000, 0x000000008f900000| Untracked 
| 250|0x000000008fa00000, 0x000000008fa00000, 0x000000008fb00000|  0%| F|  |TAMS 0x000000008fa00000, 0x000000008fa00000| Untracked 
| 251|0x000000008fb00000, 0x000000008fb00000, 0x000000008fc00000|  0%| F|  |TAMS 0x000000008fb00000, 0x000000008fb00000| Untracked 
| 252|0x000000008fc00000, 0x000000008fc00000, 0x000000008fd00000|  0%| F|  |TAMS 0x000000008fc00000, 0x000000008fc00000| Untracked 
| 253|0x000000008fd00000, 0x000000008fd00000, 0x000000008fe00000|  0%| F|  |TAMS 0x000000008fd00000, 0x000000008fd00000| Untracked 
| 254|0x000000008fe00000, 0x000000008fe00000, 0x000000008ff00000|  0%| F|  |TAMS 0x000000008fe00000, 0x000000008fe00000| Untracked 
| 255|0x000000008ff00000, 0x000000008ff00000, 0x0000000090000000|  0%| F|  |TAMS 0x000000008ff00000, 0x000000008ff00000| Untracked 
| 256|0x0000000090000000, 0x0000000090000000, 0x0000000090100000|  0%| F|  |TAMS 0x0000000090000000, 0x0000000090000000| Untracked 
| 257|0x0000000090100000, 0x0000000090100000, 0x0000000090200000|  0%| F|  |TAMS 0x0000000090100000, 0x0000000090100000| Untracked 
| 258|0x0000000090200000, 0x0000000090200000, 0x0000000090300000|  0%| F|  |TAMS 0x0000000090200000, 0x0000000090200000| Untracked 
| 259|0x0000000090300000, 0x0000000090300000, 0x0000000090400000|  0%| F|  |TAMS 0x0000000090300000, 0x0000000090300000| Untracked 
| 260|0x0000000090400000, 0x0000000090400000, 0x0000000090500000|  0%| F|  |TAMS 0x0000000090400000, 0x0000000090400000| Untracked 
| 261|0x0000000090500000, 0x0000000090500000, 0x0000000090600000|  0%| F|  |TAMS 0x0000000090500000, 0x0000000090500000| Untracked 
| 262|0x0000000090600000, 0x0000000090600000, 0x0000000090700000|  0%| F|  |TAMS 0x0000000090600000, 0x0000000090600000| Untracked 
| 263|0x0000000090700000, 0x0000000090700000, 0x0000000090800000|  0%| F|  |TAMS 0x0000000090700000, 0x0000000090700000| Untracked 
| 264|0x0000000090800000, 0x0000000090800000, 0x0000000090900000|  0%| F|  |TAMS 0x0000000090800000, 0x0000000090800000| Untracked 
| 265|0x0000000090900000, 0x0000000090900000, 0x0000000090a00000|  0%| F|  |TAMS 0x0000000090900000, 0x0000000090900000| Untracked 
| 266|0x0000000090a00000, 0x0000000090a00000, 0x0000000090b00000|  0%| F|  |TAMS 0x0000000090a00000, 0x0000000090a00000| Untracked 
| 267|0x0000000090b00000, 0x0000000090b81e80, 0x0000000090c00000| 50%| S|CS|TAMS 0x0000000090b00000, 0x0000000090b00000| Complete 
| 268|0x0000000090c00000, 0x0000000090d00000, 0x0000000090d00000|100%| S|CS|TAMS 0x0000000090c00000, 0x0000000090c00000| Complete 
| 269|0x0000000090d00000, 0x0000000090e00000, 0x0000000090e00000|100%| S|CS|TAMS 0x0000000090d00000, 0x0000000090d00000| Complete 
| 270|0x0000000090e00000, 0x0000000090f00000, 0x0000000090f00000|100%| S|CS|TAMS 0x0000000090e00000, 0x0000000090e00000| Complete 
| 271|0x0000000090f00000, 0x0000000091000000, 0x0000000091000000|100%| S|CS|TAMS 0x0000000090f00000, 0x0000000090f00000| Complete 
| 272|0x0000000091000000, 0x0000000091000000, 0x0000000091100000|  0%| F|  |TAMS 0x0000000091000000, 0x0000000091000000| Untracked 
| 273|0x0000000091100000, 0x0000000091100000, 0x0000000091200000|  0%| F|  |TAMS 0x0000000091100000, 0x0000000091100000| Untracked 
| 274|0x0000000091200000, 0x0000000091200000, 0x0000000091300000|  0%| F|  |TAMS 0x0000000091200000, 0x0000000091200000| Untracked 
| 275|0x0000000091300000, 0x0000000091400000, 0x0000000091400000|100%| S|CS|TAMS 0x0000000091300000, 0x0000000091300000| Complete 
| 276|0x0000000091400000, 0x0000000091500000, 0x0000000091500000|100%| S|CS|TAMS 0x0000000091400000, 0x0000000091400000| Complete 
| 277|0x0000000091500000, 0x0000000091600000, 0x0000000091600000|100%| S|CS|TAMS 0x0000000091500000, 0x0000000091500000| Complete 
| 278|0x0000000091600000, 0x0000000091600000, 0x0000000091700000|  0%| F|  |TAMS 0x0000000091600000, 0x0000000091600000| Untracked 
| 279|0x0000000091700000, 0x0000000091700000, 0x0000000091800000|  0%| F|  |TAMS 0x0000000091700000, 0x0000000091700000| Untracked 
| 280|0x0000000091800000, 0x0000000091800000, 0x0000000091900000|  0%| F|  |TAMS 0x0000000091800000, 0x0000000091800000| Untracked 
| 281|0x0000000091900000, 0x0000000091900000, 0x0000000091a00000|  0%| F|  |TAMS 0x0000000091900000, 0x0000000091900000| Untracked 
| 282|0x0000000091a00000, 0x0000000091a00000, 0x0000000091b00000|  0%| F|  |TAMS 0x0000000091a00000, 0x0000000091a00000| Untracked 
| 283|0x0000000091b00000, 0x0000000091b00000, 0x0000000091c00000|  0%| F|  |TAMS 0x0000000091b00000, 0x0000000091b00000| Untracked 
| 284|0x0000000091c00000, 0x0000000091c00000, 0x0000000091d00000|  0%| F|  |TAMS 0x0000000091c00000, 0x0000000091c00000| Untracked 
| 285|0x0000000091d00000, 0x0000000091d00000, 0x0000000091e00000|  0%| F|  |TAMS 0x0000000091d00000, 0x0000000091d00000| Untracked 
| 286|0x0000000091e00000, 0x0000000091e00000, 0x0000000091f00000|  0%| F|  |TAMS 0x0000000091e00000, 0x0000000091e00000| Untracked 
| 287|0x0000000091f00000, 0x0000000091f00000, 0x0000000092000000|  0%| F|  |TAMS 0x0000000091f00000, 0x0000000091f00000| Untracked 
| 288|0x0000000092000000, 0x0000000092000000, 0x0000000092100000|  0%| F|  |TAMS 0x0000000092000000, 0x0000000092000000| Untracked 
| 289|0x0000000092100000, 0x0000000092100000, 0x0000000092200000|  0%| F|  |TAMS 0x0000000092100000, 0x0000000092100000| Untracked 
| 290|0x0000000092200000, 0x0000000092200000, 0x0000000092300000|  0%| F|  |TAMS 0x0000000092200000, 0x0000000092200000| Untracked 
| 291|0x0000000092300000, 0x0000000092300000, 0x0000000092400000|  0%| F|  |TAMS 0x0000000092300000, 0x0000000092300000| Untracked 
| 292|0x0000000092400000, 0x0000000092400000, 0x0000000092500000|  0%| F|  |TAMS 0x0000000092400000, 0x0000000092400000| Untracked 
| 293|0x0000000092500000, 0x0000000092500000, 0x0000000092600000|  0%| F|  |TAMS 0x0000000092500000, 0x0000000092500000| Untracked 
| 294|0x0000000092600000, 0x0000000092600000, 0x0000000092700000|  0%| F|  |TAMS 0x0000000092600000, 0x0000000092600000| Untracked 
| 295|0x0000000092700000, 0x0000000092700000, 0x0000000092800000|  0%| F|  |TAMS 0x0000000092700000, 0x0000000092700000| Untracked 
| 296|0x0000000092800000, 0x0000000092800000, 0x0000000092900000|  0%| F|  |TAMS 0x0000000092800000, 0x0000000092800000| Untracked 
| 297|0x0000000092900000, 0x0000000092900000, 0x0000000092a00000|  0%| F|  |TAMS 0x0000000092900000, 0x0000000092900000| Untracked 
| 298|0x0000000092a00000, 0x0000000092a00000, 0x0000000092b00000|  0%| F|  |TAMS 0x0000000092a00000, 0x0000000092a00000| Untracked 
| 299|0x0000000092b00000, 0x0000000092b00000, 0x0000000092c00000|  0%| F|  |TAMS 0x0000000092b00000, 0x0000000092b00000| Untracked 
| 300|0x0000000092c00000, 0x0000000092c00000, 0x0000000092d00000|  0%| F|  |TAMS 0x0000000092c00000, 0x0000000092c00000| Untracked 
| 301|0x0000000092d00000, 0x0000000092d00000, 0x0000000092e00000|  0%| F|  |TAMS 0x0000000092d00000, 0x0000000092d00000| Untracked 
| 302|0x0000000092e00000, 0x0000000092e00000, 0x0000000092f00000|  0%| F|  |TAMS 0x0000000092e00000, 0x0000000092e00000| Untracked 
| 303|0x0000000092f00000, 0x0000000092f00000, 0x0000000093000000|  0%| F|  |TAMS 0x0000000092f00000, 0x0000000092f00000| Untracked 
| 304|0x0000000093000000, 0x0000000093000000, 0x0000000093100000|  0%| F|  |TAMS 0x0000000093000000, 0x0000000093000000| Untracked 
| 305|0x0000000093100000, 0x0000000093100000, 0x0000000093200000|  0%| F|  |TAMS 0x0000000093100000, 0x0000000093100000| Untracked 
| 306|0x0000000093200000, 0x0000000093200000, 0x0000000093300000|  0%| F|  |TAMS 0x0000000093200000, 0x0000000093200000| Untracked 
| 307|0x0000000093300000, 0x0000000093300000, 0x0000000093400000|  0%| F|  |TAMS 0x0000000093300000, 0x0000000093300000| Untracked 
| 308|0x0000000093400000, 0x0000000093400000, 0x0000000093500000|  0%| F|  |TAMS 0x0000000093400000, 0x0000000093400000| Untracked 
| 309|0x0000000093500000, 0x0000000093500000, 0x0000000093600000|  0%| F|  |TAMS 0x0000000093500000, 0x0000000093500000| Untracked 
| 310|0x0000000093600000, 0x0000000093600000, 0x0000000093700000|  0%| F|  |TAMS 0x0000000093600000, 0x0000000093600000| Untracked 
| 311|0x0000000093700000, 0x0000000093700000, 0x0000000093800000|  0%| F|  |TAMS 0x0000000093700000, 0x0000000093700000| Untracked 
| 312|0x0000000093800000, 0x0000000093800000, 0x0000000093900000|  0%| F|  |TAMS 0x0000000093800000, 0x0000000093800000| Untracked 
| 313|0x0000000093900000, 0x0000000093900000, 0x0000000093a00000|  0%| F|  |TAMS 0x0000000093900000, 0x0000000093900000| Untracked 
| 314|0x0000000093a00000, 0x0000000093a00000, 0x0000000093b00000|  0%| F|  |TAMS 0x0000000093a00000, 0x0000000093a00000| Untracked 
| 315|0x0000000093b00000, 0x0000000093b00000, 0x0000000093c00000|  0%| F|  |TAMS 0x0000000093b00000, 0x0000000093b00000| Untracked 
| 316|0x0000000093c00000, 0x0000000093c00000, 0x0000000093d00000|  0%| F|  |TAMS 0x0000000093c00000, 0x0000000093c00000| Untracked 
| 317|0x0000000093d00000, 0x0000000093d00000, 0x0000000093e00000|  0%| F|  |TAMS 0x0000000093d00000, 0x0000000093d00000| Untracked 
| 318|0x0000000093e00000, 0x0000000093e00000, 0x0000000093f00000|  0%| F|  |TAMS 0x0000000093e00000, 0x0000000093e00000| Untracked 
| 319|0x0000000093f00000, 0x0000000093f00000, 0x0000000094000000|  0%| F|  |TAMS 0x0000000093f00000, 0x0000000093f00000| Untracked 
| 320|0x0000000094000000, 0x0000000094000000, 0x0000000094100000|  0%| F|  |TAMS 0x0000000094000000, 0x0000000094000000| Untracked 
| 321|0x0000000094100000, 0x0000000094100000, 0x0000000094200000|  0%| F|  |TAMS 0x0000000094100000, 0x0000000094100000| Untracked 
| 322|0x0000000094200000, 0x0000000094200000, 0x0000000094300000|  0%| F|  |TAMS 0x0000000094200000, 0x0000000094200000| Untracked 
| 323|0x0000000094300000, 0x0000000094300000, 0x0000000094400000|  0%| F|  |TAMS 0x0000000094300000, 0x0000000094300000| Untracked 
| 324|0x0000000094400000, 0x0000000094400000, 0x0000000094500000|  0%| F|  |TAMS 0x0000000094400000, 0x0000000094400000| Untracked 
| 325|0x0000000094500000, 0x0000000094500000, 0x0000000094600000|  0%| F|  |TAMS 0x0000000094500000, 0x0000000094500000| Untracked 
| 326|0x0000000094600000, 0x0000000094600000, 0x0000000094700000|  0%| F|  |TAMS 0x0000000094600000, 0x0000000094600000| Untracked 
| 327|0x0000000094700000, 0x0000000094700000, 0x0000000094800000|  0%| F|  |TAMS 0x0000000094700000, 0x0000000094700000| Untracked 
| 328|0x0000000094800000, 0x0000000094800000, 0x0000000094900000|  0%| F|  |TAMS 0x0000000094800000, 0x0000000094800000| Untracked 
| 329|0x0000000094900000, 0x0000000094900000, 0x0000000094a00000|  0%| F|  |TAMS 0x0000000094900000, 0x0000000094900000| Untracked 
| 330|0x0000000094a00000, 0x0000000094a00000, 0x0000000094b00000|  0%| F|  |TAMS 0x0000000094a00000, 0x0000000094a00000| Untracked 
| 331|0x0000000094b00000, 0x0000000094b00000, 0x0000000094c00000|  0%| F|  |TAMS 0x0000000094b00000, 0x0000000094b00000| Untracked 
| 332|0x0000000094c00000, 0x0000000094c00000, 0x0000000094d00000|  0%| F|  |TAMS 0x0000000094c00000, 0x0000000094c00000| Untracked 
| 333|0x0000000094d00000, 0x0000000094d00000, 0x0000000094e00000|  0%| F|  |TAMS 0x0000000094d00000, 0x0000000094d00000| Untracked 
| 334|0x0000000094e00000, 0x0000000094e00000, 0x0000000094f00000|  0%| F|  |TAMS 0x0000000094e00000, 0x0000000094e00000| Untracked 
| 335|0x0000000094f00000, 0x0000000094f00000, 0x0000000095000000|  0%| F|  |TAMS 0x0000000094f00000, 0x0000000094f00000| Untracked 
| 336|0x0000000095000000, 0x0000000095000000, 0x0000000095100000|  0%| F|  |TAMS 0x0000000095000000, 0x0000000095000000| Untracked 
| 337|0x0000000095100000, 0x0000000095100000, 0x0000000095200000|  0%| F|  |TAMS 0x0000000095100000, 0x0000000095100000| Untracked 
| 338|0x0000000095200000, 0x0000000095200000, 0x0000000095300000|  0%| F|  |TAMS 0x0000000095200000, 0x0000000095200000| Untracked 
| 339|0x0000000095300000, 0x0000000095300000, 0x0000000095400000|  0%| F|  |TAMS 0x0000000095300000, 0x0000000095300000| Untracked 
| 340|0x0000000095400000, 0x0000000095400000, 0x0000000095500000|  0%| F|  |TAMS 0x0000000095400000, 0x0000000095400000| Untracked 
| 341|0x0000000095500000, 0x0000000095500000, 0x0000000095600000|  0%| F|  |TAMS 0x0000000095500000, 0x0000000095500000| Untracked 
| 342|0x0000000095600000, 0x0000000095655820, 0x0000000095700000| 33%| E|  |TAMS 0x0000000095600000, 0x0000000095600000| Complete 
| 343|0x0000000095700000, 0x0000000095800000, 0x0000000095800000|100%| E|CS|TAMS 0x0000000095700000, 0x0000000095700000| Complete 
| 344|0x0000000095800000, 0x0000000095900000, 0x0000000095900000|100%| E|CS|TAMS 0x0000000095800000, 0x0000000095800000| Complete 
| 345|0x0000000095900000, 0x0000000095a00000, 0x0000000095a00000|100%| E|CS|TAMS 0x0000000095900000, 0x0000000095900000| Complete 
| 346|0x0000000095a00000, 0x0000000095b00000, 0x0000000095b00000|100%| E|CS|TAMS 0x0000000095a00000, 0x0000000095a00000| Complete 
| 347|0x0000000095b00000, 0x0000000095c00000, 0x0000000095c00000|100%| E|CS|TAMS 0x0000000095b00000, 0x0000000095b00000| Complete 
| 348|0x0000000095c00000, 0x0000000095d00000, 0x0000000095d00000|100%| E|CS|TAMS 0x0000000095c00000, 0x0000000095c00000| Complete 
| 349|0x0000000095d00000, 0x0000000095e00000, 0x0000000095e00000|100%| E|CS|TAMS 0x0000000095d00000, 0x0000000095d00000| Complete 
| 350|0x0000000095e00000, 0x0000000095f00000, 0x0000000095f00000|100%| E|CS|TAMS 0x0000000095e00000, 0x0000000095e00000| Complete 
| 351|0x0000000095f00000, 0x0000000096000000, 0x0000000096000000|100%| E|CS|TAMS 0x0000000095f00000, 0x0000000095f00000| Complete 
| 352|0x0000000096000000, 0x0000000096100000, 0x0000000096100000|100%| E|CS|TAMS 0x0000000096000000, 0x0000000096000000| Complete 
| 353|0x0000000096100000, 0x0000000096200000, 0x0000000096200000|100%| E|CS|TAMS 0x0000000096100000, 0x0000000096100000| Complete 
| 354|0x0000000096200000, 0x0000000096300000, 0x0000000096300000|100%| E|CS|TAMS 0x0000000096200000, 0x0000000096200000| Complete 
| 355|0x0000000096300000, 0x0000000096400000, 0x0000000096400000|100%| E|CS|TAMS 0x0000000096300000, 0x0000000096300000| Complete 
| 356|0x0000000096400000, 0x0000000096500000, 0x0000000096500000|100%| E|CS|TAMS 0x0000000096400000, 0x0000000096400000| Complete 
| 357|0x0000000096500000, 0x0000000096600000, 0x0000000096600000|100%| E|CS|TAMS 0x0000000096500000, 0x0000000096500000| Complete 
| 358|0x0000000096600000, 0x0000000096700000, 0x0000000096700000|100%| E|CS|TAMS 0x0000000096600000, 0x0000000096600000| Complete 

Card table byte_map: [0x0000023014870000,0x0000023014c70000] _byte_map_base: 0x0000023014470000

Marking Bits (Prev, Next): (CMBitMap*) 0x000002307f2be3c8, (CMBitMap*) 0x000002307f2be400
 Prev Bits: [0x0000023015070000, 0x0000023017070000)
 Next Bits: [0x0000023017070000, 0x0000023019070000)

Polling page: 0x0000023001410000

Metaspace:

Usage:
  Non-class:     98.73 MB capacity,    96.93 MB ( 98%) used,     1.45 MB (  1%) free+waste,   358.75 KB ( <1%) overhead. 
      Class:     15.10 MB capacity,    14.06 MB ( 93%) used,   914.13 KB (  6%) free+waste,   156.88 KB (  1%) overhead. 
       Both:    113.83 MB capacity,   110.98 MB ( 97%) used,     2.35 MB (  2%) free+waste,   515.63 KB ( <1%) overhead. 

Virtual space:
  Non-class space:      100.00 MB reserved,      98.75 MB ( 99%) committed 
      Class space:        1.00 GB reserved,      15.20 MB (  1%) committed 
             Both:        1.10 GB reserved,     113.95 MB ( 10%) committed 

Chunk freelists:
   Non-Class:  0 bytes
       Class:  0 bytes
        Both:  0 bytes

MaxMetaspaceSize: 17179869184.00 GB
CompressedClassSpaceSize: 1.00 GB

CodeHeap 'non-profiled nmethods': size=120064Kb used=9955Kb max_used=10734Kb free=110108Kb
 bounds [0x000002300c900000, 0x000002300d380000, 0x0000023013e40000]
CodeHeap 'profiled nmethods': size=120000Kb used=37658Kb max_used=39779Kb free=82341Kb
 bounds [0x00000230053d0000, 0x0000023007ab0000, 0x000002300c900000]
CodeHeap 'non-nmethods': size=5696Kb used=2350Kb max_used=2395Kb free=3345Kb
 bounds [0x0000023004e40000, 0x00000230050b0000, 0x00000230053d0000]
 total_blobs=18346 nmethods=17369 adapters=888
 compilation: enabled
              stopped_count=0, restarted_count=0
 full_count=0

Compilation events (20 events):
Event: 128.891 Thread 0x000002301b6e8800 18614       3       java.lang.invoke.ClassSpecializer$Factory::typeLoadOp (90 bytes)
Event: 128.892 Thread 0x000002301b6e8800 nmethod 18614 0x0000023005409e10 code [0x000002300540a080, 0x000002300540aa78]
Event: 128.895 Thread 0x000002301b6e8800 18617       3       jdk.internal.org.objectweb.asm.AnnotationWriter::<init> (34 bytes)
Event: 128.895 Thread 0x000002301b6e8800 nmethod 18617 0x00000230053e5e10 code [0x00000230053e5fe0, 0x00000230053e62e8]
Event: 128.895 Thread 0x000002301b6e8800 18618       3       jdk.internal.org.objectweb.asm.AnnotationVisitor::<init> (7 bytes)
Event: 128.896 Thread 0x000002301b6e8800 nmethod 18618 0x00000230053ec290 code [0x00000230053ec460, 0x00000230053ec788]
Event: 128.896 Thread 0x000002301b6e8800 18619       3       java.lang.invoke.MethodType::genericMethodType (95 bytes)
Event: 128.897 Thread 0x000002301b6e8800 nmethod 18619 0x000002300540f590 code [0x000002300540f840, 0x0000023005410598]
Event: 128.960 Thread 0x000002301b6e8800 18629       3       java.io.ObjectInputStream$HandleTable::markDependency (175 bytes)
Event: 128.961 Thread 0x000002301b6e8800 nmethod 18629 0x000002300540e410 code [0x000002300540e680, 0x000002300540f1d8]
Event: 128.995 Thread 0x000002301b6e8800 18630       3       java.security.MessageDigest::update (11 bytes)
Event: 128.995 Thread 0x000002301b6e8800 nmethod 18630 0x00000230053dee90 code [0x00000230053df040, 0x00000230053df208]
Event: 128.995 Thread 0x000002301b6e8800 18631       3       java.security.MessageDigest$Delegate::engineUpdate (9 bytes)
Event: 128.995 Thread 0x000002301b6e8800 nmethod 18631 0x00000230053e5410 code [0x00000230053e55c0, 0x00000230053e5788]
Event: 128.997 Thread 0x000002301b6e8800 18632       3       java.lang.reflect.ProxyGenerator$ProxyMethod::codeWrapArgument (171 bytes)
Event: 128.999 Thread 0x000002301b6e8800 nmethod 18632 0x0000023005411a10 code [0x0000023005411e20, 0x0000023005413878]
Event: 129.000 Thread 0x000002301b6e8800 18633       3       java.lang.invoke.LambdaFormEditor::addArgumentForm (121 bytes)
Event: 129.001 Thread 0x000002301b6e8800 nmethod 18633 0x000002300540d810 code [0x000002300540da60, 0x000002300540e098]
Event: 129.037 Thread 0x000002301b6e8800 18636       3       jdk.internal.reflect.ReflectionFactory::superHasAccessibleConstructor (165 bytes)
Event: 129.038 Thread 0x000002301b6e8800 nmethod 18636 0x0000023005416a90 code [0x0000023005416d40, 0x0000023005417678]

GC Heap History (20 events):
Event: 65.487 GC heap before
{Heap before GC invocations=57 (full 0):
 garbage-first heap   total 247808K, used 181760K [0x0000000080000000, 0x0000000100000000)
  region size 1024K, 44 young (45056K), 2 survivors (2048K)
 Metaspace       used 102407K, capacity 104787K, committed 105036K, reserved 1140736K
  class space    used 13004K, capacity 13842K, committed 13900K, reserved 1048576K
}
Event: 65.583 GC heap after
{Heap after GC invocations=58 (full 0):
 garbage-first heap   total 247808K, used 161535K [0x0000000080000000, 0x0000000100000000)
  region size 1024K, 6 young (6144K), 6 survivors (6144K)
 Metaspace       used 102407K, capacity 104787K, committed 105036K, reserved 1140736K
  class space    used 13004K, capacity 13842K, committed 13900K, reserved 1048576K
}
Event: 66.878 GC heap before
{Heap before GC invocations=59 (full 0):
 garbage-first heap   total 247808K, used 191231K [0x0000000080000000, 0x0000000100000000)
  region size 1024K, 36 young (36864K), 6 survivors (6144K)
 Metaspace       used 104523K, capacity 106916K, committed 107212K, reserved 1142784K
  class space    used 13305K, capacity 14161K, committed 14284K, reserved 1048576K
}
Event: 66.915 GC heap after
{Heap after GC invocations=60 (full 0):
 garbage-first heap   total 247808K, used 169536K [0x0000000080000000, 0x0000000100000000)
  region size 1024K, 5 young (5120K), 5 survivors (5120K)
 Metaspace       used 104523K, capacity 106916K, committed 107212K, reserved 1142784K
  class space    used 13305K, capacity 14161K, committed 14284K, reserved 1048576K
}
Event: 67.102 GC heap before
{Heap before GC invocations=60 (full 0):
 garbage-first heap   total 247808K, used 176704K [0x0000000080000000, 0x0000000100000000)
  region size 1024K, 12 young (12288K), 5 survivors (5120K)
 Metaspace       used 104765K, capacity 107301K, committed 107468K, reserved 1142784K
  class space    used 13357K, capacity 14248K, committed 14284K, reserved 1048576K
}
Event: 67.138 GC heap after
{Heap after GC invocations=61 (full 0):
 garbage-first heap   total 367616K, used 169984K [0x0000000080000000, 0x0000000100000000)
  region size 1024K, 1 young (1024K), 1 survivors (1024K)
 Metaspace       used 104765K, capacity 107301K, committed 107468K, reserved 1142784K
  class space    used 13357K, capacity 14248K, committed 14284K, reserved 1048576K
}
Event: 68.890 GC heap before
{Heap before GC invocations=61 (full 0):
 garbage-first heap   total 367616K, used 244736K [0x0000000080000000, 0x0000000100000000)
  region size 1024K, 68 young (69632K), 1 survivors (1024K)
 Metaspace       used 105309K, capacity 107862K, committed 108108K, reserved 1142784K
  class space    used 13417K, capacity 14320K, committed 14412K, reserved 1048576K
}
Event: 68.922 GC heap after
{Heap after GC invocations=62 (full 0):
 garbage-first heap   total 367616K, used 181504K [0x0000000080000000, 0x0000000100000000)
  region size 1024K, 7 young (7168K), 7 survivors (7168K)
 Metaspace       used 105309K, capacity 107862K, committed 108108K, reserved 1142784K
  class space    used 13417K, capacity 14320K, committed 14412K, reserved 1048576K
}
Event: 70.435 GC heap before
{Heap before GC invocations=62 (full 0):
 garbage-first heap   total 367616K, used 265472K [0x0000000080000000, 0x0000000100000000)
  region size 1024K, 78 young (79872K), 7 survivors (7168K)
 Metaspace       used 105871K, capacity 108427K, committed 108620K, reserved 1142784K
  class space    used 13478K, capacity 14395K, committed 14412K, reserved 1048576K
}
Event: 70.493 GC heap after
{Heap after GC invocations=63 (full 0):
 garbage-first heap   total 367616K, used 202179K [0x0000000080000000, 0x0000000100000000)
  region size 1024K, 10 young (10240K), 10 survivors (10240K)
 Metaspace       used 105871K, capacity 108427K, committed 108620K, reserved 1142784K
  class space    used 13478K, capacity 14395K, committed 14412K, reserved 1048576K
}
Event: 71.320 GC heap before
{Heap before GC invocations=63 (full 0):
 garbage-first heap   total 367616K, used 283075K [0x0000000080000000, 0x0000000100000000)
  region size 1024K, 81 young (82944K), 10 survivors (10240K)
 Metaspace       used 106601K, capacity 109215K, committed 109516K, reserved 1144832K
  class space    used 13545K, capacity 14465K, committed 14540K, reserved 1048576K
}
Event: 71.339 GC heap after
{Heap after GC invocations=64 (full 0):
 garbage-first heap   total 367616K, used 218823K [0x0000000080000000, 0x0000000100000000)
  region size 1024K, 8 young (8192K), 8 survivors (8192K)
 Metaspace       used 106601K, capacity 109215K, committed 109516K, reserved 1144832K
  class space    used 13545K, capacity 14465K, committed 14540K, reserved 1048576K
}
Event: 72.189 GC heap before
{Heap before GC invocations=64 (full 0):
 garbage-first heap   total 367616K, used 284359K [0x0000000080000000, 0x0000000100000000)
  region size 1024K, 73 young (74752K), 8 survivors (8192K)
 Metaspace       used 108699K, capacity 111348K, committed 111564K, reserved 1146880K
  class space    used 13790K, capacity 14759K, committed 14796K, reserved 1048576K
}
Event: 72.204 GC heap after
{Heap after GC invocations=65 (full 0):
 garbage-first heap   total 367616K, used 211048K [0x0000000080000000, 0x0000000100000000)
  region size 1024K, 3 young (3072K), 3 survivors (3072K)
 Metaspace       used 108699K, capacity 111348K, committed 111564K, reserved 1146880K
  class space    used 13790K, capacity 14759K, committed 14796K, reserved 1048576K
}
Event: 73.075 GC heap before
{Heap before GC invocations=65 (full 0):
 garbage-first heap   total 367616K, used 290920K [0x0000000080000000, 0x0000000100000000)
  region size 1024K, 79 young (80896K), 3 survivors (3072K)
 Metaspace       used 109631K, capacity 112293K, committed 112460K, reserved 1146880K
  class space    used 13903K, capacity 14878K, committed 14924K, reserved 1048576K
}
Event: 73.084 GC heap after
{Heap after GC invocations=66 (full 0):
 garbage-first heap   total 367616K, used 215095K [0x0000000080000000, 0x0000000100000000)
  region size 1024K, 5 young (5120K), 5 survivors (5120K)
 Metaspace       used 109631K, capacity 112293K, committed 112460K, reserved 1146880K
  class space    used 13903K, capacity 14878K, committed 14924K, reserved 1048576K
}
Event: 73.453 GC heap before
{Heap before GC invocations=66 (full 0):
 garbage-first heap   total 367616K, used 292919K [0x0000000080000000, 0x0000000100000000)
  region size 1024K, 81 young (82944K), 5 survivors (5120K)
 Metaspace       used 109631K, capacity 112293K, committed 112460K, reserved 1146880K
  class space    used 13903K, capacity 14878K, committed 14924K, reserved 1048576K
}
Event: 73.469 GC heap after
{Heap after GC invocations=67 (full 0):
 garbage-first heap   total 367616K, used 216515K [0x0000000080000000, 0x0000000100000000)
  region size 1024K, 6 young (6144K), 6 survivors (6144K)
 Metaspace       used 109631K, capacity 112293K, committed 112460K, reserved 1146880K
  class space    used 13903K, capacity 14878K, committed 14924K, reserved 1048576K
}
Event: 125.790 GC heap before
{Heap before GC invocations=67 (full 0):
 garbage-first heap   total 367616K, used 295363K [0x0000000080000000, 0x0000000100000000)
  region size 1024K, 84 young (86016K), 6 survivors (6144K)
 Metaspace       used 112376K, capacity 115186K, committed 115404K, reserved 1148928K
  class space    used 14208K, capacity 15222K, committed 15308K, reserved 1048576K
}
Event: 125.827 GC heap after
{Heap after GC invocations=68 (full 0):
 garbage-first heap   total 367616K, used 217906K [0x0000000080000000, 0x0000000100000000)
  region size 1024K, 8 young (8192K), 8 survivors (8192K)
 Metaspace       used 112376K, capacity 115186K, committed 115404K, reserved 1148928K
  class space    used 14208K, capacity 15222K, committed 15308K, reserved 1048576K
}

Deoptimization events (20 events):
Event: 128.989 Thread 0x000002301e23e000 Uncommon trap: trap_request=0xffffff4d fr.pc=0x000002300cfa0138 relative=0x0000000000000558
Event: 128.989 Thread 0x000002301e23e000 Uncommon trap: reason=unstable_if action=reinterpret pc=0x000002300cfa0138 method=java.lang.String.valueOf(Ljava/lang/Object;)Ljava/lang/String; @ 1 c2
Event: 128.989 Thread 0x000002301e23e000 DEOPT PACKING pc=0x000002300cfa0138 sp=0x000000878e4f6b10
Event: 128.990 Thread 0x000002301e23e000 DEOPT UNPACKING pc=0x0000023004e678af sp=0x000000878e4f6a98 mode 2
Event: 129.010 Thread 0x000002301e23e000 Uncommon trap: trap_request=0xffffffc6 fr.pc=0x000002300d2a8fc0 relative=0x0000000000000620
Event: 129.019 Thread 0x000002301e23e000 Uncommon trap: reason=bimorphic_or_optimized_type_check action=maybe_recompile pc=0x000002300d2a8fc0 method=java.io.BufferedOutputStream.flushBuffer()V @ 20 c2
Event: 129.019 Thread 0x000002301e23e000 DEOPT PACKING pc=0x000002300d2a8fc0 sp=0x000000878e4f61a0
Event: 129.019 Thread 0x000002301e23e000 DEOPT UNPACKING pc=0x0000023004e678af sp=0x000000878e4f60d8 mode 2
Event: 129.019 Thread 0x000002301e23e000 Uncommon trap: trap_request=0xffffffc6 fr.pc=0x000002300d2a8fc0 relative=0x0000000000000620
Event: 129.019 Thread 0x000002301e23e000 Uncommon trap: reason=bimorphic_or_optimized_type_check action=maybe_recompile pc=0x000002300d2a8fc0 method=java.io.BufferedOutputStream.flushBuffer()V @ 20 c2
Event: 129.019 Thread 0x000002301e23e000 DEOPT PACKING pc=0x000002300d2a8fc0 sp=0x000000878e4f61a0
Event: 129.019 Thread 0x000002301e23e000 DEOPT UNPACKING pc=0x0000023004e678af sp=0x000000878e4f60d8 mode 2
Event: 129.019 Thread 0x000002301e23e000 Uncommon trap: trap_request=0xffffffc6 fr.pc=0x000002300d2a8fc0 relative=0x0000000000000620
Event: 129.019 Thread 0x000002301e23e000 Uncommon trap: reason=bimorphic_or_optimized_type_check action=maybe_recompile pc=0x000002300d2a8fc0 method=java.io.BufferedOutputStream.flushBuffer()V @ 20 c2
Event: 129.019 Thread 0x000002301e23e000 DEOPT PACKING pc=0x000002300d2a8fc0 sp=0x000000878e4f6070
Event: 129.019 Thread 0x000002301e23e000 DEOPT UNPACKING pc=0x0000023004e678af sp=0x000000878e4f5fa8 mode 2
Event: 129.019 Thread 0x000002301e23e000 Uncommon trap: trap_request=0xffffffc6 fr.pc=0x000002300d2a8fc0 relative=0x0000000000000620
Event: 129.019 Thread 0x000002301e23e000 Uncommon trap: reason=bimorphic_or_optimized_type_check action=maybe_recompile pc=0x000002300d2a8fc0 method=java.io.BufferedOutputStream.flushBuffer()V @ 20 c2
Event: 129.019 Thread 0x000002301e23e000 DEOPT PACKING pc=0x000002300d2a8fc0 sp=0x000000878e4f6070
Event: 129.019 Thread 0x000002301e23e000 DEOPT UNPACKING pc=0x0000023004e678af sp=0x000000878e4f5fa8 mode 2

Classes redefined (0 events):
No events

Internal exceptions (20 events):
Event: 124.850 Thread 0x000002301e23e000 Exception <a 'sun/nio/fs/WindowsException'{0x0000000092743978}> (0x0000000092743978) thrown at [./src/hotspot/share/prims/jni.cpp, line 615]
Event: 124.850 Thread 0x000002301e23e000 Exception <a 'sun/nio/fs/WindowsException'{0x0000000092744aa8}> (0x0000000092744aa8) thrown at [./src/hotspot/share/prims/jni.cpp, line 615]
Event: 124.851 Thread 0x000002301e23e000 Exception <a 'sun/nio/fs/WindowsException'{0x0000000092745e60}> (0x0000000092745e60) thrown at [./src/hotspot/share/prims/jni.cpp, line 615]
Event: 128.834 Thread 0x000002301e23e000 Exception <a 'java/lang/NoSuchMethodError'{0x0000000095c41ab8}: <clinit>> (0x0000000095c41ab8) thrown at [./src/hotspot/share/prims/jni.cpp, line 1362]
Event: 128.836 Thread 0x000002301e23e000 Exception <a 'java/lang/NoSuchMethodError'{0x0000000095c59a98}: <clinit>> (0x0000000095c59a98) thrown at [./src/hotspot/share/prims/jni.cpp, line 1362]
Event: 128.862 Thread 0x000002301e23e000 Exception <a 'java/lang/NoSuchMethodError'{0x0000000095b0a2c0}: 'java.lang.Object java.lang.invoke.DirectMethodHandle$Holder.invokeSpecial(java.lang.Object, java.lang.Object, int, int, java.lang.Object, int, java.lang.Object, java.lang.Object)'> (0x0000000095b0a2c0) thrown at [./src/hotspot/share/interpreter/linkResolver.cpp, line 773]
Event: 128.863 Thread 0x000002301e23e000 Exception <a 'java/lang/NoSuchMethodError'{0x0000000095b0ee40}: 'java.lang.Object java.lang.invoke.DelegatingMethodHandle$Holder.reinvoke_L(java.lang.Object, int, int, java.lang.Object, int, java.lang.Object, java.lang.Object)'> (0x0000000095b0ee40) thrown at [./src/hotspot/share/interpreter/linkResolver.cpp, line 773]
Event: 128.866 Thread 0x000002301e23e000 Exception <a 'java/lang/NoSuchMethodError'{0x0000000095b3a6a0}: 'java.lang.Object java.lang.invoke.DirectMethodHandle$Holder.invokeStatic(java.lang.Object, java.lang.Object, java.lang.Object, java.lang.Object, java.lang.Object, java.lang.Object, java.lang.Object, java.lang.Object, int)'> (0x0000000095b3a6a0) thrown at [./src/hotspot/share/interpreter/linkResolver.cpp, line 773]
Event: 128.887 Thread 0x000002301e23e000 Exception <a 'java/lang/NoSuchMethodError'{0x0000000095b620e0}: 'java.lang.Object java.lang.invoke.DirectMethodHandle$Holder.invokeStatic(java.lang.Object, java.lang.Object, java.lang.Object, java.lang.Object, java.lang.Object, java.lang.Object, java.lang.Object, java.lang.Object, int, int)'> (0x0000000095b620e0) thrown at [./src/hotspot/share/interpreter/linkResolver.cpp, line 773]
Event: 128.890 Thread 0x000002301e23e000 Exception <a 'java/lang/NoSuchMethodError'{0x0000000095b7ea78}: 'java.lang.Object java.lang.invoke.DirectMethodHandle$Holder.invokeStatic(java.lang.Object, java.lang.Object, java.lang.Object, java.lang.Object, java.lang.Object, java.lang.Object, java.lang.Object, java.lang.Object, int, int, java.lang.Object)'> (0x0000000095b7ea78) thrown at [./src/hotspot/share/interpreter/linkResolver.cpp, line 773]
Event: 128.894 Thread 0x000002301e23e000 Exception <a 'java/lang/NoSuchMethodError'{0x0000000095b9c7e8}: 'java.lang.Object java.lang.invoke.DirectMethodHandle$Holder.invokeStatic(java.lang.Object, java.lang.Object, java.lang.Object, java.lang.Object, java.lang.Object, java.lang.Object, java.lang.Object, java.lang.Object, int, int, java.lang.Object, java.lang.Object)'> (0x0000000095b9c7e8) thrown at [./src/hotspot/share/interpreter/linkResolver.cpp, line 773]
Event: 128.906 Thread 0x000002301e23e000 Exception <a 'java/lang/NoSuchMethodError'{0x0000000095bcfd30}: <clinit>> (0x0000000095bcfd30) thrown at [./src/hotspot/share/prims/jni.cpp, line 1362]
Event: 128.913 Thread 0x000002301e23e000 Exception <a 'java/lang/NoSuchMethodError'{0x0000000095a14880}: <clinit>> (0x0000000095a14880) thrown at [./src/hotspot/share/prims/jni.cpp, line 1362]
Event: 128.935 Thread 0x000002301e888000 Exception <a 'java/lang/InterruptedException'{0x0000000095a528a8}> (0x0000000095a528a8) thrown at [./src/hotspot/share/runtime/objectMonitor.cpp, line 1635]
Event: 128.936 Thread 0x000002301e888000 Exception <a 'java/lang/NoSuchMethodError'{0x0000000095a5a6b8}: 'java.lang.Object java.lang.invoke.DirectMethodHandle$Holder.invokeStatic(java.lang.Object, java.lang.Object, int, java.lang.Object, long)'> (0x0000000095a5a6b8) thrown at [./src/hotspot/share/interpreter/linkResolver.cpp, line 773]
Event: 128.957 Thread 0x000002301e23e000 Exception <a 'java/lang/NoSuchMethodError'{0x0000000095a793a8}: <clinit>> (0x0000000095a793a8) thrown at [./src/hotspot/share/prims/jni.cpp, line 1362]
Event: 128.958 Thread 0x000002301e23e000 Exception <a 'java/lang/NoSuchMethodError'{0x0000000095a91158}: <clinit>> (0x0000000095a91158) thrown at [./src/hotspot/share/prims/jni.cpp, line 1362]
Event: 128.960 Thread 0x000002301e23e000 Exception <a 'java/lang/NoSuchMethodError'{0x0000000095aa8520}: <clinit>> (0x0000000095aa8520) thrown at [./src/hotspot/share/prims/jni.cpp, line 1362]
Event: 128.970 Thread 0x000002301e23e000 Exception <a 'java/lang/NoSuchMethodError'{0x0000000095ad4908}: <clinit>> (0x0000000095ad4908) thrown at [./src/hotspot/share/prims/jni.cpp, line 1362]
Event: 129.020 Thread 0x000002301e23e000 Exception <a 'java/lang/NoSuchMethodError'{0x00000000958776a0}: <clinit>> (0x00000000958776a0) thrown at [./src/hotspot/share/prims/jni.cpp, line 1362]

Events (20 events):
Event: 129.000 Thread 0x000002301e884000 Thread added: 0x000002301e884000
Event: 129.002 loading class sun/rmi/transport/ObjectTable$Reaper
Event: 129.002 loading class sun/rmi/transport/ObjectTable$Reaper done
Event: 129.002 Thread 0x000002301e887800 Thread added: 0x000002301e887800
Event: 129.002 loading class sun/rmi/server/UnicastServerRef$HashToMethod_Maps$1
Event: 129.002 loading class sun/rmi/server/UnicastServerRef$HashToMethod_Maps$1 done
Event: 129.002 loading class org/jetbrains/kotlin/compilerRunner/GradleCompilationResults
Event: 129.002 loading class org/jetbrains/kotlin/compilerRunner/GradleCompilationResults done
Event: 129.003 loading class org/jetbrains/kotlin/compilerRunner/GradleCompilationResults_Stub
Event: 129.003 loading class org/jetbrains/kotlin/compilerRunner/GradleCompilationResults_Stub done
Event: 129.009 loading class sun/rmi/server/LoaderHandler$Loader
Event: 129.009 loading class sun/rmi/server/LoaderHandler$Loader done
Event: 129.010 Executing VM operation: RevokeBias
Event: 129.019 Executing VM operation: RevokeBias done
Event: 129.029 loading class java/rmi/server/ServerNotActiveException
Event: 129.029 loading class java/rmi/server/ServerNotActiveException done
Event: 129.040 loading class sun/rmi/transport/DGCAckHandler
Event: 129.040 loading class sun/rmi/transport/DGCAckHandler done
Event: 129.046 loading class sun/rmi/transport/DGCAckHandler$1
Event: 129.046 loading class sun/rmi/transport/DGCAckHandler$1 done


Dynamic libraries:
0x00007ff671730000 - 0x00007ff67173a000 	C:\Program Files\Android\Android Studio\jre\bin\java.exe
0x00007ffee1af0000 - 0x00007ffee1ce5000 	C:\Windows\SYSTEM32\ntdll.dll
0x00007ffee19f0000 - 0x00007ffee1aae000 	C:\Windows\System32\KERNEL32.DLL
0x00007ffedf240000 - 0x00007ffedf508000 	C:\Windows\System32\KERNELBASE.dll
0x00007ffedf940000 - 0x00007ffedfa40000 	C:\Windows\System32\ucrtbase.dll
0x00007ffebf3d0000 - 0x00007ffebf3e9000 	C:\Program Files\Android\Android Studio\jre\bin\jli.dll
0x00007ffee0550000 - 0x00007ffee06f1000 	C:\Windows\System32\USER32.dll
0x00007ffebe3d0000 - 0x00007ffebe3e7000 	C:\Program Files\Android\Android Studio\jre\bin\VCRUNTIME140.dll
0x00007ffedf210000 - 0x00007ffedf232000 	C:\Windows\System32\win32u.dll
0x00007ffee0150000 - 0x00007ffee017b000 	C:\Windows\System32\GDI32.dll
0x00007ffedf510000 - 0x00007ffedf61b000 	C:\Windows\System32\gdi32full.dll
0x00007ffedfa40000 - 0x00007ffedfadd000 	C:\Windows\System32\msvcp_win.dll
0x00007ffecc650000 - 0x00007ffecc8ea000 	C:\Windows\WinSxS\amd64_microsoft.windows.common-controls_6595b64144ccf1df_6.0.19041.1110_none_60b5254171f9507e\COMCTL32.dll
0x00007ffee0180000 - 0x00007ffee021e000 	C:\Windows\System32\msvcrt.dll
0x00007ffee0fa0000 - 0x00007ffee0fd0000 	C:\Windows\System32\IMM32.DLL
0x00007ffe9d260000 - 0x00007ffe9d2fd000 	C:\Program Files\Android\Android Studio\jre\bin\msvcp140.dll
0x00007ffea12e0000 - 0x00007ffea1daf000 	C:\Program Files\Android\Android Studio\jre\bin\server\jvm.dll
0x00007ffee08e0000 - 0x00007ffee098c000 	C:\Windows\System32\ADVAPI32.dll
0x00007ffee0840000 - 0x00007ffee08db000 	C:\Windows\System32\sechost.dll
0x00007ffee0e10000 - 0x00007ffee0f3a000 	C:\Windows\System32\RPCRT4.dll
0x00007ffedffe0000 - 0x00007ffedffe8000 	C:\Windows\System32\PSAPI.DLL
0x00007ffec9ae0000 - 0x00007ffec9ae9000 	C:\Windows\SYSTEM32\WSOCK32.dll
0x00007ffee04c0000 - 0x00007ffee052b000 	C:\Windows\System32\WS2_32.dll
0x00007ffebd950000 - 0x00007ffebd977000 	C:\Windows\SYSTEM32\WINMM.dll
0x00007ffed75c0000 - 0x00007ffed75ca000 	C:\Windows\SYSTEM32\VERSION.dll
0x00007ffeddae0000 - 0x00007ffeddaf2000 	C:\Windows\SYSTEM32\kernel.appcore.dll
0x00007ffed7900000 - 0x00007ffed7911000 	C:\Program Files\Android\Android Studio\jre\bin\verify.dll
0x00007ffedd000000 - 0x00007ffedd1e4000 	C:\Windows\SYSTEM32\DBGHELP.DLL
0x00007ffec3dd0000 - 0x00007ffec3dfc000 	C:\Windows\SYSTEM32\dbgcore.DLL
0x00007ffedf830000 - 0x00007ffedf8b3000 	C:\Windows\System32\bcryptPrimitives.dll
0x00007ffeb9f00000 - 0x00007ffeb9f29000 	C:\Program Files\Android\Android Studio\jre\bin\java.dll
0x00007ffedc320000 - 0x00007ffedc32b000 	C:\Program Files\Android\Android Studio\jre\bin\jimage.dll
0x00007ffed69d0000 - 0x00007ffed69e8000 	C:\Program Files\Android\Android Studio\jre\bin\zip.dll
0x00007ffee0fd0000 - 0x00007ffee170f000 	C:\Windows\System32\SHELL32.dll
0x00007ffedd1f0000 - 0x00007ffedd980000 	C:\Windows\SYSTEM32\windows.storage.dll
0x00007ffee0ab0000 - 0x00007ffee0e05000 	C:\Windows\System32\combase.dll
0x00007ffedec60000 - 0x00007ffedec8e000 	C:\Windows\SYSTEM32\Wldp.dll
0x00007ffee0700000 - 0x00007ffee07ad000 	C:\Windows\System32\SHCORE.dll
0x00007ffee0460000 - 0x00007ffee04b5000 	C:\Windows\System32\shlwapi.dll
0x00007ffedf150000 - 0x00007ffedf16f000 	C:\Windows\SYSTEM32\profapi.dll
0x00007ffecfa50000 - 0x00007ffecfa6a000 	C:\Program Files\Android\Android Studio\jre\bin\net.dll
0x00007ffecf290000 - 0x00007ffecf39c000 	C:\Windows\SYSTEM32\WINHTTP.dll
0x00007ffede9c0000 - 0x00007ffedea2a000 	C:\Windows\system32\mswsock.dll
0x00007ffecf3a0000 - 0x00007ffecf3b4000 	C:\Program Files\Android\Android Studio\jre\bin\nio.dll
0x00007ffeb5540000 - 0x00007ffeb5567000 	C:\Users\usuario\.gradle\native\8bec1ad78214c89d9ad589b4d07fe93259594b29d510b10fafb7a158f7737e5d\windows-amd64\native-platform.dll
0x00007ffea00d0000 - 0x00007ffea020d000 	C:\Users\usuario\.gradle\native\53dbd7edfb1c66fb8903c78663c9afc45aea4f116125fa6feffd364cf09443e8\windows-amd64\native-platform-file-events.dll
0x00007ffedc300000 - 0x00007ffedc30a000 	C:\Program Files\Android\Android Studio\jre\bin\management.dll
0x00007ffed8960000 - 0x00007ffed896c000 	C:\Program Files\Android\Android Studio\jre\bin\management_ext.dll
0x00007ffedebb0000 - 0x00007ffedebc8000 	C:\Windows\SYSTEM32\CRYPTSP.dll
0x00007ffede2d0000 - 0x00007ffede304000 	C:\Windows\system32\rsaenh.dll
0x00007ffedf910000 - 0x00007ffedf937000 	C:\Windows\System32\bcrypt.dll
0x00007ffedf0d0000 - 0x00007ffedf0fe000 	C:\Windows\SYSTEM32\USERENV.dll
0x00007ffedebd0000 - 0x00007ffedebdc000 	C:\Windows\SYSTEM32\CRYPTBASE.dll
0x00007ffede660000 - 0x00007ffede69b000 	C:\Windows\SYSTEM32\IPHLPAPI.DLL
0x00007ffedffd0000 - 0x00007ffedffd8000 	C:\Windows\System32\NSI.dll
0x00007ffed4f10000 - 0x00007ffed4f27000 	C:\Windows\SYSTEM32\dhcpcsvc6.DLL
0x00007ffed46f0000 - 0x00007ffed470d000 	C:\Windows\SYSTEM32\dhcpcsvc.DLL
0x00007ffede6b0000 - 0x00007ffede77b000 	C:\Windows\SYSTEM32\DNSAPI.dll
0x00007ffebd980000 - 0x00007ffebd99e000 	C:\Users\usuario\AppData\Local\Temp\native-platform2318195039892372225dir\native-platform.dll
0x00007ffed67f0000 - 0x00007ffed67f8000 	C:\Program Files\Android\Android Studio\jre\bin\rmi.dll

dbghelp: loaded successfully - version: 4.0.5 - missing functions: none
symbol engine: initialized successfully - sym options: 0x614 - pdb path: .;C:\Program Files\Android\Android Studio\jre\bin;C:\Windows\SYSTEM32;C:\Windows\WinSxS\amd64_microsoft.windows.common-controls_6595b64144ccf1df_6.0.19041.1110_none_60b5254171f9507e;C:\Program Files\Android\Android Studio\jre\bin\server;C:\Users\usuario\.gradle\native\8bec1ad78214c89d9ad589b4d07fe93259594b29d510b10fafb7a158f7737e5d\windows-amd64;C:\Users\usuario\.gradle\native\53dbd7edfb1c66fb8903c78663c9afc45aea4f116125fa6feffd364cf09443e8\windows-amd64;C:\Users\usuario\AppData\Local\Temp\native-platform2318195039892372225dir

VM Arguments:
jvm_args: --add-opens=java.base/java.util=ALL-UNNAMED --add-opens=java.base/java.lang=ALL-UNNAMED --add-opens=java.base/java.lang.invoke=ALL-UNNAMED --add-opens=java.base/java.util=ALL-UNNAMED --add-opens=java.prefs/java.util.prefs=ALL-UNNAMED --add-opens=java.prefs/java.util.prefs=ALL-UNNAMED --add-opens=java.base/java.nio.charset=ALL-UNNAMED --add-opens=java.base/java.net=ALL-UNNAMED --add-opens=java.base/java.util.concurrent.atomic=ALL-UNNAMED -Xmx2048m -Dfile.encoding=UTF-8 -Duser.country=BR -Duser.language=pt -Duser.variant 
java_command: org.gradle.launcher.daemon.bootstrap.GradleDaemon 7.0.2
java_class_path (initial): C:\Users\usuario\.gradle\wrapper\dists\gradle-7.0.2-bin\857tjihv64xamwrf0h14cai3r\gradle-7.0.2\lib\gradle-launcher-7.0.2.jar
Launcher Type: SUN_STANDARD

[Global flags]
     intx CICompilerCount                          = 3                                         {product} {ergonomic}
     uint ConcGCThreads                            = 1                                         {product} {ergonomic}
     uint G1ConcRefinementThreads                  = 4                                         {product} {ergonomic}
   size_t G1HeapRegionSize                         = 1048576                                   {product} {ergonomic}
    uintx GCDrainStackTargetSize                   = 64                                        {product} {ergonomic}
   size_t InitialHeapSize                          = 134217728                                 {product} {ergonomic}
   size_t MarkStackSize                            = 4194304                                   {product} {ergonomic}
   size_t MaxHeapSize                              = 2147483648                                {product} {command line}
   size_t MaxNewSize                               = 1287651328                                {product} {ergonomic}
   size_t MinHeapDeltaBytes                        = 1048576                                   {product} {ergonomic}
    uintx NonNMethodCodeHeapSize                   = 5830732                                {pd product} {ergonomic}
    uintx NonProfiledCodeHeapSize                  = 122913754                              {pd product} {ergonomic}
    uintx ProfiledCodeHeapSize                     = 122913754                              {pd product} {ergonomic}
    uintx ReservedCodeCacheSize                    = 251658240                              {pd product} {ergonomic}
     bool SegmentedCodeCache                       = true                                      {product} {ergonomic}
     bool UseCompressedClassPointers               = true                                 {lp64_product} {ergonomic}
     bool UseCompressedOops                        = true                                 {lp64_product} {ergonomic}
     bool UseG1GC                                  = true                                      {product} {ergonomic}
     bool UseLargePagesIndividualAllocation        = false                                  {pd product} {ergonomic}

Logging:
Log output configuration:
 #0: stdout all=warning uptime,level,tags
 #1: stderr all=off uptime,level,tags

Environment Variables:
JAVA_HOME=C:\Program Files\Java\jdk-17.0.1
PATH=C:\Program Files\Common Files\Oracle\Java\javapath;C:\Windows\system32;C:\Windows;C:\Windows\System32\Wbem;C:\Windows\System32\WindowsPowerShell\v1.0\;C:\Windows\System32\OpenSSH\;C:\Program Files (x86)\Intel\Intel(R) Management Engine Components\DAL;C:\Program Files\Intel\Intel(R) Management Engine Components\DAL;C:\ProgramData\UNIVALI\Portugol Studio;C:\Program Files\Git\cmd;C:\Program Files\Java\jdk-17.0.1\bin;C:\Users\usuario\AppData\Local\Microsoft\WindowsApps;;C:\Program Files\JetBrains\IntelliJ IDEA Community Edition 2021.2.2\bin;
USERNAME=usuario
OS=Windows_NT
PROCESSOR_IDENTIFIER=Intel64 Family 6 Model 78 Stepping 3, GenuineIntel



---------------  S Y S T E M  ---------------

OS: Windows 10 , 64 bit Build 19041 (10.0.19041.1348)
OS uptime: 3 days 1:20 hours

CPU:total 4 (initial active 4) (2 cores per cpu, 2 threads per core) family 6 model 78 stepping 3 microcode 0xea, cmov, cx8, fxsr, mmx, sse, sse2, sse3, ssse3, sse4.1, sse4.2, popcnt, avx, avx2, aes, clmul, erms, 3dnowpref, lzcnt, ht, tsc, tscinvbit, bmi1, bmi2, adx, fma

Memory: 4k page, system-wide physical 8083M (331M free)
TotalPageFile size 12179M (AvailPageFile size 2M)
current process WorkingSet (physical memory assigned to process): 378M, peak: 574M
current process commit charge ("private bytes"): 691M, peak: 705M

vm_info: OpenJDK 64-Bit Server VM (11.0.10+0-b96-7249189) for windows-amd64 JRE (11.0.10+0-b96-7249189), built on Mar 31 2021 21:44:00 by "builder" with MS VC++ 14.0 (VS2015)

END.
